[INFO] 02-21 00:49:53 - Using device cuda:0.
[INFO] 02-21 00:49:53 - Loaded model from saved_models/LeNet_MNIST_Multi_3_easy_cp_200_th_1.0e-09/checkpoint_005.pt.
[INFO] 02-21 00:49:53 - Experiment tag: "LeNet_MNIST_Multi_3_easy_cp_200_th_1.0e-09".
[INFO] 02-21 00:49:53 - Number of trainable parameters: 61706.
[INFO] 02-21 00:49:53 - criterion=MultiTaskCriterion
[INFO] 02-21 00:49:53 -     weight=0.5000, criterion=CrossEntropyLoss()
[INFO] 02-21 00:49:53 -     weight=0.5000, criterion=MappedMNISTCEL([4, 1, 7, 5, 3, 9, 0, 8, 6, 2]).
[INFO] 02-21 00:49:53 - optimizer=SGD
[INFO] 02-21 00:49:53 -     dampening=0
[INFO] 02-21 00:49:53 -     foreach=None
[INFO] 02-21 00:49:53 -     lr=0.001
[INFO] 02-21 00:49:53 -     maximize=False
[INFO] 02-21 00:49:53 -     momentum=0.9
[INFO] 02-21 00:49:53 -     nesterov=False
[INFO] 02-21 00:49:53 -     weight_decay=0
[INFO] 02-21 00:49:53 - epochs=195.
[INFO] 02-21 00:49:53 - batch_size=8.
[INFO] 02-21 00:50:21 - Epoch 006/200, loss=1.935317, score=0.510349, time=27.93sec.
[INFO] 02-21 00:50:49 - Epoch 007/200, loss=1.931054, score=0.515394, time=27.75sec.
[INFO] 02-21 00:51:17 - Epoch 008/200, loss=1.927526, score=0.521302, time=28.03sec.
[INFO] 02-21 00:51:46 - Epoch 009/200, loss=1.924603, score=0.527523, time=28.75sec.
[INFO] 02-21 00:52:13 - Epoch 010/200, loss=1.922168, score=0.532568, time=26.75sec.
[INFO] 02-21 00:52:37 - eval_scores=[0.5485999584197998]
[INFO] 02-21 00:52:37 - Saved model to saved_models/LeNet_MNIST_Multi_3_easy_cp_200_th_1.0e-09/checkpoint_010.pt.
[INFO] 02-21 00:53:10 - Epoch 011/200, loss=1.920084, score=0.536285, time=32.49sec.
[INFO] 02-21 00:53:43 - Epoch 012/200, loss=1.918259, score=0.540733, time=32.98sec.
[INFO] 02-21 00:54:14 - Epoch 013/200, loss=1.916672, score=0.544318, time=30.59sec.
[INFO] 02-21 00:54:47 - Epoch 014/200, loss=1.915314, score=0.546044, time=32.05sec.
[INFO] 02-21 00:55:20 - Epoch 015/200, loss=1.914148, score=0.548301, time=32.61sec.
[INFO] 02-21 00:55:50 - eval_scores=[0.5526999831199646]
[INFO] 02-21 00:55:50 - Saved model to saved_models/LeNet_MNIST_Multi_3_easy_cp_200_th_1.0e-09/checkpoint_015.pt.
[INFO] 02-21 00:56:23 - Epoch 016/200, loss=1.913131, score=0.548732, time=31.99sec.
[INFO] 02-21 00:56:57 - Epoch 017/200, loss=1.912229, score=0.548765, time=32.58sec.
[INFO] 02-21 00:57:30 - Epoch 018/200, loss=1.911424, score=0.548699, time=32.23sec.
[INFO] 02-21 00:58:02 - Epoch 019/200, loss=1.910701, score=0.548002, time=31.18sec.
[INFO] 02-21 00:58:34 - Epoch 020/200, loss=1.910048, score=0.548135, time=31.16sec.
[INFO] 02-21 00:59:03 - eval_scores=[0.5446000099182129]
[INFO] 02-21 00:59:03 - Saved model to saved_models/LeNet_MNIST_Multi_3_easy_cp_200_th_1.0e-09/checkpoint_020.pt.
[INFO] 02-21 00:59:36 - Epoch 021/200, loss=1.909457, score=0.547404, time=32.18sec.
[INFO] 02-21 01:00:08 - Epoch 022/200, loss=1.908917, score=0.547703, time=30.56sec.
[INFO] 02-21 01:00:41 - Epoch 023/200, loss=1.908420, score=0.547803, time=32.07sec.
[INFO] 02-21 01:01:16 - Epoch 024/200, loss=1.907959, score=0.547969, time=33.54sec.
[INFO] 02-21 01:01:50 - Epoch 025/200, loss=1.907528, score=0.547836, time=32.82sec.
[INFO] 02-21 01:02:19 - eval_scores=[0.5393999814987183]
[INFO] 02-21 01:02:19 - Saved model to saved_models/LeNet_MNIST_Multi_3_easy_cp_200_th_1.0e-09/checkpoint_025.pt.
[INFO] 02-21 01:02:52 - Epoch 026/200, loss=1.907125, score=0.548068, time=31.68sec.
[INFO] 02-21 01:03:26 - Epoch 027/200, loss=1.906745, score=0.548301, time=32.29sec.
[INFO] 02-21 01:03:59 - Epoch 028/200, loss=1.906388, score=0.548267, time=31.72sec.
[INFO] 02-21 01:04:32 - Epoch 029/200, loss=1.906049, score=0.548168, time=31.96sec.
[INFO] 02-21 01:05:05 - Epoch 030/200, loss=1.905727, score=0.548334, time=31.31sec.
[INFO] 02-21 01:05:38 - eval_scores=[0.5338999629020691]
[INFO] 02-21 01:05:38 - Saved model to saved_models/LeNet_MNIST_Multi_3_easy_cp_200_th_1.0e-09/checkpoint_030.pt.
[INFO] 02-21 01:06:11 - Epoch 031/200, loss=1.905421, score=0.548267, time=31.36sec.
[INFO] 02-21 01:06:47 - Epoch 032/200, loss=1.905130, score=0.548201, time=34.16sec.
[INFO] 02-21 01:07:22 - Epoch 033/200, loss=1.904852, score=0.548666, time=33.05sec.
[INFO] 02-21 01:07:56 - Epoch 034/200, loss=1.904586, score=0.548433, time=33.00sec.
[INFO] 02-21 01:08:29 - Epoch 035/200, loss=1.904333, score=0.548533, time=30.81sec.
[INFO] 02-21 01:08:57 - eval_scores=[0.5351999998092651]
[INFO] 02-21 01:08:57 - Saved model to saved_models/LeNet_MNIST_Multi_3_easy_cp_200_th_1.0e-09/checkpoint_035.pt.
[INFO] 02-21 01:09:32 - Epoch 036/200, loss=1.904090, score=0.548566, time=32.12sec.
[INFO] 02-21 01:10:06 - Epoch 037/200, loss=1.903857, score=0.548433, time=31.91sec.
[INFO] 02-21 01:10:40 - Epoch 038/200, loss=1.903635, score=0.548533, time=32.23sec.
[INFO] 02-21 01:11:14 - Epoch 039/200, loss=1.903425, score=0.549197, time=31.08sec.
[INFO] 02-21 01:11:45 - Epoch 040/200, loss=1.903226, score=0.548832, time=28.94sec.
[INFO] 02-21 01:12:15 - eval_scores=[0.5376999974250793]
[INFO] 02-21 01:12:15 - Saved model to saved_models/LeNet_MNIST_Multi_3_easy_cp_200_th_1.0e-09/checkpoint_040.pt.
[INFO] 02-21 01:12:49 - Epoch 041/200, loss=1.903036, score=0.548334, time=32.10sec.
[INFO] 02-21 01:13:23 - Epoch 042/200, loss=1.902852, score=0.548467, time=31.26sec.
[INFO] 02-21 01:13:59 - Epoch 043/200, loss=1.902674, score=0.548666, time=33.18sec.
[INFO] 02-21 01:14:32 - Epoch 044/200, loss=1.902499, score=0.548898, time=30.84sec.
[INFO] 02-21 01:15:07 - Epoch 045/200, loss=1.902329, score=0.548566, time=31.79sec.
[INFO] 02-21 01:15:37 - eval_scores=[0.5389999747276306]
[INFO] 02-21 01:15:37 - Saved model to saved_models/LeNet_MNIST_Multi_3_easy_cp_200_th_1.0e-09/checkpoint_045.pt.
[INFO] 02-21 01:16:12 - Epoch 046/200, loss=1.902166, score=0.548467, time=32.54sec.
[INFO] 02-21 01:16:48 - Epoch 047/200, loss=1.902011, score=0.548467, time=32.85sec.
[INFO] 02-21 01:17:23 - Epoch 048/200, loss=1.901862, score=0.548002, time=31.76sec.
[INFO] 02-21 01:17:55 - Epoch 049/200, loss=1.901717, score=0.548201, time=29.98sec.
[INFO] 02-21 01:18:32 - Epoch 050/200, loss=1.901575, score=0.548135, time=33.04sec.
[INFO] 02-21 01:19:02 - eval_scores=[0.538599967956543]
[INFO] 02-21 01:19:02 - Saved model to saved_models/LeNet_MNIST_Multi_3_easy_cp_200_th_1.0e-09/checkpoint_050.pt.
[INFO] 02-21 01:19:37 - Epoch 051/200, loss=1.901435, score=0.548732, time=31.68sec.
[INFO] 02-21 01:20:12 - Epoch 052/200, loss=1.901299, score=0.548666, time=31.76sec.
[INFO] 02-21 01:20:46 - Epoch 053/200, loss=1.901164, score=0.548433, time=30.07sec.
[INFO] 02-21 01:21:23 - Epoch 054/200, loss=1.901030, score=0.548666, time=34.09sec.
[INFO] 02-21 01:21:59 - Epoch 055/200, loss=1.900897, score=0.548898, time=31.89sec.
[INFO] 02-21 01:22:27 - eval_scores=[0.5381999611854553]
[INFO] 02-21 01:22:27 - Saved model to saved_models/LeNet_MNIST_Multi_3_easy_cp_200_th_1.0e-09/checkpoint_055.pt.
[INFO] 02-21 01:23:03 - Epoch 056/200, loss=1.900768, score=0.549064, time=31.55sec.
[INFO] 02-21 01:23:38 - Epoch 057/200, loss=1.900644, score=0.549363, time=31.25sec.
[INFO] 02-21 01:24:12 - Epoch 058/200, loss=1.900525, score=0.549363, time=30.22sec.
[INFO] 02-21 01:24:47 - Epoch 059/200, loss=1.900412, score=0.549396, time=31.87sec.
[INFO] 02-21 01:25:22 - Epoch 060/200, loss=1.900304, score=0.549396, time=31.82sec.
[INFO] 02-21 01:25:50 - eval_scores=[0.538599967956543]
[INFO] 02-21 01:25:50 - Saved model to saved_models/LeNet_MNIST_Multi_3_easy_cp_200_th_1.0e-09/checkpoint_060.pt.
[INFO] 02-21 01:26:25 - Epoch 061/200, loss=1.900202, score=0.549728, time=31.52sec.
[INFO] 02-21 01:26:59 - Epoch 062/200, loss=1.900104, score=0.549562, time=30.16sec.
[INFO] 02-21 01:27:36 - Epoch 063/200, loss=1.900012, score=0.549661, time=32.74sec.
[INFO] 02-21 01:28:12 - Epoch 064/200, loss=1.899923, score=0.549462, time=31.30sec.
[INFO] 02-21 01:28:47 - Epoch 065/200, loss=1.899838, score=0.549529, time=31.12sec.
[INFO] 02-21 01:29:15 - eval_scores=[0.5406999588012695]
[INFO] 02-21 01:29:15 - Saved model to saved_models/LeNet_MNIST_Multi_3_easy_cp_200_th_1.0e-09/checkpoint_065.pt.
[INFO] 02-21 01:29:51 - Epoch 066/200, loss=1.899757, score=0.549296, time=32.29sec.
[INFO] 02-21 01:30:24 - Epoch 067/200, loss=1.899678, score=0.549529, time=28.50sec.
[INFO] 02-21 01:31:00 - Epoch 068/200, loss=1.899602, score=0.549529, time=32.14sec.
[INFO] 02-21 01:31:38 - Epoch 069/200, loss=1.899530, score=0.549728, time=33.50sec.
[INFO] 02-21 01:32:14 - Epoch 070/200, loss=1.899460, score=0.549728, time=31.41sec.
[INFO] 02-21 01:32:42 - eval_scores=[0.5425999760627747]
[INFO] 02-21 01:32:42 - Saved model to saved_models/LeNet_MNIST_Multi_3_easy_cp_200_th_1.0e-09/checkpoint_070.pt.
[INFO] 02-21 01:33:19 - Epoch 071/200, loss=1.899394, score=0.549993, time=32.30sec.
[INFO] 02-21 01:33:56 - Epoch 072/200, loss=1.899330, score=0.549628, time=32.43sec.
[INFO] 02-21 01:34:32 - Epoch 073/200, loss=1.899269, score=0.549827, time=30.83sec.
[INFO] 02-21 01:35:09 - Epoch 074/200, loss=1.899209, score=0.549827, time=32.43sec.
[INFO] 02-21 01:35:43 - Epoch 075/200, loss=1.899150, score=0.549894, time=29.69sec.
[INFO] 02-21 01:36:13 - eval_scores=[0.5435000061988831]
[INFO] 02-21 01:36:13 - Saved model to saved_models/LeNet_MNIST_Multi_3_easy_cp_200_th_1.0e-09/checkpoint_075.pt.
[INFO] 02-21 01:36:50 - Epoch 076/200, loss=1.899093, score=0.549894, time=31.84sec.
[INFO] 02-21 01:37:26 - Epoch 077/200, loss=1.899036, score=0.549827, time=30.84sec.
[INFO] 02-21 01:38:04 - Epoch 078/200, loss=1.898980, score=0.550226, time=32.67sec.
[INFO] 02-21 01:38:39 - Epoch 079/200, loss=1.898926, score=0.550624, time=30.65sec.
[INFO] 02-21 01:39:13 - Epoch 080/200, loss=1.898874, score=0.550624, time=28.65sec.
[INFO] 02-21 01:39:40 - eval_scores=[0.5435999631881714]
[INFO] 02-21 01:39:40 - Saved model to saved_models/LeNet_MNIST_Multi_3_easy_cp_200_th_1.0e-09/checkpoint_080.pt.
[INFO] 02-21 01:40:16 - Epoch 081/200, loss=1.898823, score=0.550724, time=31.07sec.
[INFO] 02-21 01:40:53 - Epoch 082/200, loss=1.898772, score=0.550856, time=31.47sec.
[INFO] 02-21 01:41:30 - Epoch 083/200, loss=1.898722, score=0.550956, time=31.26sec.
[INFO] 02-21 01:42:06 - Epoch 084/200, loss=1.898672, score=0.550690, time=30.72sec.
[INFO] 02-21 01:42:44 - Epoch 085/200, loss=1.898624, score=0.550757, time=32.79sec.
[INFO] 02-21 01:43:12 - eval_scores=[0.5450999736785889]
[INFO] 02-21 01:43:12 - Saved model to saved_models/LeNet_MNIST_Multi_3_easy_cp_200_th_1.0e-09/checkpoint_085.pt.
[INFO] 02-21 01:43:51 - Epoch 086/200, loss=1.898577, score=0.550724, time=33.31sec.
[INFO] 02-21 01:44:29 - Epoch 087/200, loss=1.898532, score=0.550624, time=31.10sec.
[INFO] 02-21 01:45:06 - Epoch 088/200, loss=1.898489, score=0.550392, time=31.70sec.
[INFO] 02-21 01:45:45 - Epoch 089/200, loss=1.898447, score=0.550757, time=33.06sec.
[INFO] 02-21 01:46:21 - Epoch 090/200, loss=1.898406, score=0.550591, time=31.73sec.
[INFO] 02-21 01:46:49 - eval_scores=[0.5485000014305115]
[INFO] 02-21 01:46:49 - Saved model to saved_models/LeNet_MNIST_Multi_3_easy_cp_200_th_1.0e-09/checkpoint_090.pt.
[INFO] 02-21 01:47:26 - Epoch 091/200, loss=1.898366, score=0.550823, time=31.18sec.
[INFO] 02-21 01:48:02 - Epoch 092/200, loss=1.898327, score=0.550591, time=30.17sec.
[INFO] 02-21 01:48:39 - Epoch 093/200, loss=1.898287, score=0.550558, time=31.71sec.
[INFO] 02-21 01:49:17 - Epoch 094/200, loss=1.898248, score=0.550524, time=31.29sec.
[INFO] 02-21 01:49:52 - Epoch 095/200, loss=1.898211, score=0.550823, time=28.27sec.
[INFO] 02-21 01:50:19 - eval_scores=[0.550599992275238]
[INFO] 02-21 01:50:19 - Saved model to saved_models/LeNet_MNIST_Multi_3_easy_cp_200_th_1.0e-09/checkpoint_095.pt.
[INFO] 02-21 01:50:58 - Epoch 096/200, loss=1.898175, score=0.550757, time=32.15sec.
[INFO] 02-21 01:51:34 - Epoch 097/200, loss=1.898139, score=0.550757, time=29.70sec.
[INFO] 02-21 01:52:10 - Epoch 098/200, loss=1.898104, score=0.550524, time=30.07sec.
[INFO] 02-21 01:52:48 - Epoch 099/200, loss=1.898071, score=0.550889, time=31.30sec.
[INFO] 02-21 01:53:24 - Epoch 100/200, loss=1.898039, score=0.551122, time=29.41sec.
[INFO] 02-21 01:53:50 - eval_scores=[0.5523999929428101]
[INFO] 02-21 01:53:50 - Saved model to saved_models/LeNet_MNIST_Multi_3_easy_cp_200_th_1.0e-09/checkpoint_100.pt.
[INFO] 02-21 01:54:30 - Epoch 101/200, loss=1.898007, score=0.550889, time=32.11sec.
[INFO] 02-21 01:55:07 - Epoch 102/200, loss=1.897977, score=0.551188, time=30.56sec.
[INFO] 02-21 01:55:43 - Epoch 103/200, loss=1.897948, score=0.551321, time=30.23sec.
[INFO] 02-21 01:56:21 - Epoch 104/200, loss=1.897919, score=0.551354, time=30.99sec.
[INFO] 02-21 01:56:58 - Epoch 105/200, loss=1.897891, score=0.551255, time=29.41sec.
[INFO] 02-21 01:57:26 - eval_scores=[0.551800012588501]
[INFO] 02-21 01:57:26 - Saved model to saved_models/LeNet_MNIST_Multi_3_easy_cp_200_th_1.0e-09/checkpoint_105.pt.
[INFO] 02-21 01:58:02 - Epoch 106/200, loss=1.897861, score=0.550724, time=30.67sec.
[INFO] 02-21 01:58:40 - Epoch 107/200, loss=1.897831, score=0.550624, time=30.08sec.
[INFO] 02-21 01:59:17 - Epoch 108/200, loss=1.897801, score=0.550325, time=29.84sec.
[INFO] 02-21 01:59:56 - Epoch 109/200, loss=1.897773, score=0.550558, time=30.94sec.
[INFO] 02-21 02:00:35 - Epoch 110/200, loss=1.897746, score=0.550392, time=31.60sec.
[INFO] 02-21 02:01:04 - eval_scores=[0.5504999756813049]
[INFO] 02-21 02:01:04 - Saved model to saved_models/LeNet_MNIST_Multi_3_easy_cp_200_th_1.0e-09/checkpoint_110.pt.
[INFO] 02-21 02:01:41 - Epoch 111/200, loss=1.897720, score=0.550657, time=29.26sec.
[INFO] 02-21 02:02:20 - Epoch 112/200, loss=1.897695, score=0.550358, time=31.84sec.
[INFO] 02-21 02:02:57 - Epoch 113/200, loss=1.897669, score=0.550425, time=30.42sec.
[INFO] 02-21 02:03:35 - Epoch 114/200, loss=1.897639, score=0.550956, time=30.21sec.
[INFO] 02-21 02:04:17 - Epoch 115/200, loss=1.897612, score=0.551055, time=34.00sec.
[INFO] 02-21 02:04:43 - eval_scores=[0.5491999983787537]
[INFO] 02-21 02:04:43 - Saved model to saved_models/LeNet_MNIST_Multi_3_easy_cp_200_th_1.0e-09/checkpoint_115.pt.
[INFO] 02-21 02:05:21 - Epoch 116/200, loss=1.897588, score=0.551022, time=30.36sec.
[INFO] 02-21 02:05:58 - Epoch 117/200, loss=1.897565, score=0.550690, time=29.52sec.
[INFO] 02-21 02:06:33 - Epoch 118/200, loss=1.897543, score=0.550524, time=26.60sec.
[INFO] 02-21 02:07:13 - Epoch 119/200, loss=1.897522, score=0.550259, time=31.45sec.
[INFO] 02-21 02:07:52 - Epoch 120/200, loss=1.897502, score=0.550392, time=30.47sec.
[INFO] 02-21 02:08:21 - eval_scores=[0.5475000143051147]
[INFO] 02-21 02:08:21 - Saved model to saved_models/LeNet_MNIST_Multi_3_easy_cp_200_th_1.0e-09/checkpoint_120.pt.
[INFO] 02-21 02:09:00 - Epoch 121/200, loss=1.897482, score=0.550558, time=31.01sec.
[INFO] 02-21 02:09:40 - Epoch 122/200, loss=1.897462, score=0.550491, time=32.20sec.
[INFO] 02-21 02:10:17 - Epoch 123/200, loss=1.897442, score=0.550757, time=29.32sec.
[INFO] 02-21 02:10:55 - Epoch 124/200, loss=1.897422, score=0.550657, time=29.89sec.
[INFO] 02-21 02:11:34 - Epoch 125/200, loss=1.897402, score=0.550292, time=31.82sec.
[INFO] 02-21 02:12:02 - eval_scores=[0.546999990940094]
[INFO] 02-21 02:12:02 - Saved model to saved_models/LeNet_MNIST_Multi_3_easy_cp_200_th_1.0e-09/checkpoint_125.pt.
[INFO] 02-21 02:12:41 - Epoch 126/200, loss=1.897384, score=0.550259, time=31.54sec.
[INFO] 02-21 02:13:19 - Epoch 127/200, loss=1.897366, score=0.550325, time=30.56sec.
[INFO] 02-21 02:13:57 - Epoch 128/200, loss=1.897349, score=0.550292, time=30.08sec.
[INFO] 02-21 02:14:36 - Epoch 129/200, loss=1.897331, score=0.550259, time=31.02sec.
[INFO] 02-21 02:15:13 - Epoch 130/200, loss=1.897313, score=0.550524, time=28.51sec.
[INFO] 02-21 02:15:41 - eval_scores=[0.5472999811172485]
[INFO] 02-21 02:15:41 - Saved model to saved_models/LeNet_MNIST_Multi_3_easy_cp_200_th_1.0e-09/checkpoint_130.pt.
[INFO] 02-21 02:16:22 - Epoch 131/200, loss=1.897294, score=0.550823, time=31.80sec.
[INFO] 02-21 02:17:02 - Epoch 132/200, loss=1.897274, score=0.551022, time=31.46sec.
[INFO] 02-21 02:17:42 - Epoch 133/200, loss=1.897256, score=0.551255, time=31.23sec.
[INFO] 02-21 02:18:21 - Epoch 134/200, loss=1.897239, score=0.551321, time=29.48sec.
[INFO] 02-21 02:19:01 - Epoch 135/200, loss=1.897221, score=0.551620, time=30.40sec.
[INFO] 02-21 02:19:28 - eval_scores=[0.546999990940094]
[INFO] 02-21 02:19:28 - Saved model to saved_models/LeNet_MNIST_Multi_3_easy_cp_200_th_1.0e-09/checkpoint_135.pt.
[INFO] 02-21 02:20:09 - Epoch 136/200, loss=1.897202, score=0.551587, time=32.33sec.
[INFO] 02-21 02:20:49 - Epoch 137/200, loss=1.897184, score=0.551719, time=30.29sec.
[INFO] 02-21 02:21:27 - Epoch 138/200, loss=1.897167, score=0.551653, time=29.72sec.
[INFO] 02-21 02:22:06 - Epoch 139/200, loss=1.897149, score=0.551288, time=30.22sec.
[INFO] 02-21 02:22:47 - Epoch 140/200, loss=1.897130, score=0.551354, time=31.59sec.
[INFO] 02-21 02:23:12 - eval_scores=[0.5450999736785889]
[INFO] 02-21 02:23:12 - Saved model to saved_models/LeNet_MNIST_Multi_3_easy_cp_200_th_1.0e-09/checkpoint_140.pt.
[INFO] 02-21 02:23:52 - Epoch 141/200, loss=1.897110, score=0.551188, time=30.02sec.
[INFO] 02-21 02:24:33 - Epoch 142/200, loss=1.897091, score=0.551421, time=32.23sec.
[INFO] 02-21 02:25:14 - Epoch 143/200, loss=1.897071, score=0.551188, time=30.85sec.
[INFO] 02-21 02:25:54 - Epoch 144/200, loss=1.897053, score=0.551255, time=30.99sec.
[INFO] 02-21 02:26:36 - Epoch 145/200, loss=1.897034, score=0.551387, time=33.44sec.
[INFO] 02-21 02:27:02 - eval_scores=[0.5446999669075012]
[INFO] 02-21 02:27:02 - Saved model to saved_models/LeNet_MNIST_Multi_3_easy_cp_200_th_1.0e-09/checkpoint_145.pt.
[INFO] 02-21 02:27:43 - Epoch 146/200, loss=1.897015, score=0.551520, time=30.89sec.
[INFO] 02-21 02:28:24 - Epoch 147/200, loss=1.896992, score=0.551653, time=32.09sec.
[INFO] 02-21 02:29:03 - Epoch 148/200, loss=1.896965, score=0.551653, time=29.49sec.
[INFO] 02-21 02:29:44 - Epoch 149/200, loss=1.896938, score=0.551321, time=31.67sec.
[INFO] 02-21 02:30:24 - Epoch 150/200, loss=1.896913, score=0.551387, time=29.95sec.
[INFO] 02-21 02:30:52 - eval_scores=[0.5442000031471252]
[INFO] 02-21 02:30:52 - Saved model to saved_models/LeNet_MNIST_Multi_3_easy_cp_200_th_1.0e-09/checkpoint_150.pt.
[INFO] 02-21 02:31:32 - Epoch 151/200, loss=1.896890, score=0.551387, time=29.65sec.
[INFO] 02-21 02:32:13 - Epoch 152/200, loss=1.896870, score=0.551255, time=30.93sec.
[INFO] 02-21 02:32:53 - Epoch 153/200, loss=1.896851, score=0.551188, time=29.94sec.
[INFO] 02-21 02:33:33 - Epoch 154/200, loss=1.896834, score=0.550989, time=31.13sec.
[INFO] 02-21 02:34:13 - Epoch 155/200, loss=1.896818, score=0.551122, time=30.11sec.
[INFO] 02-21 02:34:42 - eval_scores=[0.5471999645233154]
[INFO] 02-21 02:34:42 - Saved model to saved_models/LeNet_MNIST_Multi_3_easy_cp_200_th_1.0e-09/checkpoint_155.pt.
[INFO] 02-21 02:35:22 - Epoch 156/200, loss=1.896803, score=0.551122, time=28.76sec.
[INFO] 02-21 02:36:04 - Epoch 157/200, loss=1.896788, score=0.551487, time=31.42sec.
[INFO] 02-21 02:36:43 - Epoch 158/200, loss=1.896772, score=0.551918, time=29.62sec.
[INFO] 02-21 02:37:23 - Epoch 159/200, loss=1.896750, score=0.551387, time=30.27sec.
[INFO] 02-21 02:38:05 - Epoch 160/200, loss=1.896728, score=0.551255, time=31.92sec.
[INFO] 02-21 02:38:32 - eval_scores=[0.5475000143051147]
[INFO] 02-21 02:38:32 - Saved model to saved_models/LeNet_MNIST_Multi_3_easy_cp_200_th_1.0e-09/checkpoint_160.pt.
[INFO] 02-21 02:39:13 - Epoch 161/200, loss=1.896712, score=0.551122, time=30.53sec.
[INFO] 02-21 02:39:55 - Epoch 162/200, loss=1.896697, score=0.550956, time=31.78sec.
[INFO] 02-21 02:40:35 - Epoch 163/200, loss=1.896684, score=0.550757, time=29.31sec.
[INFO] 02-21 02:41:16 - Epoch 164/200, loss=1.896672, score=0.550591, time=30.27sec.
[INFO] 02-21 02:41:57 - Epoch 165/200, loss=1.896660, score=0.550524, time=30.27sec.
[INFO] 02-21 02:42:26 - eval_scores=[0.5482000112533569]
[INFO] 02-21 02:42:26 - Saved model to saved_models/LeNet_MNIST_Multi_3_easy_cp_200_th_1.0e-09/checkpoint_165.pt.
[INFO] 02-21 02:43:06 - Epoch 166/200, loss=1.896649, score=0.550790, time=29.48sec.
[INFO] 02-21 02:43:48 - Epoch 167/200, loss=1.896637, score=0.550989, time=32.09sec.
[INFO] 02-21 02:44:31 - Epoch 168/200, loss=1.896625, score=0.550889, time=31.25sec.
[INFO] 02-21 02:45:10 - Epoch 169/200, loss=1.896613, score=0.550956, time=28.81sec.
[INFO] 02-21 02:45:51 - Epoch 170/200, loss=1.896602, score=0.550956, time=29.64sec.
[INFO] 02-21 02:46:19 - eval_scores=[0.548799991607666]
[INFO] 02-21 02:46:19 - Saved model to saved_models/LeNet_MNIST_Multi_3_easy_cp_200_th_1.0e-09/checkpoint_170.pt.
[INFO] 02-21 02:47:00 - Epoch 171/200, loss=1.896591, score=0.550591, time=30.02sec.
[INFO] 02-21 02:47:41 - Epoch 172/200, loss=1.896581, score=0.550558, time=28.48sec.
[INFO] 02-21 02:48:16 - Epoch 173/200, loss=1.896571, score=0.550624, time=25.13sec.
[INFO] 02-21 02:48:52 - Epoch 174/200, loss=1.896561, score=0.550425, time=26.81sec.
[INFO] 02-21 02:49:27 - Epoch 175/200, loss=1.896549, score=0.550591, time=24.66sec.
[INFO] 02-21 02:49:50 - eval_scores=[0.5485000014305115]
[INFO] 02-21 02:49:50 - Saved model to saved_models/LeNet_MNIST_Multi_3_easy_cp_200_th_1.0e-09/checkpoint_175.pt.
[INFO] 02-21 02:50:23 - Epoch 176/200, loss=1.896539, score=0.550989, time=24.69sec.
[INFO] 02-21 02:51:00 - Epoch 177/200, loss=1.896529, score=0.551122, time=25.22sec.
[INFO] 02-21 02:51:37 - Epoch 178/200, loss=1.896518, score=0.551089, time=25.80sec.
[INFO] 02-21 02:52:13 - Epoch 179/200, loss=1.896509, score=0.550956, time=26.27sec.
[INFO] 02-21 02:52:48 - Epoch 180/200, loss=1.896500, score=0.550757, time=25.59sec.
[INFO] 02-21 02:53:11 - eval_scores=[0.5482999682426453]
[INFO] 02-21 02:53:11 - Saved model to saved_models/LeNet_MNIST_Multi_3_easy_cp_200_th_1.0e-09/checkpoint_180.pt.
[INFO] 02-21 02:53:46 - Epoch 181/200, loss=1.896491, score=0.550491, time=26.81sec.
[INFO] 02-21 02:54:21 - Epoch 182/200, loss=1.896483, score=0.550325, time=24.53sec.
[INFO] 02-21 02:54:58 - Epoch 183/200, loss=1.896475, score=0.550259, time=26.59sec.
[INFO] 02-21 02:55:34 - Epoch 184/200, loss=1.896468, score=0.550292, time=24.78sec.
[INFO] 02-21 02:56:10 - Epoch 185/200, loss=1.896461, score=0.550292, time=26.53sec.
[INFO] 02-21 02:56:32 - eval_scores=[0.5471999645233154]
[INFO] 02-21 02:56:32 - Saved model to saved_models/LeNet_MNIST_Multi_3_easy_cp_200_th_1.0e-09/checkpoint_185.pt.
[INFO] 02-21 02:57:06 - Epoch 186/200, loss=1.896454, score=0.550458, time=24.02sec.
[INFO] 02-21 02:57:41 - Epoch 187/200, loss=1.896447, score=0.550524, time=23.74sec.
[INFO] 02-21 02:58:15 - Epoch 188/200, loss=1.896440, score=0.550425, time=24.01sec.
[INFO] 02-21 02:58:53 - Epoch 189/200, loss=1.896433, score=0.550325, time=26.47sec.
[INFO] 02-21 02:59:31 - Epoch 190/200, loss=1.896426, score=0.550591, time=27.23sec.
[INFO] 02-21 02:59:55 - eval_scores=[0.5464999675750732]
[INFO] 02-21 02:59:55 - Saved model to saved_models/LeNet_MNIST_Multi_3_easy_cp_200_th_1.0e-09/checkpoint_190.pt.
[INFO] 02-21 03:00:27 - Epoch 191/200, loss=1.896418, score=0.550292, time=21.80sec.
[INFO] 02-21 03:01:05 - Epoch 192/200, loss=1.896410, score=0.550425, time=27.34sec.
[INFO] 02-21 03:01:44 - Epoch 193/200, loss=1.896402, score=0.550093, time=27.32sec.
[INFO] 02-21 03:02:20 - Epoch 194/200, loss=1.896394, score=0.549960, time=25.02sec.
[INFO] 02-21 03:02:54 - Epoch 195/200, loss=1.896386, score=0.550027, time=22.89sec.
[INFO] 02-21 03:03:16 - eval_scores=[0.5458999872207642]
[INFO] 02-21 03:03:16 - Saved model to saved_models/LeNet_MNIST_Multi_3_easy_cp_200_th_1.0e-09/checkpoint_195.pt.
[INFO] 02-21 03:03:51 - Epoch 196/200, loss=1.896379, score=0.550027, time=23.98sec.
[INFO] 02-21 03:04:27 - Epoch 197/200, loss=1.896373, score=0.550060, time=24.97sec.
[INFO] 02-21 03:05:02 - Epoch 198/200, loss=1.896366, score=0.550159, time=25.39sec.
[INFO] 02-21 03:05:38 - Epoch 199/200, loss=1.896360, score=0.550093, time=26.31sec.
[INFO] 02-21 03:06:15 - Epoch 200/200, loss=1.896354, score=0.549960, time=27.14sec.
[INFO] 02-21 03:06:37 - eval_scores=[0.5460999608039856]
[INFO] 02-21 03:06:38 - Saved model to saved_models/LeNet_MNIST_Multi_3_easy_cp_200_th_1.0e-09/checkpoint_200.pt.
