(venv) d6mao@starbucks:~/repos/Computer-Vision-PyTorch$ python main.py 
2023-02-11 22:43:19,804 [INFO] Using device cuda:0.
2023-02-11 22:43:19,804 [INFO] Training model "LeNet_MNIST_Perm_0".
2023-02-11 22:43:19,804 [INFO] Number of trainable parameters: 61706.
2023-02-11 22:43:19,804 [INFO] criterion=MultiTaskCriterion
2023-02-11 22:43:19,804 [INFO]     weight=1.0000, criterion=PermutedCrossEntropyLoss([4, 1, 7, 5, 3, 9, 0, 8, 6, 2]).
2023-02-11 22:43:19,804 [INFO] optimizer=SGD
2023-02-11 22:43:19,804 [INFO]     dampening=0
2023-02-11 22:43:19,804 [INFO]     foreach=None
2023-02-11 22:43:19,804 [INFO]     lr=0.001
2023-02-11 22:43:19,804 [INFO]     maximize=False
2023-02-11 22:43:19,804 [INFO]     momentum=0.9
2023-02-11 22:43:19,804 [INFO]     nesterov=False
2023-02-11 22:43:19,804 [INFO]     weight_decay=0
2023-02-11 22:43:19,805 [INFO] epochs=100.
2023-02-11 22:43:19,805 [INFO] batch_size=8.
 44%|███████████████████████████▊                                               45%|████████████████████████████                                        45%|████████████████████████████▎                                              45%|████████████████████████████▌                                              46%|████████████████████████████▊                                              46%|████████████████████████████▉                                  | 3449/7500 46%|█████████████████████████████▏                                 | 3476/7500 47%|█████████████████████████████▍                                 | 3504/7500 47%|█████████████████████████████▋                                 | 3531/7500 47%|█████████████████████████████▉                                 | 3558/7500 48%|██████████████████████████████                                 | 3586/7500 48%|██████████████████████████████▎                                | 3614/7500 49%|██████████████████████████████▌                                | 3641/7500 49%|██████████████████████████████▊                                | 3667/7500 49%|███████████████████████████████                                | 3694/7500 50%|███████████████████████████████▎                               | 3721/7500 50%|███████████████████████████████▍                               | 3749/7500 50%|███████████████████████████████▋                               | 3777/7500 51%|███████████████████████████████▉                               | 3805/7500 51%|████████████████████████████████▏                              | 3834/7500 51%|████████████████████████████████▍                              | 3862/7500 52%|████████████████████████████████▋                              | 3890/7500 52%|████████████████████████████████▉                              | 3918/7500 53%|█████████████████████████████████▏                             | 3946/7500 53%|█████████████████████████████████▍                             | 3974/7500 53%|█████████████████████████████████▌                             | 4002/7500 54%|█████████████████████████████████▊                             | 4030/7500 54%|██████████████████████████████████                             | 4058/7500 54%|██████████████████████████████████▎                            | 4086/7500 55%|██████████████████████████████████▌                            | 4114/7500 55%|██████████████████████████████████▊                            | 4142/7500 56%|███████████████████████████████████                            | 4170/7500 56%|███████████████████████████████████▎                           | 4198/7500 56%|███████████████████████████████████▍                           | 4226/7500 57%|███████████████████████████████████▋                           | 4254/7500 57%|███████████████████████████████████▉                           | 4282/7500 57%|████████████████████████████████████▏                          | 4309/7500 58%|████████████████████████████████████▍                          | 4335/7500 58%|████████████████████████████████████▋                          | 4362/7500 59%|████████████████████████████████████▊                          | 4388/7500 59%|█████████████████████████████████████                          | 4415/7500 59%|█████████████████████████████████████▎                         | 4441/7500 60%|█████████████████████████████████████▌                         | 4467/7500 60%|█████████████████████████████████████▋                         | 4494/7500 60%|█████████████████████████████████████▉                         | 4522/7500 61%|██████████████████████████████████████▏                        | 4549/7500 61%|██████████████████████████████████████▍                        | 4575/7500 61%|██████████████████████████████████████▋                        | 4600/7500 62%|██████████████████████████████████████▊                        | 4624/7500 62%|███████████████████████████████████████                        | 4645/7500 62%|███████████████████████████████████████▏                       | 4668/7500 63%|███████████████████████████████████████▍                       | 4694/7500 63%|███████████████████████████████████████▌                       | 4717/7500 63%|███████████████████████████████████████▊                       | 4742/7500 64%|████████████████████████████████████████                       | 4768/7500 64%|████████████████████████████████████████▎                      | 4794/7500 64%|████████████████████████████████████████▍                      | 4820/7500 65%|████████████████████████████████████████▋                      | 4845/7500 65%|████████████████████████████████████████▉                      | 4872/7500 65%|█████████████████████████████████████████▏                     | 4898/7500 66%|█████████████████████████████████████████▎                     | 4925/7500 66%|█████████████████████████████████████████▌                     | 4952/7500 66%|█████████████████████████████████████████▊                     | 4980/7500 67%|██████████████████████████████████████████                     | 5007/7500 67%|██████████████████████████████████████████▎                    | 5035/7500 67%|██████████████████████████████████████████▌                    | 5062/7500 68%|██████████████████████████████████████████▋                    | 5089/7500 68%|██████████████████████████████████████████▉                    | 5117/7500 69%|███████████████████████████████████████████▏                   | 5145/7500 69%|███████████████████████████████████████████▍                   | 5173/7500 69%|███████████████████████████████████████████▋                   | 5201/7500 70%|███████████████████████████████████████████▉                   | 5229/7500 70%|████████████████████████████████████████████▏                  | 5257/7500 70%|████████████████████████████████████████████▍                  | 5285/7500 71%|████████████████████████████████████████████▋                  | 5313/7500 71%|████████████████████████████████████████████▊                  | 5340/7500 72%|█████████████████████████████████████████████                  | 5367/7500 72%|█████████████████████████████████████████████▎                 | 5394/7500 72%|█████████████████████████████████████████████▌                 | 5420/7500 73%|█████████████████████████████████████████████▊                 | 5448/7500 73%|█████████████████████████████████████████████▉                 | 5475/7500 73%|██████████████████████████████████████████████▏                | 5502/7500 74%|██████████████████████████████████████████████▍                | 5529/7500 74%|██████████████████████████████████████████████▋                | 5556/7500 74%|██████████████████████████████████████████████▉                | 5583/7500 75%|███████████████████████████████████████████████                | 5610/7500 75%|███████████████████████████████████████████████▎               | 5637/7500 76%|███████████████████████████████████████████████▌               | 5664/7500 76%|███████████████████████████████████████████████▊               | 5691/7500 76%|████████████████████████████████████████████████               | 5720/7500 77%|████████████████████████████████████████████████▎              | 5748/7500 77%|████████████████████████████████████████████████▌              | 5776/7500 77%|████████████████████████████████████████████████▋              | 5803/7500 78%|████████████████████████████████████████████████▉              | 5829/7500 78%|█████████████████████████████████████████████████▏             | 5853/7500 78%|█████████████████████████████████████████████████▍             | 5878/7500 79%|█████████████████████████████████████████████████▌             | 5905/7500 79%|█████████████████████████████████████████████████▊             | 5930/7500 79%|██████████████████████████████████████████████████             | 5955/7500 80%|██████████████████████████████████████████████████▏            | 5980/7500 80%|██████████████████████████████████████████████████▍            | 6005/7500 80%|██████████████████████████████████████████████████▋            | 6030/7500 81%|██████████████████████████████████████████████████▊            | 6056/7500 81%|███████████████████████████████████████████████████            | 6083/7500 81%|███████████████████████████████████████████████████▎           | 6108/7500 82%|███████████████████████████████████████████████████▌           | 6135/7500 82%|███████████████████████████████████████████████████▊           | 6161/7500 83%|███████████████████████████████████████████████████▉           | 6188/7500 83%|████████████████████████████████████████████████████▏          | 6216/7500 83%|████████████████████████████████████████████████████▍          | 6243/7500 84%|████████████████████████████████████████████████████▋          | 6270/7500 84%|████████████████████████████████████████████████████▉          | 6296/7500 84%|█████████████████████████████████████████████████████          | 6321/7500 85%|█████████████████████████████████████████████████████▎         | 6346/7500 85%|█████████████████████████████████████████████████████▌         | 6372/7500 85%|█████████████████████████████████████████████████████▊         | 6399/7500 86%|█████████████████████████████████████████████████████▉         | 6427/7500 86%|██████████████████████████████████████████████████████▏        | 6454/7500 86%|██████████████████████████████████████████████████████▍        | 6481/7500 87%|██████████████████████████████████████████████████████▋        | 6507/7500 87%|██████████████████████████████████████████████████████▉        | 6533/7500 87%|███████████████████████████████████████████████████████        | 6559/7500 88%|███████████████████████████████████████████████████████▎       | 6584/7500 88%|███████████████████████████████████████████████████████▍       | 6607/7500 88%|███████████████████████████████████████████████████████▋       | 6634/7500 89%|███████████████████████████████████████████████████████▉       | 6661/7500 89%|████████████████████████████████████████████████████████▏      | 6686/7500 89%|████████████████████████████████████████████████████████▍      | 6712/7500 90%|████████████████████████████████████████████████████████▌      | 6738/7500 90%|████████████████████████████████████████████████████████▊      | 6764/7500 91%|█████████████████████████████████████████████████████████      | 6789/7500 91%|█████████████████████████████████████████████████████████▏     | 6815/7500 91%|█████████████████████████████████████████████████████████▍     | 6840/7500 92%|█████████████████████████████████████████████████████████▋     | 6866/7500 92%|█████████████████████████████████████████████████████████▉     | 6892/7500 92%|██████████████████████████████████████████████████████████▏    | 6920/7500 93%|██████████████████████████████████████████████████████████▎    | 6946/7500 93%|██████████████████████████████████████████████████████████▌    | 6972/7500 93%|██████████████████████████████████████████████████████████▊    | 6997/7500 94%|██████████████████████████████████████████████████████████▉    | 7022/7500 94%|███████████████████████████████████████████████████████████▏   | 7047/7500 94%|███████████████████████████████████████████████████████████▍   | 7074/7500 95%|███████████████████████████████████████████████████████████▋   | 7100/7500 95%|███████████████████████████████████████████████████████████▊   | 7125/7500 95%|████████████████████████████████████████████████████████████   | 7150/7500 96%|████████████████████████████████████████████████████████████▎  | 7175/7500 96%|████████████████████████████████████████████████████████████▍  | 7201/7500 96%|████████████████████████████████████████████████████████████▋  | 7226/7500 97%|████████████████████████████████████████████████████████████▉  | 7252/7500 97%|█████████████████████████████████████████████████████████████▏ | 7277/7500 97%|█████████████████████████████████████████████████████████████▎ | 7302/7500 98%|█████████████████████████████████████████████████████████████▌ | 7328/7500 98%|█████████████████████████████████████████████████████████████▊ | 7354/7500 98%|██████████████████████████████████████████████████████████████ | 7381/7500 99%|██████████████████████████████████████████████████████████████▏| 7408/7500 99%|██████████████████████████████████████████████████████████████▍| 7434/7500 99%|██████████████████████████████████████████████████████████████▋| 7460/7500100%|██████████████████████████████████████████████████████████████▉| 7486/7500100%|███████████████████████████████████████████████████████████████| 7500/7500 [00:30<00:00, 243.68it/s]
2023-02-11 22:43:50,591 [INFO] Epoch 001/100, loss=2.184091, score=0.121900, time=30.79sec.
100%|█████████████████████████████████████| 7500/7500 [00:28<00:00, 266.81it/s]
2023-02-11 22:44:18,702 [INFO] Epoch 002/100, loss=1.657652, score=0.123667, time=28.11sec.
100%|███████████████████████████████████████████████████| 7500/7500 [00:28<00:00, 267.64it/s]
2023-02-11 22:44:46,725 [INFO] Epoch 003/100, loss=1.561379, score=0.116633, time=28.02sec.
100%|███████████████████████████████████████████████████| 7500/7500 [00:27<00:00, 270.23it/s]
2023-02-11 22:45:14,480 [INFO] Epoch 004/100, loss=1.537913, score=0.115283, time=27.75sec.
100%|███████████████████████████████████████████████████| 7500/7500 [00:27<00:00, 272.56it/s]
2023-02-11 22:45:41,998 [INFO] Epoch 005/100, loss=1.522689, score=0.114733, time=27.52sec.
100%|█████████████████████████████████████████████████| 10000/10000 [00:10<00:00, 954.85it/s]
2023-02-11 22:45:52,471 [INFO] eval_scores=[0.1160999983549118]
2023-02-11 22:45:52,473 [INFO] Saved model to saved_models/LeNet_MNIST_Perm_0/checkpoint_005.pt.
100%|███████████████████████████████████████████████████| 7500/7500 [00:27<00:00, 271.70it/s]
2023-02-11 22:46:20,078 [INFO] Epoch 006/100, loss=1.511496, score=0.114083, time=27.60sec.
100%|███████████████████████████████████████████████████| 7500/7500 [00:27<00:00, 272.91it/s]
2023-02-11 22:46:47,560 [INFO] Epoch 007/100, loss=1.503631, score=0.113550, time=27.48sec.
100%|███████████████████████████████████████████████████| 7500/7500 [00:27<00:00, 274.67it/s]
2023-02-11 22:47:14,866 [INFO] Epoch 008/100, loss=1.497790, score=0.113617, time=27.31sec.
100%|███████████████████████████████████████████████████| 7500/7500 [00:27<00:00, 277.08it/s]
2023-02-11 22:47:41,934 [INFO] Epoch 009/100, loss=1.493388, score=0.113050, time=27.07sec.
100%|███████████████████████████████████████████████████| 7500/7500 [00:27<00:00, 276.69it/s]
2023-02-11 22:48:09,041 [INFO] Epoch 010/100, loss=1.489735, score=0.113017, time=27.11sec.
100%|█████████████████████████████████████████████████| 10000/10000 [00:10<00:00, 952.85it/s]
2023-02-11 22:48:19,537 [INFO] eval_scores=[0.11479999870061874]
2023-02-11 22:48:19,539 [INFO] Saved model to saved_models/LeNet_MNIST_Perm_0/checkpoint_010.pt.
100%|███████████████████████████████████████████████████| 7500/7500 [00:27<00:00, 273.50it/s]
2023-02-11 22:48:46,962 [INFO] Epoch 011/100, loss=1.487183, score=0.113083, time=27.42sec.
100%|███████████████████████████████████████████████████████████| 7500/7500 [00:27<00:00, 267.91it/s]
2023-02-11 22:49:14,957 [INFO] Epoch 012/100, loss=1.485021, score=0.112983, time=27.99sec.
100%|███████████████████████████████████████████████████████████| 7500/7500 [00:27<00:00, 275.31it/s]
2023-02-11 22:49:42,201 [INFO] Epoch 013/100, loss=1.483105, score=0.112900, time=27.24sec.
100%|███████████████████████████████████████████████████████████| 7500/7500 [00:27<00:00, 277.31it/s]
2023-02-11 22:50:09,247 [INFO] Epoch 014/100, loss=1.481567, score=0.113000, time=27.05sec.
100%|███████████████████████████████████████████████████████████| 7500/7500 [00:27<00:00, 277.22it/s]
2023-02-11 22:50:36,302 [INFO] Epoch 015/100, loss=1.480308, score=0.112833, time=27.06sec.
100%|█████████████████████████████████████████████████████████| 10000/10000 [00:10<00:00, 953.85it/s]
2023-02-11 22:50:46,787 [INFO] eval_scores=[0.11449999362230301]
2023-02-11 22:50:46,789 [INFO] Saved model to saved_models/LeNet_MNIST_Perm_0/checkpoint_015.pt.
100%|███████████████████████████████████████████████████████████| 7500/7500 [00:27<00:00, 276.66it/s]
2023-02-11 22:51:13,899 [INFO] Epoch 016/100, loss=1.479288, score=0.112950, time=27.11sec.
100%|███████████████████████████████████████████████████████████| 7500/7500 [00:27<00:00, 277.36it/s]
2023-02-11 22:51:40,940 [INFO] Epoch 017/100, loss=1.478415, score=0.112900, time=27.04sec.
100%|███████████████████████████████████████████████████████████| 7500/7500 [00:27<00:00, 275.79it/s]
2023-02-11 22:52:08,134 [INFO] Epoch 018/100, loss=1.477483, score=0.112967, time=27.19sec.
100%|███████████████████████████████████████████████████████████| 7500/7500 [00:27<00:00, 276.09it/s]
2023-02-11 22:52:35,300 [INFO] Epoch 019/100, loss=1.476810, score=0.113017, time=27.17sec.
100%|███████████████████████████████████████████████████████████| 7500/7500 [00:27<00:00, 277.13it/s]
2023-02-11 22:53:02,364 [INFO] Epoch 020/100, loss=1.476020, score=0.112850, time=27.06sec.
100%|█████████████████████████████████████████████████████████| 10000/10000 [00:10<00:00, 953.36it/s]
2023-02-11 22:53:12,854 [INFO] eval_scores=[0.1143999993801117]
2023-02-11 22:53:12,856 [INFO] Saved model to saved_models/LeNet_MNIST_Perm_0/checkpoint_020.pt.
100%|███████████████████████████████████████████████████████████| 7500/7500 [00:27<00:00, 274.05it/s]
2023-02-11 22:53:40,223 [INFO] Epoch 021/100, loss=1.475353, score=0.112850, time=27.37sec.
100%|███████████████████████████████████████████████████████████| 7500/7500 [00:27<00:00, 270.82it/s]
2023-02-11 22:54:07,918 [INFO] Epoch 022/100, loss=1.474730, score=0.112817, time=27.69sec.
100%|███████████████████████████████████████████████████████████| 7500/7500 [00:27<00:00, 270.82it/s]
2023-02-11 22:54:35,612 [INFO] Epoch 023/100, loss=1.474230, score=0.112717, time=27.69sec.
100%|███████████████████████████████████████████████████████████| 7500/7500 [00:27<00:00, 272.49it/s]
2023-02-11 22:55:03,137 [INFO] Epoch 024/100, loss=1.473745, score=0.112717, time=27.52sec.
100%|███████████████████████████████████████████████████████████| 7500/7500 [00:27<00:00, 276.53it/s]
2023-02-11 22:55:30,259 [INFO] Epoch 025/100, loss=1.473242, score=0.112717, time=27.12sec.
100%|█████████████████████████████████████████████████████████| 10000/10000 [00:10<00:00, 955.65it/s]
2023-02-11 22:55:40,724 [INFO] eval_scores=[0.11369999498128891]
2023-02-11 22:55:40,726 [INFO] Saved model to saved_models/LeNet_MNIST_Perm_0/checkpoint_025.pt.
100%|███████████████████████████████████████████████████████████| 7500/7500 [00:27<00:00, 277.53it/s]
2023-02-11 22:56:07,751 [INFO] Epoch 026/100, loss=1.472771, score=0.112700, time=27.03sec.
100%|███████████████████████████████████████████████████████████| 7500/7500 [00:26<00:00, 277.89it/s]
2023-02-11 22:56:34,740 [INFO] Epoch 027/100, loss=1.472290, score=0.112650, time=26.99sec.
100%|███████████████████████████████████████████████████████████| 7500/7500 [00:26<00:00, 278.11it/s]
2023-02-11 22:57:01,709 [INFO] Epoch 028/100, loss=1.471984, score=0.112617, time=26.97sec.
100%|███████████████████████████████████████████████████████████| 7500/7500 [00:27<00:00, 277.60it/s]
2023-02-11 22:57:28,727 [INFO] Epoch 029/100, loss=1.471484, score=0.112767, time=27.02sec.
100%|███████████████████████████████████████████████████████████| 7500/7500 [00:26<00:00, 277.82it/s]
2023-02-11 22:57:55,723 [INFO] Epoch 030/100, loss=1.471122, score=0.112567, time=27.00sec.
100%|█████████████████████████████████████████████████████████| 10000/10000 [00:10<00:00, 938.22it/s]
2023-02-11 22:58:06,382 [INFO] eval_scores=[0.11379999667406082]
2023-02-11 22:58:06,385 [INFO] Saved model to saved_models/LeNet_MNIST_Perm_0/checkpoint_030.pt.
100%|███████████████████████████████████████████████████████████| 7500/7500 [00:27<00:00, 276.73it/s]
2023-02-11 22:58:33,487 [INFO] Epoch 031/100, loss=1.470767, score=0.112567, time=27.10sec.
100%|███████████████████████████████████████████████████████████| 7500/7500 [00:26<00:00, 277.94it/s]
2023-02-11 22:59:00,472 [INFO] Epoch 032/100, loss=1.470494, score=0.112617, time=26.98sec.
100%|███████████████████████████████████████████████████████████| 7500/7500 [00:26<00:00, 278.02it/s]
2023-02-11 22:59:27,449 [INFO] Epoch 033/100, loss=1.470104, score=0.112450, time=26.98sec.
100%|███████████████████████████████████████████████████████████| 7500/7500 [00:27<00:00, 276.16it/s]
2023-02-11 22:59:54,608 [INFO] Epoch 034/100, loss=1.469832, score=0.112600, time=27.16sec.
100%|███████████████████████████████████████████████████████████| 7500/7500 [00:27<00:00, 275.47it/s]
2023-02-11 23:00:21,835 [INFO] Epoch 035/100, loss=1.469582, score=0.112600, time=27.23sec.
100%|█████████████████████████████████████████████████████████| 10000/10000 [00:10<00:00, 954.89it/s]
2023-02-11 23:00:32,308 [INFO] eval_scores=[0.11349999904632568]
2023-02-11 23:00:32,311 [INFO] Saved model to saved_models/LeNet_MNIST_Perm_0/checkpoint_035.pt.
100%|███████████████████████████████████████████████████████████| 7500/7500 [00:27<00:00, 276.59it/s]
2023-02-11 23:00:59,428 [INFO] Epoch 036/100, loss=1.469279, score=0.112500, time=27.12sec.
100%|███████████████████████████████████████████████████████████| 7500/7500 [00:27<00:00, 274.49it/s]
2023-02-11 23:01:26,751 [INFO] Epoch 037/100, loss=1.469053, score=0.112533, time=27.32sec.
100%|███████████████████████████████████████████████████████████| 7500/7500 [00:27<00:00, 274.59it/s]
2023-02-11 23:01:54,065 [INFO] Epoch 038/100, loss=1.468767, score=0.112500, time=27.31sec.
100%|███████████████████████████████████████████████████████████| 7500/7500 [00:27<00:00, 268.96it/s]
2023-02-11 23:02:21,951 [INFO] Epoch 039/100, loss=1.468657, score=0.112567, time=27.89sec.
100%|███████████████████████████████████████████████████████████| 7500/7500 [00:29<00:00, 252.04it/s]
2023-02-11 23:02:51,710 [INFO] Epoch 040/100, loss=1.468471, score=0.112500, time=29.76sec.
100%|█████████████████████████████████████████████████████████| 10000/10000 [00:12<00:00, 773.32it/s]
2023-02-11 23:03:04,644 [INFO] eval_scores=[0.11329999566078186]
2023-02-11 23:03:04,646 [INFO] Saved model to saved_models/LeNet_MNIST_Perm_0/checkpoint_040.pt.
100%|███████████████████████████████████████████████████████████| 7500/7500 [00:32<00:00, 232.20it/s]
2023-02-11 23:03:36,946 [INFO] Epoch 041/100, loss=1.468241, score=0.112500, time=32.30sec.
100%|███████████████████████████████████████████████████████████| 7500/7500 [00:32<00:00, 233.38it/s]
2023-02-11 23:04:09,083 [INFO] Epoch 042/100, loss=1.468052, score=0.112583, time=32.14sec.
100%|███████████████████████████████████████████████████████████| 7500/7500 [00:32<00:00, 230.37it/s]
2023-02-11 23:04:41,640 [INFO] Epoch 043/100, loss=1.467965, score=0.112583, time=32.56sec.
100%|███████████████████████████████████████████████████████████| 7500/7500 [00:32<00:00, 233.65it/s]
2023-02-11 23:05:13,739 [INFO] Epoch 044/100, loss=1.467789, score=0.112550, time=32.10sec.
100%|███████████████████████████████████████████████████████████| 7500/7500 [00:32<00:00, 230.56it/s]
2023-02-11 23:05:46,269 [INFO] Epoch 045/100, loss=1.467609, score=0.112600, time=32.53sec.
100%|█████████████████████████████████████████████████████████| 10000/10000 [00:12<00:00, 778.85it/s]
2023-02-11 23:05:59,110 [INFO] eval_scores=[0.11419999599456787]
2023-02-11 23:05:59,112 [INFO] Saved model to saved_models/LeNet_MNIST_Perm_0/checkpoint_045.pt.
100%|███████████████████████████████████████████████████████████| 7500/7500 [00:32<00:00, 232.46it/s]
2023-02-11 23:06:31,377 [INFO] Epoch 046/100, loss=1.467498, score=0.112467, time=32.26sec.
100%|███████████████████████████████████████████████████████████| 7500/7500 [00:32<00:00, 233.32it/s]
2023-02-11 23:07:03,523 [INFO] Epoch 047/100, loss=1.467385, score=0.112583, time=32.15sec.
100%|███████████████████████████████████████████████████████████| 7500/7500 [00:32<00:00, 231.96it/s]
2023-02-11 23:07:35,857 [INFO] Epoch 048/100, loss=1.467167, score=0.112533, time=32.33sec.
100%|███████████████████████████████████████████████████████████| 7500/7500 [00:32<00:00, 232.94it/s]
2023-02-11 23:08:08,055 [INFO] Epoch 049/100, loss=1.467077, score=0.112500, time=32.20sec.
100%|███████████████████████████████████████████████████████████| 7500/7500 [00:32<00:00, 232.29it/s]
2023-02-11 23:08:40,344 [INFO] Epoch 050/100, loss=1.467031, score=0.112533, time=32.29sec.
100%|█████████████████████████████████████████████████████████| 10000/10000 [00:12<00:00, 783.33it/s]
2023-02-11 23:08:53,112 [INFO] eval_scores=[0.1143999993801117]
2023-02-11 23:08:53,114 [INFO] Saved model to saved_models/LeNet_MNIST_Perm_0/checkpoint_050.pt.
100%|███████████████████████████████████████████████████████████| 7500/7500 [00:32<00:00, 233.44it/s]
2023-02-11 23:09:25,243 [INFO] Epoch 051/100, loss=1.466913, score=0.112483, time=32.13sec.
100%|███████████████████████████████████████████████████████████| 7500/7500 [00:32<00:00, 230.20it/s]
2023-02-11 23:09:57,825 [INFO] Epoch 052/100, loss=1.466802, score=0.112550, time=32.58sec.
100%|███████████████████████████████████████████████████████████| 7500/7500 [00:32<00:00, 229.01it/s]
2023-02-11 23:10:30,575 [INFO] Epoch 053/100, loss=1.466714, score=0.112567, time=32.75sec.
100%|███████████████████████████████████████████████████████████| 7500/7500 [00:32<00:00, 233.50it/s]
2023-02-11 23:11:02,696 [INFO] Epoch 054/100, loss=1.466666, score=0.112450, time=32.12sec.
100%|███████████████████████████████████████████████████████████| 7500/7500 [00:32<00:00, 234.01it/s]
2023-02-11 23:11:34,753 [INFO] Epoch 055/100, loss=1.466480, score=0.112517, time=32.06sec.
100%|█████████████████████████████████████████████████████████| 10000/10000 [00:12<00:00, 779.23it/s]
2023-02-11 23:11:47,587 [INFO] eval_scores=[0.11379999667406082]
2023-02-11 23:11:47,590 [INFO] Saved model to saved_models/LeNet_MNIST_Perm_0/checkpoint_055.pt.
100%|███████████████████████████████████████████████████████████| 7500/7500 [00:33<00:00, 221.70it/s]
2023-02-11 23:12:21,421 [INFO] Epoch 056/100, loss=1.466474, score=0.112500, time=33.83sec.
100%|███████████████████████████████████████████████████████████| 7500/7500 [00:32<00:00, 233.09it/s]
2023-02-11 23:12:53,600 [INFO] Epoch 057/100, loss=1.466295, score=0.112467, time=32.18sec.
100%|███████████████████████████████████████████████████████████| 7500/7500 [00:32<00:00, 234.34it/s]
2023-02-11 23:13:25,607 [INFO] Epoch 058/100, loss=1.466263, score=0.112450, time=32.01sec.
100%|███████████████████████████████████████████████████████████| 7500/7500 [00:32<00:00, 233.64it/s]
2023-02-11 23:13:57,709 [INFO] Epoch 059/100, loss=1.466147, score=0.112483, time=32.10sec.
100%|███████████████████████████████████████████████████████████| 7500/7500 [00:32<00:00, 233.60it/s]
2023-02-11 23:14:29,815 [INFO] Epoch 060/100, loss=1.466161, score=0.112467, time=32.11sec.
100%|█████████████████████████████████████████████████████████| 10000/10000 [00:12<00:00, 774.22it/s]
2023-02-11 23:14:42,732 [INFO] eval_scores=[0.11429999768733978]
2023-02-11 23:14:42,734 [INFO] Saved model to saved_models/LeNet_MNIST_Perm_0/checkpoint_060.pt.
100%|███████████████████████████████████████████████████████████| 7500/7500 [00:32<00:00, 232.40it/s]
2023-02-11 23:15:15,007 [INFO] Epoch 061/100, loss=1.466049, score=0.112467, time=32.27sec.
100%|███████████████████████████████████████████████████████████| 7500/7500 [00:32<00:00, 231.14it/s]
2023-02-11 23:15:47,456 [INFO] Epoch 062/100, loss=1.466026, score=0.112467, time=32.45sec.
100%|███████████████████████████████████████████████████████████| 7500/7500 [00:32<00:00, 231.82it/s]
2023-02-11 23:16:19,812 [INFO] Epoch 063/100, loss=1.465861, score=0.112500, time=32.35sec.
100%|███████████████████████████████████████████████████████████| 7500/7500 [00:32<00:00, 233.87it/s]
2023-02-11 23:16:51,881 [INFO] Epoch 064/100, loss=1.465764, score=0.112450, time=32.07sec.
100%|███████████████████████████████████████████████████████████| 7500/7500 [00:32<00:00, 232.71it/s]
2023-02-11 23:17:24,111 [INFO] Epoch 065/100, loss=1.465797, score=0.112483, time=32.23sec.
100%|█████████████████████████████████████████████████████████| 10000/10000 [00:12<00:00, 777.77it/s]
2023-02-11 23:17:36,969 [INFO] eval_scores=[0.11409999430179596]
2023-02-11 23:17:36,971 [INFO] Saved model to saved_models/LeNet_MNIST_Perm_0/checkpoint_065.pt.
100%|███████████████████████████████████████████████████████████| 7500/7500 [00:32<00:00, 233.67it/s]
2023-02-11 23:18:09,070 [INFO] Epoch 066/100, loss=1.465700, score=0.112533, time=32.10sec.
100%|███████████████████████████████████████████████████████████| 7500/7500 [00:32<00:00, 232.39it/s]
2023-02-11 23:18:41,344 [INFO] Epoch 067/100, loss=1.465653, score=0.112533, time=32.27sec.
100%|███████████████████████████████████████████████████████████| 7500/7500 [00:32<00:00, 231.47it/s]
2023-02-11 23:19:13,747 [INFO] Epoch 068/100, loss=1.465580, score=0.112600, time=32.40sec.
100%|███████████████████████████████████████████████████████████| 7500/7500 [00:31<00:00, 236.16it/s]
2023-02-11 23:19:45,506 [INFO] Epoch 069/100, loss=1.465529, score=0.112500, time=31.76sec.
100%|███████████████████████████████████████████████████████████| 7500/7500 [00:31<00:00, 240.45it/s]
2023-02-11 23:20:16,698 [INFO] Epoch 070/100, loss=1.465496, score=0.112550, time=31.19sec.
100%|█████████████████████████████████████████████████████████| 10000/10000 [00:12<00:00, 796.82it/s]
2023-02-11 23:20:29,249 [INFO] eval_scores=[0.11369999498128891]
2023-02-11 23:20:29,251 [INFO] Saved model to saved_models/LeNet_MNIST_Perm_0/checkpoint_070.pt.
100%|███████████████████████████████████████████████████████████| 7500/7500 [00:30<00:00, 242.52it/s]
2023-02-11 23:21:00,177 [INFO] Epoch 071/100, loss=1.465411, score=0.112550, time=30.93sec.
100%|███████████████████████████████████████████████████████████| 7500/7500 [00:31<00:00, 239.65it/s]
2023-02-11 23:21:31,473 [INFO] Epoch 072/100, loss=1.465359, score=0.112533, time=31.30sec.
100%|███████████████████████████████████████████████████████████| 7500/7500 [00:31<00:00, 241.41it/s]
2023-02-11 23:22:02,542 [INFO] Epoch 073/100, loss=1.465295, score=0.112550, time=31.07sec.
100%|███████████████████████████████████████████████████████████| 7500/7500 [00:30<00:00, 242.60it/s]
2023-02-11 23:22:33,458 [INFO] Epoch 074/100, loss=1.465233, score=0.112567, time=30.92sec.
100%|███████████████████████████████████████████████████████████| 7500/7500 [00:31<00:00, 240.32it/s]
2023-02-11 23:23:04,668 [INFO] Epoch 075/100, loss=1.465171, score=0.112567, time=31.21sec.
100%|█████████████████████████████████████████████████████████| 10000/10000 [00:12<00:00, 800.88it/s]
2023-02-11 23:23:17,155 [INFO] eval_scores=[0.11400000005960464]
2023-02-11 23:23:17,157 [INFO] Saved model to saved_models/LeNet_MNIST_Perm_0/checkpoint_075.pt.
100%|███████████████████████████████████████████████████████████| 7500/7500 [00:31<00:00, 241.52it/s]
2023-02-11 23:23:48,211 [INFO] Epoch 076/100, loss=1.465138, score=0.112550, time=31.05sec.
100%|███████████████████████████████████████████████████████████| 7500/7500 [00:31<00:00, 240.94it/s]
2023-02-11 23:24:19,339 [INFO] Epoch 077/100, loss=1.465072, score=0.112583, time=31.13sec.
100%|███████████████████████████████████████████████████████████| 7500/7500 [00:30<00:00, 242.23it/s]
2023-02-11 23:24:50,302 [INFO] Epoch 078/100, loss=1.465043, score=0.112567, time=30.96sec.
100%|███████████████████████████████████████████████████████████| 7500/7500 [00:31<00:00, 241.55it/s]
2023-02-11 23:25:21,352 [INFO] Epoch 079/100, loss=1.465000, score=0.112550, time=31.05sec.
100%|███████████████████████████████████████████████████████████| 7500/7500 [00:31<00:00, 240.73it/s]
2023-02-11 23:25:52,509 [INFO] Epoch 080/100, loss=1.464987, score=0.112567, time=31.16sec.
100%|█████████████████████████████████████████████████████████| 10000/10000 [00:12<00:00, 793.02it/s]
2023-02-11 23:26:05,122 [INFO] eval_scores=[0.11400000005960464]
2023-02-11 23:26:05,124 [INFO] Saved model to saved_models/LeNet_MNIST_Perm_0/checkpoint_080.pt.
100%|███████████████████████████████████████████████████████████| 7500/7500 [00:31<00:00, 240.61it/s]
2023-02-11 23:26:36,297 [INFO] Epoch 081/100, loss=1.464896, score=0.112550, time=31.17sec.
100%|███████████████████████████████████████████████████████████| 7500/7500 [00:31<00:00, 240.87it/s]
2023-02-11 23:27:07,435 [INFO] Epoch 082/100, loss=1.464872, score=0.112533, time=31.14sec.
100%|███████████████████████████████████████████████████████████| 7500/7500 [00:31<00:00, 240.82it/s]
2023-02-11 23:27:38,579 [INFO] Epoch 083/100, loss=1.464805, score=0.112500, time=31.14sec.
100%|███████████████████████████████████████████████████████████| 7500/7500 [00:30<00:00, 242.51it/s]
2023-02-11 23:28:09,507 [INFO] Epoch 084/100, loss=1.464800, score=0.112483, time=30.93sec.
100%|███████████████████████████████████████████████████████████| 7500/7500 [00:31<00:00, 241.88it/s]
2023-02-11 23:28:40,515 [INFO] Epoch 085/100, loss=1.464741, score=0.112483, time=31.01sec.
100%|█████████████████████████████████████████████████████████| 10000/10000 [00:12<00:00, 800.66it/s]
2023-02-11 23:28:53,009 [INFO] eval_scores=[0.11419999599456787]
2023-02-11 23:28:53,011 [INFO] Saved model to saved_models/LeNet_MNIST_Perm_0/checkpoint_085.pt.
100%|███████████████████████████████████████████████████████████| 7500/7500 [00:31<00:00, 241.32it/s]
2023-02-11 23:29:24,094 [INFO] Epoch 086/100, loss=1.464723, score=0.112517, time=31.08sec.
100%|███████████████████████████████████████████████████████████| 7500/7500 [00:30<00:00, 244.19it/s]
2023-02-11 23:29:54,808 [INFO] Epoch 087/100, loss=1.464695, score=0.112483, time=30.71sec.
100%|███████████████████████████████████████████████████████████| 7500/7500 [00:27<00:00, 276.11it/s]
2023-02-11 23:30:21,972 [INFO] Epoch 088/100, loss=1.464641, score=0.112533, time=27.16sec.
100%|███████████████████████████████████████████████████████████| 7500/7500 [00:27<00:00, 275.13it/s]
2023-02-11 23:30:49,232 [INFO] Epoch 089/100, loss=1.464632, score=0.112517, time=27.26sec.
100%|███████████████████████████████████████████████████████████| 7500/7500 [00:27<00:00, 275.31it/s]
2023-02-11 23:31:16,475 [INFO] Epoch 090/100, loss=1.464604, score=0.112517, time=27.24sec.
100%|█████████████████████████████████████████████████████████| 10000/10000 [00:10<00:00, 992.23it/s]
2023-02-11 23:31:26,554 [INFO] eval_scores=[0.11429999768733978]
2023-02-11 23:31:26,556 [INFO] Saved model to saved_models/LeNet_MNIST_Perm_0/checkpoint_090.pt.
100%|███████████████████████████████████████████████████████████| 7500/7500 [00:27<00:00, 275.60it/s]
2023-02-11 23:31:53,769 [INFO] Epoch 091/100, loss=1.464578, score=0.112517, time=27.21sec.
100%|███████████████████████████████████████████████████████████| 7500/7500 [00:27<00:00, 275.65it/s]
2023-02-11 23:32:20,978 [INFO] Epoch 092/100, loss=1.464531, score=0.112500, time=27.21sec.
100%|███████████████████████████████████████████████████████████| 7500/7500 [00:27<00:00, 276.19it/s]
2023-02-11 23:32:48,134 [INFO] Epoch 093/100, loss=1.464541, score=0.112500, time=27.16sec.
100%|███████████████████████████████████████████████████████████| 7500/7500 [00:27<00:00, 275.36it/s]
2023-02-11 23:33:15,371 [INFO] Epoch 094/100, loss=1.464504, score=0.112533, time=27.24sec.
100%|███████████████████████████████████████████████████████████| 7500/7500 [00:27<00:00, 275.72it/s]
2023-02-11 23:33:42,573 [INFO] Epoch 095/100, loss=1.464482, score=0.112533, time=27.20sec.
100%|█████████████████████████████████████████████████████████| 10000/10000 [00:10<00:00, 998.48it/s]
2023-02-11 23:33:52,589 [INFO] eval_scores=[0.11419999599456787]
2023-02-11 23:33:52,591 [INFO] Saved model to saved_models/LeNet_MNIST_Perm_0/checkpoint_095.pt.
100%|███████████████████████████████████████████████████████████| 7500/7500 [00:27<00:00, 275.55it/s]
2023-02-11 23:34:19,810 [INFO] Epoch 096/100, loss=1.464474, score=0.112517, time=27.22sec.
100%|███████████████████████████████████████████████████████████| 7500/7500 [00:27<00:00, 275.41it/s]
2023-02-11 23:34:47,042 [INFO] Epoch 097/100, loss=1.464439, score=0.112500, time=27.23sec.
100%|███████████████████████████████████████████████████████████| 7500/7500 [00:27<00:00, 276.57it/s]
2023-02-11 23:35:14,160 [INFO] Epoch 098/100, loss=1.464419, score=0.112517, time=27.12sec.
100%|███████████████████████████████████████████████████████████| 7500/7500 [00:27<00:00, 275.41it/s]
2023-02-11 23:35:41,393 [INFO] Epoch 099/100, loss=1.464402, score=0.112550, time=27.23sec.
100%|███████████████████████████████████████████████████████████| 7500/7500 [00:27<00:00, 275.56it/s]
2023-02-11 23:36:08,611 [INFO] Epoch 100/100, loss=1.464377, score=0.112550, time=27.22sec.
100%|█████████████████████████████████████████████████████████| 10000/10000 [00:10<00:00, 985.41it/s]
2023-02-11 23:36:18,759 [INFO] eval_scores=[0.11409999430179596]
2023-02-11 23:36:18,761 [INFO] Saved model to saved_models/LeNet_MNIST_Perm_0/checkpoint_100.pt.
