[INFO] 02-15 21:17:07 - Using device cuda:0.
[INFO] 02-15 21:17:07 - Experiment tag: "LeNet_MNIST_Multi_2".
[INFO] 02-15 21:17:07 - Number of trainable parameters: 61706.
[INFO] 02-15 21:17:07 - criterion=MultiTaskCriterion
[INFO] 02-15 21:17:07 -     weight=0.9091, criterion=CrossEntropyLoss()
[INFO] 02-15 21:17:07 -     weight=0.0909, criterion=MappedMNISTCEL([4, 1, 7, 5, 3, 9, 0, 8, 6, 2]).
[INFO] 02-15 21:17:07 - optimizer=SGD
[INFO] 02-15 21:17:07 -     dampening=0
[INFO] 02-15 21:17:07 -     foreach=None
[INFO] 02-15 21:17:07 -     lr=0.001
[INFO] 02-15 21:17:07 -     maximize=False
[INFO] 02-15 21:17:07 -     momentum=0.9
[INFO] 02-15 21:17:07 -     nesterov=False
[INFO] 02-15 21:17:07 -     weight_decay=0
[INFO] 02-15 21:17:07 - epochs=100.
[INFO] 02-15 21:17:07 - batch_size=8.
[INFO] 02-15 21:17:45 - Epoch 001/100, loss=2.242758, score=0.207083, time=38.04sec.
[INFO] 02-15 21:18:20 - Epoch 002/100, loss=1.769414, score=0.792200, time=35.28sec.
[INFO] 02-15 21:18:56 - Epoch 003/100, loss=1.643640, score=0.906700, time=36.01sec.
[INFO] 02-15 21:19:33 - Epoch 004/100, loss=1.617648, score=0.927817, time=36.15sec.
[INFO] 02-15 21:20:10 - Epoch 005/100, loss=1.602633, score=0.941900, time=37.27sec.
[INFO] 02-15 21:20:24 - eval_scores=[0.9520999789237976]
[INFO] 02-15 21:20:24 - Saved model to saved_models/LeNet_MNIST_Multi_2/checkpoint_005.pt.
[INFO] 02-15 21:21:02 - Epoch 006/100, loss=1.591785, score=0.952967, time=38.08sec.
[INFO] 02-15 21:21:41 - Epoch 007/100, loss=1.583522, score=0.961167, time=37.99sec.
[INFO] 02-15 21:22:24 - Epoch 008/100, loss=1.577519, score=0.966900, time=42.47sec.
[INFO] 02-15 21:23:08 - Epoch 009/100, loss=1.572973, score=0.971917, time=43.50sec.
[INFO] 02-15 21:24:00 - Epoch 010/100, loss=1.569368, score=0.974500, time=51.64sec.
[INFO] 02-15 21:24:22 - eval_scores=[0.9757999777793884]
[INFO] 02-15 21:24:22 - Saved model to saved_models/LeNet_MNIST_Multi_2/checkpoint_010.pt.
[INFO] 02-15 21:25:13 - Epoch 011/100, loss=1.566752, score=0.977050, time=50.13sec.
[INFO] 02-15 21:26:06 - Epoch 012/100, loss=1.564668, score=0.979017, time=51.83sec.
[INFO] 02-15 21:26:57 - Epoch 013/100, loss=1.562778, score=0.980717, time=50.33sec.
[INFO] 02-15 21:27:51 - Epoch 014/100, loss=1.561266, score=0.982250, time=53.02sec.
[INFO] 02-15 21:28:42 - Epoch 015/100, loss=1.559766, score=0.983967, time=48.69sec.
[INFO] 02-15 21:29:04 - eval_scores=[0.9835999608039856]
[INFO] 02-15 21:29:04 - Saved model to saved_models/LeNet_MNIST_Multi_2/checkpoint_015.pt.
[INFO] 02-15 21:29:59 - Epoch 016/100, loss=1.558578, score=0.985400, time=53.09sec.
[INFO] 02-15 21:30:54 - Epoch 017/100, loss=1.557613, score=0.986267, time=53.20sec.
[INFO] 02-15 21:31:48 - Epoch 018/100, loss=1.556825, score=0.986500, time=52.62sec.
[INFO] 02-15 21:32:46 - Epoch 019/100, loss=1.555892, score=0.987800, time=55.96sec.
[INFO] 02-15 21:33:52 - Epoch 020/100, loss=1.555219, score=0.988483, time=63.47sec.
[INFO] 02-15 21:34:22 - eval_scores=[0.9850999712944031]
[INFO] 02-15 21:34:22 - Saved model to saved_models/LeNet_MNIST_Multi_2/checkpoint_020.pt.
[INFO] 02-15 21:35:32 - Epoch 021/100, loss=1.554483, score=0.988850, time=67.17sec.
[INFO] 02-15 21:36:39 - Epoch 022/100, loss=1.553889, score=0.989750, time=64.50sec.
[INFO] 02-15 21:37:40 - Epoch 023/100, loss=1.553223, score=0.990417, time=57.72sec.
[INFO] 02-15 21:38:43 - Epoch 024/100, loss=1.552892, score=0.990733, time=59.90sec.
[INFO] 02-15 21:39:51 - Epoch 025/100, loss=1.552409, score=0.990900, time=63.78sec.
[INFO] 02-15 21:40:21 - eval_scores=[0.986299991607666]
[INFO] 02-15 21:40:21 - Saved model to saved_models/LeNet_MNIST_Multi_2/checkpoint_025.pt.
[INFO] 02-15 21:41:26 - Epoch 026/100, loss=1.551925, score=0.991350, time=62.22sec.
[INFO] 02-15 21:42:30 - Epoch 027/100, loss=1.551471, score=0.991817, time=60.28sec.
[INFO] 02-15 21:43:31 - Epoch 028/100, loss=1.551136, score=0.992233, time=57.91sec.
[INFO] 02-15 21:44:32 - Epoch 029/100, loss=1.550760, score=0.992433, time=57.54sec.
[INFO] 02-15 21:45:38 - Epoch 030/100, loss=1.550414, score=0.992917, time=63.47sec.
[INFO] 02-15 21:46:11 - eval_scores=[0.9871999621391296]
[INFO] 02-15 21:46:11 - Saved model to saved_models/LeNet_MNIST_Multi_2/checkpoint_030.pt.
[INFO] 02-15 21:47:24 - Epoch 031/100, loss=1.550123, score=0.993267, time=68.21sec.
[INFO] 02-15 21:48:40 - Epoch 032/100, loss=1.549853, score=0.993500, time=70.39sec.
[INFO] 02-15 21:49:50 - Epoch 033/100, loss=1.549603, score=0.993517, time=66.07sec.
[INFO] 02-15 21:51:05 - Epoch 034/100, loss=1.549305, score=0.993867, time=69.77sec.
[INFO] 02-15 21:52:20 - Epoch 035/100, loss=1.549097, score=0.993983, time=70.61sec.
[INFO] 02-15 21:52:54 - eval_scores=[0.9879999756813049]
[INFO] 02-15 21:52:54 - Saved model to saved_models/LeNet_MNIST_Multi_2/checkpoint_035.pt.
[INFO] 02-15 21:54:08 - Epoch 036/100, loss=1.548858, score=0.994183, time=68.62sec.
[INFO] 02-15 21:55:23 - Epoch 037/100, loss=1.548604, score=0.994400, time=70.45sec.
[INFO] 02-15 21:56:32 - Epoch 038/100, loss=1.548468, score=0.994517, time=63.77sec.
[INFO] 02-15 21:57:45 - Epoch 039/100, loss=1.548218, score=0.994833, time=67.16sec.
[INFO] 02-15 21:58:58 - Epoch 040/100, loss=1.548050, score=0.994800, time=68.16sec.
[INFO] 02-15 21:59:28 - eval_scores=[0.9870999455451965]
[INFO] 02-15 21:59:28 - Saved model to saved_models/LeNet_MNIST_Multi_2/checkpoint_040.pt.
[INFO] 02-15 22:00:41 - Epoch 041/100, loss=1.547963, score=0.994933, time=67.40sec.
[INFO] 02-15 22:01:53 - Epoch 042/100, loss=1.547705, score=0.995133, time=66.55sec.
[INFO] 02-15 22:03:01 - Epoch 043/100, loss=1.547647, score=0.995050, time=62.16sec.
[INFO] 02-15 22:04:13 - Epoch 044/100, loss=1.547541, score=0.995250, time=65.54sec.
[INFO] 02-15 22:05:26 - Epoch 045/100, loss=1.547402, score=0.995367, time=66.93sec.
[INFO] 02-15 22:05:58 - eval_scores=[0.9883999824523926]
[INFO] 02-15 22:05:58 - Saved model to saved_models/LeNet_MNIST_Multi_2/checkpoint_045.pt.
[INFO] 02-15 22:07:12 - Epoch 046/100, loss=1.547243, score=0.995433, time=67.80sec.
[INFO] 02-15 22:08:27 - Epoch 047/100, loss=1.547109, score=0.995533, time=68.15sec.
[INFO] 02-15 22:09:37 - Epoch 048/100, loss=1.546981, score=0.995567, time=63.19sec.
[INFO] 02-15 22:10:48 - Epoch 049/100, loss=1.546885, score=0.995667, time=65.00sec.
[INFO] 02-15 22:12:05 - Epoch 050/100, loss=1.546772, score=0.995783, time=68.61sec.
[INFO] 02-15 22:12:35 - eval_scores=[0.9884999990463257]
[INFO] 02-15 22:12:35 - Saved model to saved_models/LeNet_MNIST_Multi_2/checkpoint_050.pt.
[INFO] 02-15 22:13:48 - Epoch 051/100, loss=1.546771, score=0.995733, time=65.47sec.
[INFO] 02-15 22:15:08 - Epoch 052/100, loss=1.546624, score=0.995850, time=72.15sec.
[INFO] 02-15 22:16:22 - Epoch 053/100, loss=1.546525, score=0.995950, time=66.00sec.
[INFO] 02-15 22:17:42 - Epoch 054/100, loss=1.546382, score=0.996017, time=72.15sec.
[INFO] 02-15 22:18:58 - Epoch 055/100, loss=1.546354, score=0.996033, time=68.53sec.
[INFO] 02-15 22:19:31 - eval_scores=[0.9887999892234802]
[INFO] 02-15 22:19:31 - Saved model to saved_models/LeNet_MNIST_Multi_2/checkpoint_055.pt.
[INFO] 02-15 22:20:46 - Epoch 056/100, loss=1.546276, score=0.996183, time=67.02sec.
[INFO] 02-15 22:22:00 - Epoch 057/100, loss=1.546158, score=0.996250, time=67.50sec.
[INFO] 02-15 22:23:14 - Epoch 058/100, loss=1.546091, score=0.996367, time=65.24sec.
[INFO] 02-15 22:24:34 - Epoch 059/100, loss=1.546018, score=0.996350, time=70.72sec.
[INFO] 02-15 22:25:52 - Epoch 060/100, loss=1.545978, score=0.996450, time=71.02sec.
[INFO] 02-15 22:26:23 - eval_scores=[0.988599956035614]
[INFO] 02-15 22:26:23 - Saved model to saved_models/LeNet_MNIST_Multi_2/checkpoint_060.pt.
[INFO] 02-15 22:27:40 - Epoch 061/100, loss=1.545907, score=0.996433, time=68.18sec.
[INFO] 02-15 22:28:54 - Epoch 062/100, loss=1.545834, score=0.996533, time=64.86sec.
[INFO] 02-15 22:30:10 - Epoch 063/100, loss=1.545758, score=0.996500, time=66.46sec.
[INFO] 02-15 22:31:25 - Epoch 064/100, loss=1.545757, score=0.996583, time=66.31sec.
[INFO] 02-15 22:32:44 - Epoch 065/100, loss=1.545616, score=0.996667, time=69.22sec.
[INFO] 02-15 22:33:16 - eval_scores=[0.9888999462127686]
[INFO] 02-15 22:33:16 - Saved model to saved_models/LeNet_MNIST_Multi_2/checkpoint_065.pt.
[INFO] 02-15 22:34:34 - Epoch 066/100, loss=1.545610, score=0.996667, time=68.74sec.
[INFO] 02-15 22:35:46 - Epoch 067/100, loss=1.545575, score=0.996667, time=61.73sec.
[INFO] 02-15 22:37:02 - Epoch 068/100, loss=1.545533, score=0.996733, time=67.19sec.
[INFO] 02-15 22:38:21 - Epoch 069/100, loss=1.545461, score=0.996717, time=68.28sec.
[INFO] 02-15 22:39:38 - Epoch 070/100, loss=1.545475, score=0.996667, time=66.66sec.
[INFO] 02-15 22:40:08 - eval_scores=[0.9890999794006348]
[INFO] 02-15 22:40:08 - Saved model to saved_models/LeNet_MNIST_Multi_2/checkpoint_070.pt.
[INFO] 02-15 22:41:26 - Epoch 071/100, loss=1.545412, score=0.996800, time=66.76sec.
[INFO] 02-15 22:42:40 - Epoch 072/100, loss=1.545367, score=0.996817, time=64.25sec.
[INFO] 02-15 22:43:56 - Epoch 073/100, loss=1.545303, score=0.996833, time=65.59sec.
[INFO] 02-15 22:45:11 - Epoch 074/100, loss=1.545308, score=0.996783, time=63.62sec.
[INFO] 02-15 22:46:30 - Epoch 075/100, loss=1.545268, score=0.996833, time=67.24sec.
[INFO] 02-15 22:47:02 - eval_scores=[0.9896000027656555]
[INFO] 02-15 22:47:02 - Saved model to saved_models/LeNet_MNIST_Multi_2/checkpoint_075.pt.
[INFO] 02-15 22:48:17 - Epoch 076/100, loss=1.545254, score=0.996833, time=64.20sec.
[INFO] 02-15 22:49:32 - Epoch 077/100, loss=1.545175, score=0.996900, time=64.04sec.
[INFO] 02-15 22:50:54 - Epoch 078/100, loss=1.545180, score=0.996900, time=70.23sec.
[INFO] 02-15 22:52:15 - Epoch 079/100, loss=1.545133, score=0.996917, time=68.75sec.
[INFO] 02-15 22:53:32 - Epoch 080/100, loss=1.545111, score=0.996967, time=65.84sec.
[INFO] 02-15 22:54:05 - eval_scores=[0.9890999794006348]
[INFO] 02-15 22:54:05 - Saved model to saved_models/LeNet_MNIST_Multi_2/checkpoint_080.pt.
[INFO] 02-15 22:55:23 - Epoch 081/100, loss=1.545076, score=0.997000, time=66.34sec.
[INFO] 02-15 22:56:37 - Epoch 082/100, loss=1.545033, score=0.997050, time=62.78sec.
[INFO] 02-15 22:57:56 - Epoch 083/100, loss=1.545016, score=0.997033, time=66.25sec.
[INFO] 02-15 22:59:15 - Epoch 084/100, loss=1.544974, score=0.997050, time=66.82sec.
[INFO] 02-15 23:00:31 - Epoch 085/100, loss=1.544953, score=0.997067, time=64.15sec.
[INFO] 02-15 23:01:02 - eval_scores=[0.9892999529838562]
[INFO] 02-15 23:01:02 - Saved model to saved_models/LeNet_MNIST_Multi_2/checkpoint_085.pt.
[INFO] 02-15 23:02:15 - Epoch 086/100, loss=1.544922, score=0.997100, time=61.27sec.
[INFO] 02-15 23:03:31 - Epoch 087/100, loss=1.544911, score=0.997083, time=62.49sec.
[INFO] 02-15 23:04:50 - Epoch 088/100, loss=1.544891, score=0.997117, time=65.76sec.
[INFO] 02-15 23:06:07 - Epoch 089/100, loss=1.544852, score=0.997133, time=64.77sec.
[INFO] 02-15 23:07:26 - Epoch 090/100, loss=1.544864, score=0.997133, time=65.82sec.
[INFO] 02-15 23:07:57 - eval_scores=[0.989799976348877]
[INFO] 02-15 23:07:57 - Saved model to saved_models/LeNet_MNIST_Multi_2/checkpoint_090.pt.
[INFO] 02-15 23:09:10 - Epoch 091/100, loss=1.544823, score=0.997167, time=59.02sec.
[INFO] 02-15 23:10:29 - Epoch 092/100, loss=1.544801, score=0.997150, time=64.69sec.
[INFO] 02-15 23:11:35 - Epoch 093/100, loss=1.544782, score=0.997167, time=54.44sec.
[INFO] 02-15 23:12:44 - Epoch 094/100, loss=1.544790, score=0.997167, time=56.92sec.
[INFO] 02-15 23:13:50 - Epoch 095/100, loss=1.544752, score=0.997200, time=54.73sec.
[INFO] 02-15 23:14:17 - eval_scores=[0.9894999861717224]
[INFO] 02-15 23:14:17 - Saved model to saved_models/LeNet_MNIST_Multi_2/checkpoint_095.pt.
[INFO] 02-15 23:15:24 - Epoch 096/100, loss=1.544722, score=0.997217, time=55.24sec.
[INFO] 02-15 23:16:32 - Epoch 097/100, loss=1.544718, score=0.997200, time=54.93sec.
[INFO] 02-15 23:17:42 - Epoch 098/100, loss=1.544702, score=0.997200, time=58.24sec.
[INFO] 02-15 23:18:55 - Epoch 099/100, loss=1.544674, score=0.997250, time=60.20sec.
[INFO] 02-15 23:19:57 - Epoch 100/100, loss=1.544659, score=0.997233, time=50.98sec.
[INFO] 02-15 23:20:23 - eval_scores=[0.9891999959945679]
[INFO] 02-15 23:20:23 - Saved model to saved_models/LeNet_MNIST_Multi_2/checkpoint_100.pt.
[INFO] 02-16 18:04:59 - Using device cuda:0.
[INFO] 02-16 18:04:59 - Loaded model from saved_models/LeNet_MNIST_Multi_2/checkpoint_100.pt.
[INFO] 02-16 18:04:59 - Experiment tag: "LeNet_MNIST_Multi_2".
[INFO] 02-16 18:04:59 - Number of trainable parameters: 61706.
[INFO] 02-16 18:04:59 - criterion=MultiTaskCriterion
[INFO] 02-16 18:04:59 -     weight=0.9091, criterion=CrossEntropyLoss()
[INFO] 02-16 18:04:59 -     weight=0.0909, criterion=MappedMNISTCEL([4, 1, 7, 5, 3, 9, 0, 8, 6, 2]).
[INFO] 02-16 18:04:59 - optimizer=SGD
[INFO] 02-16 18:04:59 -     dampening=0
[INFO] 02-16 18:04:59 -     foreach=None
[INFO] 02-16 18:04:59 -     lr=0.001
[INFO] 02-16 18:04:59 -     maximize=False
[INFO] 02-16 18:04:59 -     momentum=0.9
[INFO] 02-16 18:04:59 -     nesterov=False
[INFO] 02-16 18:04:59 -     weight_decay=0
[INFO] 02-16 18:04:59 - epochs=100.
[INFO] 02-16 18:04:59 - batch_size=8.
[INFO] 02-16 18:05:29 - Epoch 101/200, loss=1.544653, score=0.997250, time=30.28sec.
[INFO] 02-16 18:05:57 - Epoch 102/200, loss=1.544634, score=0.997267, time=28.21sec.
[INFO] 02-16 18:06:26 - Epoch 103/200, loss=1.544615, score=0.997283, time=28.63sec.
[INFO] 02-16 18:06:54 - Epoch 104/200, loss=1.544598, score=0.997317, time=28.45sec.
[INFO] 02-16 18:07:23 - Epoch 105/200, loss=1.544594, score=0.997300, time=28.65sec.
[INFO] 02-16 18:07:34 - eval_scores=[0.9894999861717224]
[INFO] 02-16 18:07:34 - Saved model to saved_models/LeNet_MNIST_Multi_2/checkpoint_105.pt.
[INFO] 02-16 18:08:02 - Epoch 106/200, loss=1.544567, score=0.997317, time=28.38sec.
[INFO] 02-16 18:08:31 - Epoch 107/200, loss=1.544575, score=0.997283, time=28.40sec.
[INFO] 02-16 18:09:00 - Epoch 108/200, loss=1.544548, score=0.997317, time=28.43sec.
[INFO] 02-16 18:09:29 - Epoch 109/200, loss=1.544545, score=0.997333, time=28.79sec.
[INFO] 02-16 18:09:58 - Epoch 110/200, loss=1.544540, score=0.997317, time=28.52sec.
[INFO] 02-16 18:10:08 - eval_scores=[0.9894999861717224]
[INFO] 02-16 18:10:08 - Saved model to saved_models/LeNet_MNIST_Multi_2/checkpoint_110.pt.
[INFO] 02-16 18:10:38 - Epoch 111/200, loss=1.544519, score=0.997350, time=28.49sec.
[INFO] 02-16 18:11:07 - Epoch 112/200, loss=1.544514, score=0.997350, time=28.38sec.
[INFO] 02-16 18:11:36 - Epoch 113/200, loss=1.544492, score=0.997350, time=28.35sec.
[INFO] 02-16 18:12:05 - Epoch 114/200, loss=1.544501, score=0.997367, time=28.34sec.
[INFO] 02-16 18:12:35 - Epoch 115/200, loss=1.544480, score=0.997350, time=28.80sec.
[INFO] 02-16 18:12:45 - eval_scores=[0.9892999529838562]
[INFO] 02-16 18:12:45 - Saved model to saved_models/LeNet_MNIST_Multi_2/checkpoint_115.pt.
[INFO] 02-16 18:13:14 - Epoch 116/200, loss=1.544468, score=0.997367, time=28.29sec.
[INFO] 02-16 18:13:44 - Epoch 117/200, loss=1.544460, score=0.997367, time=28.55sec.
[INFO] 02-16 18:14:13 - Epoch 118/200, loss=1.544454, score=0.997383, time=28.38sec.
[INFO] 02-16 18:14:43 - Epoch 119/200, loss=1.544444, score=0.997400, time=28.32sec.
[INFO] 02-16 18:15:12 - Epoch 120/200, loss=1.544440, score=0.997383, time=28.36sec.
[INFO] 02-16 18:15:22 - eval_scores=[0.9896000027656555]
[INFO] 02-16 18:15:22 - Saved model to saved_models/LeNet_MNIST_Multi_2/checkpoint_120.pt.
[INFO] 02-16 18:15:52 - Epoch 121/200, loss=1.544426, score=0.997400, time=28.52sec.
[INFO] 02-16 18:16:22 - Epoch 122/200, loss=1.544413, score=0.997400, time=28.30sec.
[INFO] 02-16 18:16:51 - Epoch 123/200, loss=1.544425, score=0.997400, time=28.25sec.
[INFO] 02-16 18:17:22 - Epoch 124/200, loss=1.544401, score=0.997400, time=28.70sec.
[INFO] 02-16 18:17:51 - Epoch 125/200, loss=1.544398, score=0.997417, time=28.23sec.
[INFO] 02-16 18:18:02 - eval_scores=[0.9892999529838562]
[INFO] 02-16 18:18:02 - Saved model to saved_models/LeNet_MNIST_Multi_2/checkpoint_125.pt.
[INFO] 02-16 18:18:32 - Epoch 126/200, loss=1.544392, score=0.997417, time=28.60sec.
[INFO] 02-16 18:19:02 - Epoch 127/200, loss=1.544374, score=0.997450, time=28.40sec.
[INFO] 02-16 18:19:32 - Epoch 128/200, loss=1.544370, score=0.997467, time=28.23sec.
[INFO] 02-16 18:20:02 - Epoch 129/200, loss=1.544355, score=0.997450, time=28.23sec.
[INFO] 02-16 18:20:32 - Epoch 130/200, loss=1.544335, score=0.997517, time=28.38sec.
[INFO] 02-16 18:20:42 - eval_scores=[0.9893999695777893]
[INFO] 02-16 18:20:42 - Saved model to saved_models/LeNet_MNIST_Multi_2/checkpoint_130.pt.
[INFO] 02-16 18:21:12 - Epoch 131/200, loss=1.544327, score=0.997533, time=28.19sec.
[INFO] 02-16 18:21:43 - Epoch 132/200, loss=1.544304, score=0.997517, time=28.65sec.
[INFO] 02-16 18:22:14 - Epoch 133/200, loss=1.544296, score=0.997533, time=28.65sec.
[INFO] 02-16 18:22:44 - Epoch 134/200, loss=1.544271, score=0.997567, time=28.24sec.
[INFO] 02-16 18:23:14 - Epoch 135/200, loss=1.544267, score=0.997567, time=28.24sec.
[INFO] 02-16 18:23:25 - eval_scores=[0.9891999959945679]
[INFO] 02-16 18:23:25 - Saved model to saved_models/LeNet_MNIST_Multi_2/checkpoint_135.pt.
[INFO] 02-16 18:23:55 - Epoch 136/200, loss=1.544272, score=0.997600, time=28.08sec.
[INFO] 02-16 18:24:25 - Epoch 137/200, loss=1.544241, score=0.997617, time=28.12sec.
[INFO] 02-16 18:24:56 - Epoch 138/200, loss=1.544242, score=0.997600, time=28.61sec.
[INFO] 02-16 18:25:27 - Epoch 139/200, loss=1.544208, score=0.997650, time=28.06sec.
[INFO] 02-16 18:25:58 - Epoch 140/200, loss=1.544195, score=0.997650, time=28.11sec.
[INFO] 02-16 18:26:08 - eval_scores=[0.9896999597549438]
[INFO] 02-16 18:26:08 - Saved model to saved_models/LeNet_MNIST_Multi_2/checkpoint_140.pt.
[INFO] 02-16 18:26:39 - Epoch 141/200, loss=1.544201, score=0.997650, time=28.12sec.
[INFO] 02-16 18:27:09 - Epoch 142/200, loss=1.544167, score=0.997667, time=28.10sec.
[INFO] 02-16 18:27:40 - Epoch 143/200, loss=1.544167, score=0.997667, time=28.12sec.
[INFO] 02-16 18:28:12 - Epoch 144/200, loss=1.544165, score=0.997667, time=28.54sec.
[INFO] 02-16 18:28:43 - Epoch 145/200, loss=1.544142, score=0.997667, time=28.60sec.
[INFO] 02-16 18:28:54 - eval_scores=[0.9890999794006348]
[INFO] 02-16 18:28:54 - Saved model to saved_models/LeNet_MNIST_Multi_2/checkpoint_145.pt.
[INFO] 02-16 18:29:25 - Epoch 146/200, loss=1.544147, score=0.997667, time=28.69sec.
[INFO] 02-16 18:29:57 - Epoch 147/200, loss=1.544128, score=0.997683, time=28.55sec.
[INFO] 02-16 18:30:28 - Epoch 148/200, loss=1.544123, score=0.997717, time=27.99sec.
[INFO] 02-16 18:30:59 - Epoch 149/200, loss=1.544103, score=0.997717, time=27.97sec.
[INFO] 02-16 18:31:31 - Epoch 150/200, loss=1.544096, score=0.997733, time=28.29sec.
[INFO] 02-16 18:31:41 - eval_scores=[0.9894999861717224]
[INFO] 02-16 18:31:41 - Saved model to saved_models/LeNet_MNIST_Multi_2/checkpoint_150.pt.
[INFO] 02-16 18:32:13 - Epoch 151/200, loss=1.544088, score=0.997733, time=28.05sec.
[INFO] 02-16 18:32:44 - Epoch 152/200, loss=1.544085, score=0.997733, time=28.01sec.
[INFO] 02-16 18:33:16 - Epoch 153/200, loss=1.544090, score=0.997717, time=27.87sec.
[INFO] 02-16 18:33:48 - Epoch 154/200, loss=1.544075, score=0.997750, time=28.53sec.
[INFO] 02-16 18:34:20 - Epoch 155/200, loss=1.544070, score=0.997733, time=28.57sec.
[INFO] 02-16 18:34:30 - eval_scores=[0.9898999929428101]
[INFO] 02-16 18:34:30 - Saved model to saved_models/LeNet_MNIST_Multi_2/checkpoint_155.pt.
[INFO] 02-16 18:35:02 - Epoch 156/200, loss=1.544069, score=0.997750, time=27.90sec.
[INFO] 02-16 18:35:34 - Epoch 157/200, loss=1.544063, score=0.997750, time=27.92sec.
[INFO] 02-16 18:36:05 - Epoch 158/200, loss=1.544054, score=0.997767, time=27.83sec.
[INFO] 02-16 18:36:37 - Epoch 159/200, loss=1.544044, score=0.997767, time=27.62sec.
[INFO] 02-16 18:37:09 - Epoch 160/200, loss=1.544042, score=0.997783, time=27.82sec.
[INFO] 02-16 18:37:19 - eval_scores=[0.9896000027656555]
[INFO] 02-16 18:37:19 - Saved model to saved_models/LeNet_MNIST_Multi_2/checkpoint_160.pt.
[INFO] 02-16 18:37:52 - Epoch 161/200, loss=1.544026, score=0.997783, time=28.61sec.
[INFO] 02-16 18:38:25 - Epoch 162/200, loss=1.544024, score=0.997783, time=28.54sec.
[INFO] 02-16 18:38:57 - Epoch 163/200, loss=1.544015, score=0.997783, time=28.17sec.
[INFO] 02-16 18:39:29 - Epoch 164/200, loss=1.544012, score=0.997783, time=27.79sec.
[INFO] 02-16 18:40:02 - Epoch 165/200, loss=1.544010, score=0.997783, time=27.78sec.
[INFO] 02-16 18:40:12 - eval_scores=[0.9894999861717224]
[INFO] 02-16 18:40:12 - Saved model to saved_models/LeNet_MNIST_Multi_2/checkpoint_165.pt.
[INFO] 02-16 18:40:44 - Epoch 166/200, loss=1.544006, score=0.997783, time=27.80sec.
[INFO] 02-16 18:41:17 - Epoch 167/200, loss=1.544000, score=0.997783, time=28.11sec.
[INFO] 02-16 18:41:49 - Epoch 168/200, loss=1.543999, score=0.997783, time=27.71sec.
[INFO] 02-16 18:42:21 - Epoch 169/200, loss=1.543993, score=0.997783, time=27.90sec.
[INFO] 02-16 18:42:55 - Epoch 170/200, loss=1.543990, score=0.997783, time=28.62sec.
[INFO] 02-16 18:43:04 - eval_scores=[0.9891999959945679]
[INFO] 02-16 18:43:04 - Saved model to saved_models/LeNet_MNIST_Multi_2/checkpoint_170.pt.
[INFO] 02-16 18:43:36 - Epoch 171/200, loss=1.543989, score=0.997783, time=27.76sec.
[INFO] 02-16 18:44:10 - Epoch 172/200, loss=1.543984, score=0.997783, time=28.61sec.
[INFO] 02-16 18:44:42 - Epoch 173/200, loss=1.543981, score=0.997783, time=27.65sec.
[INFO] 02-16 18:45:15 - Epoch 174/200, loss=1.543980, score=0.997783, time=27.71sec.
[INFO] 02-16 18:45:48 - Epoch 175/200, loss=1.543977, score=0.997800, time=27.55sec.
[INFO] 02-16 18:45:58 - eval_scores=[0.9890999794006348]
[INFO] 02-16 18:45:58 - Saved model to saved_models/LeNet_MNIST_Multi_2/checkpoint_175.pt.
[INFO] 02-16 18:46:31 - Epoch 176/200, loss=1.543965, score=0.997817, time=27.70sec.
[INFO] 02-16 18:47:04 - Epoch 177/200, loss=1.543958, score=0.997817, time=27.70sec.
[INFO] 02-16 18:47:37 - Epoch 178/200, loss=1.543957, score=0.997833, time=28.53sec.
[INFO] 02-16 18:48:11 - Epoch 179/200, loss=1.543943, score=0.997833, time=28.58sec.
[INFO] 02-16 18:48:45 - Epoch 180/200, loss=1.543938, score=0.997833, time=28.28sec.
[INFO] 02-16 18:48:55 - eval_scores=[0.9892999529838562]
[INFO] 02-16 18:48:55 - Saved model to saved_models/LeNet_MNIST_Multi_2/checkpoint_180.pt.
[INFO] 02-16 18:49:29 - Epoch 181/200, loss=1.543936, score=0.997833, time=28.62sec.
[INFO] 02-16 18:50:03 - Epoch 182/200, loss=1.543932, score=0.997833, time=28.22sec.
[INFO] 02-16 18:50:36 - Epoch 183/200, loss=1.543930, score=0.997833, time=27.59sec.
[INFO] 02-16 18:51:10 - Epoch 184/200, loss=1.543924, score=0.997833, time=27.91sec.
[INFO] 02-16 18:51:43 - Epoch 185/200, loss=1.543924, score=0.997833, time=27.60sec.
[INFO] 02-16 18:51:53 - eval_scores=[0.9896000027656555]
[INFO] 02-16 18:51:53 - Saved model to saved_models/LeNet_MNIST_Multi_2/checkpoint_185.pt.
[INFO] 02-16 18:52:27 - Epoch 186/200, loss=1.543920, score=0.997833, time=27.58sec.
[INFO] 02-16 18:53:00 - Epoch 187/200, loss=1.543915, score=0.997850, time=27.54sec.
[INFO] 02-16 18:53:33 - Epoch 188/200, loss=1.543912, score=0.997850, time=27.47sec.
[INFO] 02-16 18:54:08 - Epoch 189/200, loss=1.543905, score=0.997867, time=28.65sec.
[INFO] 02-16 18:54:41 - Epoch 190/200, loss=1.543901, score=0.997867, time=27.21sec.
[INFO] 02-16 18:54:51 - eval_scores=[0.9896000027656555]
[INFO] 02-16 18:54:51 - Saved model to saved_models/LeNet_MNIST_Multi_2/checkpoint_190.pt.
[INFO] 02-16 18:55:26 - Epoch 191/200, loss=1.543897, score=0.997867, time=28.02sec.
[INFO] 02-16 18:55:59 - Epoch 192/200, loss=1.543893, score=0.997867, time=27.44sec.
[INFO] 02-16 18:56:33 - Epoch 193/200, loss=1.543886, score=0.997883, time=27.22sec.
[INFO] 02-16 18:57:08 - Epoch 194/200, loss=1.543878, score=0.997883, time=27.20sec.
[INFO] 02-16 18:57:42 - Epoch 195/200, loss=1.543882, score=0.997917, time=27.94sec.
[INFO] 02-16 18:57:52 - eval_scores=[0.9894999861717224]
[INFO] 02-16 18:57:52 - Saved model to saved_models/LeNet_MNIST_Multi_2/checkpoint_195.pt.
[INFO] 02-16 18:58:26 - Epoch 196/200, loss=1.543872, score=0.997917, time=27.41sec.
[INFO] 02-16 18:59:00 - Epoch 197/200, loss=1.543850, score=0.997933, time=27.40sec.
[INFO] 02-16 18:59:34 - Epoch 198/200, loss=1.543840, score=0.997933, time=28.15sec.
[INFO] 02-16 19:00:11 - Epoch 199/200, loss=1.543835, score=0.997933, time=29.19sec.
[INFO] 02-16 19:00:46 - Epoch 200/200, loss=1.543833, score=0.997933, time=28.58sec.
[INFO] 02-16 19:00:57 - eval_scores=[0.9893999695777893]
[INFO] 02-16 19:00:57 - Saved model to saved_models/LeNet_MNIST_Multi_2/checkpoint_200.pt.
