2023-02-11 22:42:33,455 [INFO] Epoch 029/100, loss=2.114651, score=0.003450, time=28.65sec.
100%|███████████████████████████████████████████████████████████████| 7500/7500 [00:28<00:00, 264.14it/s]
2023-02-11 22:43:01,850 [INFO] Epoch 030/100, loss=2.114303, score=0.003333, time=28.39sec.
100%|████████████████████████████████████████████████████████████| 10000/10000 [00:08<00:00, 1204.43it/s]
2023-02-11 22:43:10,153 [INFO] eval_scores=[0.0037999998312443495]
2023-02-11 22:43:10,155 [INFO] Saved model to saved_models/LeNet_MNIST_Perm/checkpoint_030.pt.
 74%|██████████████████████████████████████████████▋                            74%|██████████████████████████████████████████████▊             75%|███████████████████████████████████████████████                            75%|███████████████████████████████████████████████▏                 75%|███████████████████████████████████████████████▍                           76%|███████████████████████████████████████████████▌               | 5664/7500 76%|███████████████████████████████████████████████▊               | 5685/7500 76%|███████████████████████████████████████████████▉               | 5708/7500 76%|████████████████████████████████████████████████               | 5729/7500 77%|████████████████████████████████████████████████▎              | 5750/7500 77%|████████████████████████████████████████████████▍              | 5772/7500 77%|████████████████████████████████████████████████▋              | 5793/7500 78%|████████████████████████████████████████████████▊              | 5814/7500 78%|█████████████████████████████████████████████████              | 5835/7500 78%|█████████████████████████████████████████████████▏             | 5856/7500 78%|█████████████████████████████████████████████████▍             | 5878/7500 79%|█████████████████████████████████████████████████▌             | 5900/7500 79%|█████████████████████████████████████████████████▊             | 5923/7500 79%|█████████████████████████████████████████████████▉             | 5945/7500 80%|██████████████████████████████████████████████████             | 5967/7500 80%|██████████████████████████████████████████████████▎            | 5990/7500 80%|██████████████████████████████████████████████████▌            | 6013/7500 80%|██████████████████████████████████████████████████▋            | 6035/7500 81%|██████████████████████████████████████████████████▉            | 6058/7500 81%|███████████████████████████████████████████████████            | 6081/7500 81%|███████████████████████████████████████████████████▎           | 6104/7500 82%|███████████████████████████████████████████████████▍           | 6127/7500 82%|███████████████████████████████████████████████████▋           | 6149/7500 82%|███████████████████████████████████████████████████▊           | 6172/7500 83%|████████████████████████████████████████████████████           | 6195/7500 83%|████████████████████████████████████████████████████▏          | 6218/7500 83%|████████████████████████████████████████████████████▍          | 6241/7500 84%|████████████████████████████████████████████████████▌          | 6264/7500 84%|████████████████████████████████████████████████████▊          | 6287/7500 84%|█████████████████████████████████████████████████████          | 6310/7500 84%|█████████████████████████████████████████████████████▏         | 6332/7500 85%|█████████████████████████████████████████████████████▎         | 6353/7500 85%|█████████████████████████████████████████████████████▌         | 6374/7500 85%|█████████████████████████████████████████████████████▋         | 6395/7500 86%|█████████████████████████████████████████████████████▉         | 6417/7500 86%|██████████████████████████████████████████████████████         | 6438/7500 86%|██████████████████████████████████████████████████████▎        | 6459/7500 86%|██████████████████████████████████████████████████████▍        | 6480/7500 87%|██████████████████████████████████████████████████████▌        | 6502/7500 87%|██████████████████████████████████████████████████████▊        | 6525/7500 87%|██████████████████████████████████████████████████████▉        | 6547/7500 88%|███████████████████████████████████████████████████████▏       | 6568/7500 88%|███████████████████████████████████████████████████████▎       | 6589/7500 88%|███████████████████████████████████████████████████████▌       | 6610/7500 88%|███████████████████████████████████████████████████████▋       | 6632/7500 89%|███████████████████████████████████████████████████████▉       | 6653/7500 89%|████████████████████████████████████████████████████████       | 6674/7500 89%|████████████████████████████████████████████████████████▏      | 6694/7500 90%|████████████████████████████████████████████████████████▍      | 6715/7500 90%|████████████████████████████████████████████████████████▌      | 6735/7500 90%|████████████████████████████████████████████████████████▋      | 6755/7500 90%|████████████████████████████████████████████████████████▉      | 6776/7500 91%|█████████████████████████████████████████████████████████      | 6796/7500 91%|█████████████████████████████████████████████████████████▎     | 6817/7500 91%|█████████████████████████████████████████████████████████▍     | 6838/7500 91%|█████████████████████████████████████████████████████████▌     | 6859/7500 92%|█████████████████████████████████████████████████████████▊     | 6881/7500 92%|█████████████████████████████████████████████████████████▉     | 6903/7500 92%|██████████████████████████████████████████████████████████▏    | 6925/7500 93%|██████████████████████████████████████████████████████████▎    | 6947/7500 93%|██████████████████████████████████████████████████████████▌    | 6969/7500 93%|██████████████████████████████████████████████████████████▋    | 6991/7500 94%|██████████████████████████████████████████████████████████▉    | 7013/7500 94%|███████████████████████████████████████████████████████████    | 7035/7500 94%|███████████████████████████████████████████████████████████▎   | 7057/7500 94%|███████████████████████████████████████████████████████████▍   | 7079/7500 95%|███████████████████████████████████████████████████████████▋   | 7101/7500 95%|███████████████████████████████████████████████████████████▊   | 7123/7500 95%|████████████████████████████████████████████████████████████   | 7145/7500 96%|████████████████████████████████████████████████████████████▏  | 7167/7500 96%|████████████████████████████████████████████████████████████▍  | 7189/7500 96%|████████████████████████████████████████████████████████████▌  | 7211/7500 96%|████████████████████████████████████████████████████████████▊  | 7233/7500 97%|████████████████████████████████████████████████████████████▉  | 7254/7500 97%|█████████████████████████████████████████████████████████████  | 7276/7500 97%|█████████████████████████████████████████████████████████████▎ | 7298/7500 98%|█████████████████████████████████████████████████████████████▍ | 7320/7500 98%|█████████████████████████████████████████████████████████████▋ | 7343/7500 98%|█████████████████████████████████████████████████████████████▊ | 7366/7500 99%|██████████████████████████████████████████████████████████████ | 7388/7500 99%|██████████████████████████████████████████████████████████████▏| 7410/7500 99%|██████████████████████████████████████████████████████████████▍| 7432/7500 99%|██████████████████████████████████████████████████████████████▌| 7454/7500100%|██████████████████████████████████████████████████████████████▊| 7476/7500100%|██████████████████████████████████████████████████████████████▉| 7498/7500100%|███████████████████████████████████████████████████████████████| 7500/7500 [00:33<00:00, 226.06it/s]
2023-02-11 22:43:43,335 [INFO] Epoch 031/100, loss=2.114034, score=0.003433, time=33.18sec.
100%|█████████████████████████████████████| 7500/7500 [00:35<00:00, 209.93it/s]
2023-02-11 22:44:19,061 [INFO] Epoch 032/100, loss=2.113781, score=0.003283, time=35.73sec.
100%|███████████████████████████████████████████████████| 7500/7500 [00:34<00:00, 216.02it/s]
2023-02-11 22:44:53,781 [INFO] Epoch 033/100, loss=2.113509, score=0.003183, time=34.72sec.
100%|███████████████████████████████████████████████████| 7500/7500 [00:34<00:00, 219.21it/s]
2023-02-11 22:45:27,996 [INFO] Epoch 034/100, loss=2.113320, score=0.003117, time=34.21sec.
100%|███████████████████████████████████████████████████| 7500/7500 [00:34<00:00, 216.25it/s]
2023-02-11 22:46:02,679 [INFO] Epoch 035/100, loss=2.113126, score=0.003083, time=34.68sec.
100%|█████████████████████████████████████████████████| 10000/10000 [00:10<00:00, 959.19it/s]
2023-02-11 22:46:13,105 [INFO] eval_scores=[0.003399999812245369]
2023-02-11 22:46:13,107 [INFO] Saved model to saved_models/LeNet_MNIST_Perm/checkpoint_035.pt.
100%|███████████████████████████████████████████████████| 7500/7500 [00:33<00:00, 221.25it/s]
2023-02-11 22:46:47,006 [INFO] Epoch 036/100, loss=2.112934, score=0.002867, time=33.90sec.
100%|███████████████████████████████████████████████████| 7500/7500 [00:33<00:00, 221.90it/s]
2023-02-11 22:47:20,806 [INFO] Epoch 037/100, loss=2.112761, score=0.002933, time=33.80sec.
100%|███████████████████████████████████████████████████| 7500/7500 [00:33<00:00, 223.37it/s]
2023-02-11 22:47:54,383 [INFO] Epoch 038/100, loss=2.112627, score=0.002700, time=33.58sec.
100%|███████████████████████████████████████████████████| 7500/7500 [00:34<00:00, 220.33it/s]
2023-02-11 22:48:28,423 [INFO] Epoch 039/100, loss=2.112478, score=0.002733, time=34.04sec.
100%|███████████████████████████████████████████████████| 7500/7500 [00:34<00:00, 219.78it/s]
2023-02-11 22:49:02,548 [INFO] Epoch 040/100, loss=2.112349, score=0.002433, time=34.13sec.
100%|█████████████████████████████████████████████████████████| 10000/10000 [00:10<00:00, 941.48it/s]
2023-02-11 22:49:13,171 [INFO] eval_scores=[0.003399999812245369]
2023-02-11 22:49:13,173 [INFO] Saved model to saved_models/LeNet_MNIST_Perm/checkpoint_040.pt.
100%|███████████████████████████████████████████████████████████| 7500/7500 [00:33<00:00, 221.16it/s]
2023-02-11 22:49:47,086 [INFO] Epoch 041/100, loss=2.112233, score=0.002517, time=33.91sec.
100%|███████████████████████████████████████████████████████████| 7500/7500 [00:33<00:00, 223.24it/s]
2023-02-11 22:50:20,683 [INFO] Epoch 042/100, loss=2.112086, score=0.002300, time=33.60sec.
100%|███████████████████████████████████████████████████████████| 7500/7500 [00:34<00:00, 220.15it/s]
2023-02-11 22:50:54,752 [INFO] Epoch 043/100, loss=2.111986, score=0.002300, time=34.07sec.
100%|███████████████████████████████████████████████████████████| 7500/7500 [00:33<00:00, 222.85it/s]
2023-02-11 22:51:28,408 [INFO] Epoch 044/100, loss=2.111862, score=0.002200, time=33.66sec.
100%|███████████████████████████████████████████████████████████| 7500/7500 [00:33<00:00, 222.64it/s]
2023-02-11 22:52:02,095 [INFO] Epoch 045/100, loss=2.111759, score=0.002233, time=33.69sec.
100%|█████████████████████████████████████████████████████████| 10000/10000 [00:10<00:00, 947.93it/s]
2023-02-11 22:52:12,645 [INFO] eval_scores=[0.0030999998562037945]
2023-02-11 22:52:12,648 [INFO] Saved model to saved_models/LeNet_MNIST_Perm/checkpoint_045.pt.
100%|███████████████████████████████████████████████████████████| 7500/7500 [00:33<00:00, 223.45it/s]
2023-02-11 22:52:46,212 [INFO] Epoch 046/100, loss=2.111661, score=0.002183, time=33.56sec.
100%|███████████████████████████████████████████████████████████| 7500/7500 [00:34<00:00, 219.16it/s]
2023-02-11 22:53:20,435 [INFO] Epoch 047/100, loss=2.111556, score=0.002167, time=34.22sec.
100%|███████████████████████████████████████████████████████████| 7500/7500 [00:33<00:00, 222.13it/s]
2023-02-11 22:53:54,199 [INFO] Epoch 048/100, loss=2.111463, score=0.002050, time=33.76sec.
100%|███████████████████████████████████████████████████████████| 7500/7500 [00:34<00:00, 218.36it/s]
2023-02-11 22:54:28,552 [INFO] Epoch 049/100, loss=2.111350, score=0.002033, time=34.35sec.
100%|███████████████████████████████████████████████████████████| 7500/7500 [00:34<00:00, 220.35it/s]
2023-02-11 22:55:02,590 [INFO] Epoch 050/100, loss=2.111296, score=0.001933, time=34.04sec.
100%|█████████████████████████████████████████████████████████| 10000/10000 [00:10<00:00, 964.62it/s]
2023-02-11 22:55:12,958 [INFO] eval_scores=[0.003499999875202775]
2023-02-11 22:55:12,960 [INFO] Saved model to saved_models/LeNet_MNIST_Perm/checkpoint_050.pt.
100%|███████████████████████████████████████████████████████████| 7500/7500 [00:33<00:00, 222.30it/s]
2023-02-11 22:55:46,698 [INFO] Epoch 051/100, loss=2.111207, score=0.001983, time=33.74sec.
100%|███████████████████████████████████████████████████████████| 7500/7500 [00:33<00:00, 224.04it/s]
2023-02-11 22:56:20,175 [INFO] Epoch 052/100, loss=2.111126, score=0.001867, time=33.48sec.
100%|███████████████████████████████████████████████████████████| 7500/7500 [00:33<00:00, 224.14it/s]
2023-02-11 22:56:53,638 [INFO] Epoch 053/100, loss=2.111042, score=0.001800, time=33.46sec.
100%|███████████████████████████████████████████████████████████| 7500/7500 [00:33<00:00, 223.76it/s]
2023-02-11 22:57:27,156 [INFO] Epoch 054/100, loss=2.110955, score=0.001800, time=33.52sec.
100%|███████████████████████████████████████████████████████████| 7500/7500 [00:33<00:00, 223.41it/s]
2023-02-11 22:58:00,726 [INFO] Epoch 055/100, loss=2.110891, score=0.001817, time=33.57sec.
100%|█████████████████████████████████████████████████████████| 10000/10000 [00:10<00:00, 942.81it/s]
2023-02-11 22:58:11,334 [INFO] eval_scores=[0.0032999999821186066]
2023-02-11 22:58:11,336 [INFO] Saved model to saved_models/LeNet_MNIST_Perm/checkpoint_055.pt.
100%|███████████████████████████████████████████████████████████| 7500/7500 [00:33<00:00, 224.16it/s]
2023-02-11 22:58:44,795 [INFO] Epoch 056/100, loss=2.110825, score=0.001717, time=33.46sec.
100%|███████████████████████████████████████████████████████████| 7500/7500 [00:33<00:00, 224.35it/s]
2023-02-11 22:59:18,226 [INFO] Epoch 057/100, loss=2.110750, score=0.001650, time=33.43sec.
100%|███████████████████████████████████████████████████████████| 7500/7500 [00:33<00:00, 223.13it/s]
2023-02-11 22:59:51,840 [INFO] Epoch 058/100, loss=2.110694, score=0.001667, time=33.61sec.
100%|███████████████████████████████████████████████████████████| 7500/7500 [00:33<00:00, 221.57it/s]
2023-02-11 23:00:25,690 [INFO] Epoch 059/100, loss=2.110645, score=0.001667, time=33.85sec.
100%|███████████████████████████████████████████████████████████| 7500/7500 [00:33<00:00, 220.82it/s]
2023-02-11 23:00:59,654 [INFO] Epoch 060/100, loss=2.110565, score=0.001683, time=33.96sec.
100%|█████████████████████████████████████████████████████████| 10000/10000 [00:10<00:00, 949.56it/s]
2023-02-11 23:01:10,186 [INFO] eval_scores=[0.003700000001117587]
2023-02-11 23:01:10,188 [INFO] Saved model to saved_models/LeNet_MNIST_Perm/checkpoint_060.pt.
100%|███████████████████████████████████████████████████████████| 7500/7500 [00:33<00:00, 221.18it/s]
2023-02-11 23:01:44,098 [INFO] Epoch 061/100, loss=2.110512, score=0.001533, time=33.91sec.
100%|███████████████████████████████████████████████████████████| 7500/7500 [00:34<00:00, 216.80it/s]
2023-02-11 23:02:18,692 [INFO] Epoch 062/100, loss=2.110457, score=0.001550, time=34.59sec.
100%|███████████████████████████████████████████████████████████| 7500/7500 [00:38<00:00, 197.36it/s]
2023-02-11 23:02:56,695 [INFO] Epoch 063/100, loss=2.110397, score=0.001600, time=38.00sec.
100%|███████████████████████████████████████████████████████████| 7500/7500 [00:41<00:00, 180.68it/s]
2023-02-11 23:03:38,206 [INFO] Epoch 064/100, loss=2.110343, score=0.001567, time=41.51sec.
100%|███████████████████████████████████████████████████████████| 7500/7500 [00:41<00:00, 182.22it/s]
2023-02-11 23:04:19,367 [INFO] Epoch 065/100, loss=2.110287, score=0.001517, time=41.16sec.
100%|█████████████████████████████████████████████████████████| 10000/10000 [00:12<00:00, 774.02it/s]
2023-02-11 23:04:32,287 [INFO] eval_scores=[0.003399999812245369]
2023-02-11 23:04:32,290 [INFO] Saved model to saved_models/LeNet_MNIST_Perm/checkpoint_065.pt.
100%|███████████████████████████████████████████████████████████| 7500/7500 [00:41<00:00, 181.74it/s]
2023-02-11 23:05:13,559 [INFO] Epoch 066/100, loss=2.110232, score=0.001517, time=41.27sec.
100%|███████████████████████████████████████████████████████████| 7500/7500 [00:42<00:00, 177.57it/s]
2023-02-11 23:05:55,799 [INFO] Epoch 067/100, loss=2.110176, score=0.001500, time=42.24sec.
100%|███████████████████████████████████████████████████████████| 7500/7500 [00:41<00:00, 181.41it/s]
2023-02-11 23:06:37,144 [INFO] Epoch 068/100, loss=2.110136, score=0.001450, time=41.34sec.
100%|███████████████████████████████████████████████████████████| 7500/7500 [00:41<00:00, 181.66it/s]
2023-02-11 23:07:18,432 [INFO] Epoch 069/100, loss=2.110090, score=0.001417, time=41.29sec.
100%|███████████████████████████████████████████████████████████| 7500/7500 [00:41<00:00, 182.58it/s]
2023-02-11 23:07:59,511 [INFO] Epoch 070/100, loss=2.110037, score=0.001367, time=41.08sec.
100%|█████████████████████████████████████████████████████████| 10000/10000 [00:12<00:00, 776.77it/s]
2023-02-11 23:08:12,386 [INFO] eval_scores=[0.0030999998562037945]
2023-02-11 23:08:12,388 [INFO] Saved model to saved_models/LeNet_MNIST_Perm/checkpoint_070.pt.
100%|███████████████████████████████████████████████████████████| 7500/7500 [00:42<00:00, 176.92it/s]
2023-02-11 23:08:54,782 [INFO] Epoch 071/100, loss=2.109999, score=0.001500, time=42.39sec.
100%|███████████████████████████████████████████████████████████| 7500/7500 [00:41<00:00, 180.75it/s]
2023-02-11 23:09:36,279 [INFO] Epoch 072/100, loss=2.109945, score=0.001350, time=41.50sec.
100%|███████████████████████████████████████████████████████████| 7500/7500 [00:42<00:00, 178.07it/s]
2023-02-11 23:10:18,397 [INFO] Epoch 073/100, loss=2.109903, score=0.001383, time=42.12sec.
100%|███████████████████████████████████████████████████████████| 7500/7500 [00:41<00:00, 181.14it/s]
2023-02-11 23:10:59,803 [INFO] Epoch 074/100, loss=2.109861, score=0.001300, time=41.41sec.
100%|███████████████████████████████████████████████████████████| 7500/7500 [00:41<00:00, 180.79it/s]
2023-02-11 23:11:41,290 [INFO] Epoch 075/100, loss=2.109811, score=0.001333, time=41.49sec.
100%|█████████████████████████████████████████████████████████| 10000/10000 [00:13<00:00, 750.51it/s]
2023-02-11 23:11:54,616 [INFO] eval_scores=[0.00279999990016222]
2023-02-11 23:11:54,620 [INFO] Saved model to saved_models/LeNet_MNIST_Perm/checkpoint_075.pt.
100%|███████████████████████████████████████████████████████████| 7500/7500 [00:42<00:00, 177.39it/s]
2023-02-11 23:12:36,911 [INFO] Epoch 076/100, loss=2.109785, score=0.001350, time=42.29sec.
100%|███████████████████████████████████████████████████████████| 7500/7500 [00:41<00:00, 182.13it/s]
2023-02-11 23:13:18,092 [INFO] Epoch 077/100, loss=2.109731, score=0.001283, time=41.18sec.
100%|███████████████████████████████████████████████████████████| 7500/7500 [00:41<00:00, 182.51it/s]
2023-02-11 23:13:59,186 [INFO] Epoch 078/100, loss=2.109692, score=0.001267, time=41.09sec.
100%|███████████████████████████████████████████████████████████| 7500/7500 [00:41<00:00, 180.36it/s]
2023-02-11 23:14:40,770 [INFO] Epoch 079/100, loss=2.109650, score=0.001267, time=41.58sec.
100%|███████████████████████████████████████████████████████████| 7500/7500 [00:41<00:00, 179.10it/s]
2023-02-11 23:15:22,651 [INFO] Epoch 080/100, loss=2.109620, score=0.001200, time=41.88sec.
100%|█████████████████████████████████████████████████████████| 10000/10000 [00:12<00:00, 775.36it/s]
2023-02-11 23:15:35,549 [INFO] eval_scores=[0.0031999999191612005]
2023-02-11 23:15:35,552 [INFO] Saved model to saved_models/LeNet_MNIST_Perm/checkpoint_080.pt.
100%|███████████████████████████████████████████████████████████| 7500/7500 [00:41<00:00, 182.14it/s]
2023-02-11 23:16:16,730 [INFO] Epoch 081/100, loss=2.109588, score=0.001183, time=41.18sec.
100%|███████████████████████████████████████████████████████████| 7500/7500 [00:41<00:00, 182.55it/s]
2023-02-11 23:16:57,818 [INFO] Epoch 082/100, loss=2.109549, score=0.001233, time=41.09sec.
100%|███████████████████████████████████████████████████████████| 7500/7500 [00:41<00:00, 180.44it/s]
2023-02-11 23:17:39,385 [INFO] Epoch 083/100, loss=2.109519, score=0.001117, time=41.57sec.
100%|███████████████████████████████████████████████████████████| 7500/7500 [00:41<00:00, 180.40it/s]
2023-02-11 23:18:20,961 [INFO] Epoch 084/100, loss=2.109482, score=0.001150, time=41.58sec.
100%|███████████████████████████████████████████████████████████| 7500/7500 [00:41<00:00, 182.59it/s]
2023-02-11 23:19:02,038 [INFO] Epoch 085/100, loss=2.109447, score=0.001100, time=41.08sec.
100%|█████████████████████████████████████████████████████████| 10000/10000 [00:12<00:00, 782.91it/s]
2023-02-11 23:19:14,812 [INFO] eval_scores=[0.002899999963119626]
2023-02-11 23:19:14,815 [INFO] Saved model to saved_models/LeNet_MNIST_Perm/checkpoint_085.pt.
100%|███████████████████████████████████████████████████████████| 7500/7500 [00:40<00:00, 185.34it/s]
2023-02-11 23:19:55,283 [INFO] Epoch 086/100, loss=2.109415, score=0.001100, time=40.47sec.
100%|███████████████████████████████████████████████████████████| 7500/7500 [00:39<00:00, 187.55it/s]
2023-02-11 23:20:35,273 [INFO] Epoch 087/100, loss=2.109386, score=0.001117, time=39.99sec.
100%|███████████████████████████████████████████████████████████| 7500/7500 [00:39<00:00, 188.01it/s]
2023-02-11 23:21:15,167 [INFO] Epoch 088/100, loss=2.109360, score=0.001117, time=39.89sec.
100%|███████████████████████████████████████████████████████████| 7500/7500 [00:39<00:00, 189.55it/s]
2023-02-11 23:21:54,736 [INFO] Epoch 089/100, loss=2.109321, score=0.001000, time=39.57sec.
100%|███████████████████████████████████████████████████████████| 7500/7500 [00:39<00:00, 189.76it/s]
2023-02-11 23:22:34,261 [INFO] Epoch 090/100, loss=2.109301, score=0.000917, time=39.52sec.
100%|█████████████████████████████████████████████████████████| 10000/10000 [00:12<00:00, 799.29it/s]
2023-02-11 23:22:46,772 [INFO] eval_scores=[0.0030999998562037945]
2023-02-11 23:22:46,775 [INFO] Saved model to saved_models/LeNet_MNIST_Perm/checkpoint_090.pt.
100%|███████████████████████████████████████████████████████████| 7500/7500 [00:39<00:00, 188.54it/s]
2023-02-11 23:23:26,555 [INFO] Epoch 091/100, loss=2.109269, score=0.000967, time=39.78sec.
100%|███████████████████████████████████████████████████████████| 7500/7500 [00:39<00:00, 189.88it/s]
2023-02-11 23:24:06,063 [INFO] Epoch 092/100, loss=2.109237, score=0.000967, time=39.50sec.
100%|███████████████████████████████████████████████████████████| 7500/7500 [00:39<00:00, 187.58it/s]
2023-02-11 23:24:46,048 [INFO] Epoch 093/100, loss=2.109212, score=0.000933, time=39.98sec.
100%|███████████████████████████████████████████████████████████| 7500/7500 [00:39<00:00, 189.32it/s]
2023-02-11 23:25:25,664 [INFO] Epoch 094/100, loss=2.109190, score=0.000950, time=39.62sec.
100%|███████████████████████████████████████████████████████████| 7500/7500 [00:39<00:00, 187.71it/s]
2023-02-11 23:26:05,621 [INFO] Epoch 095/100, loss=2.109172, score=0.001000, time=39.96sec.
100%|█████████████████████████████████████████████████████████| 10000/10000 [00:12<00:00, 796.58it/s]
2023-02-11 23:26:18,175 [INFO] eval_scores=[0.002899999963119626]
2023-02-11 23:26:18,177 [INFO] Saved model to saved_models/LeNet_MNIST_Perm/checkpoint_095.pt.
100%|███████████████████████████████████████████████████████████| 7500/7500 [00:39<00:00, 189.92it/s]
2023-02-11 23:26:57,669 [INFO] Epoch 096/100, loss=2.109134, score=0.000950, time=39.49sec.
100%|███████████████████████████████████████████████████████████| 7500/7500 [00:39<00:00, 187.68it/s]
2023-02-11 23:27:37,632 [INFO] Epoch 097/100, loss=2.109108, score=0.000900, time=39.96sec.
100%|███████████████████████████████████████████████████████████| 7500/7500 [00:39<00:00, 189.21it/s]
2023-02-11 23:28:17,272 [INFO] Epoch 098/100, loss=2.109084, score=0.000900, time=39.64sec.
100%|███████████████████████████████████████████████████████████| 7500/7500 [00:39<00:00, 187.75it/s]
2023-02-11 23:28:57,220 [INFO] Epoch 099/100, loss=2.109069, score=0.000900, time=39.95sec.
100%|███████████████████████████████████████████████████████████| 7500/7500 [00:39<00:00, 190.01it/s]
2023-02-11 23:29:36,692 [INFO] Epoch 100/100, loss=2.109041, score=0.000933, time=39.47sec.
100%|█████████████████████████████████████████████████████████| 10000/10000 [00:12<00:00, 803.72it/s]
2023-02-11 23:29:49,135 [INFO] eval_scores=[0.003000000026077032]
2023-02-11 23:29:49,137 [INFO] Saved model to saved_models/LeNet_MNIST_Perm/checkpoint_100.pt.

(venv) d6mao@starbucks:~/repos/Computer-Vision-PyTorch$ python main.py 
2023-02-12 11:19:17,337 [INFO] Using device cuda:0.
2023-02-12 11:19:17,341 [INFO] Loaded model from saved_models/LeNet_MNIST_Perm_5/checkpoint_100.pt.
2023-02-12 11:19:17,341 [INFO] Training model "LeNet_MNIST_Perm_5".
2023-02-12 11:19:17,341 [INFO] Number of trainable parameters: 61706.
2023-02-12 11:19:17,341 [INFO] criterion=MultiTaskCriterion
2023-02-12 11:19:17,341 [INFO]     weight=0.2000, criterion=PermutedCrossEntropyLoss([4, 1, 7, 5, 3, 9, 0, 8, 6, 2]).
2023-02-12 11:19:17,341 [INFO]     weight=0.2000, criterion=PermutedCrossEntropyLoss([5, 6, 1, 2, 0, 8, 9, 3, 7, 4]).
2023-02-12 11:19:17,342 [INFO]     weight=0.2000, criterion=PermutedCrossEntropyLoss([8, 7, 1, 5, 6, 9, 0, 4, 2, 3]).
2023-02-12 11:19:17,342 [INFO]     weight=0.2000, criterion=PermutedCrossEntropyLoss([6, 0, 3, 7, 8, 5, 1, 9, 2, 4]).
2023-02-12 11:19:17,342 [INFO]     weight=0.2000, criterion=PermutedCrossEntropyLoss([0, 4, 9, 6, 7, 3, 2, 8, 1, 5]).
2023-02-12 11:19:17,342 [INFO] optimizer=SGD
2023-02-12 11:19:17,342 [INFO]     dampening=0
2023-02-12 11:19:17,342 [INFO]     foreach=None
2023-02-12 11:19:17,342 [INFO]     lr=0.001
2023-02-12 11:19:17,342 [INFO]     maximize=False
2023-02-12 11:19:17,342 [INFO]     momentum=0.9
2023-02-12 11:19:17,343 [INFO]     nesterov=False
2023-02-12 11:19:17,343 [INFO]     weight_decay=0
2023-02-12 11:19:17,343 [INFO] epochs=100.
2023-02-12 11:19:17,343 [INFO] batch_size=8.
100%|███████████████████████████████████████████████████████████| 7500/7500 [00:29<00:00, 257.92it/s]
2023-02-12 11:19:46,430 [INFO] Epoch 101/200, loss=2.109016, score=0.000983, time=29.09sec.
100%|███████████████████████████████████████████████████████████| 7500/7500 [00:27<00:00, 271.56it/s]
2023-02-12 11:20:14,049 [INFO] Epoch 102/200, loss=2.108999, score=0.000867, time=27.62sec.
100%|███████████████████████████████████████████████████████████| 7500/7500 [00:28<00:00, 265.20it/s]
2023-02-12 11:20:42,330 [INFO] Epoch 103/200, loss=2.108978, score=0.000983, time=28.28sec.
100%|███████████████████████████████████████████████████████████| 7500/7500 [00:28<00:00, 260.08it/s]
2023-02-12 11:21:11,168 [INFO] Epoch 104/200, loss=2.108961, score=0.000867, time=28.84sec.
100%|███████████████████████████████████████████████████████████| 7500/7500 [00:28<00:00, 263.28it/s]
2023-02-12 11:21:39,655 [INFO] Epoch 105/200, loss=2.108937, score=0.000867, time=28.49sec.
100%|████████████████████████████████████████████████████████| 10000/10000 [00:08<00:00, 1216.12it/s]
2023-02-12 11:21:47,878 [INFO] eval_scores=[0.002699999837204814]
2023-02-12 11:21:47,880 [INFO] Saved model to saved_models/LeNet_MNIST_Perm_5/checkpoint_105.pt.
100%|███████████████████████████████████████████████████████████| 7500/7500 [00:28<00:00, 263.62it/s]
2023-02-12 11:22:16,331 [INFO] Epoch 106/200, loss=2.108914, score=0.000883, time=28.45sec.
100%|███████████████████████████████████████████████████████████| 7500/7500 [00:30<00:00, 249.38it/s]
2023-02-12 11:22:46,406 [INFO] Epoch 107/200, loss=2.108896, score=0.000833, time=30.07sec.
100%|███████████████████████████████████████████████████████████| 7500/7500 [00:28<00:00, 265.38it/s]
2023-02-12 11:23:14,668 [INFO] Epoch 108/200, loss=2.108872, score=0.000917, time=28.26sec.
100%|███████████████████████████████████████████████████████████| 7500/7500 [00:30<00:00, 243.61it/s]
2023-02-12 11:23:45,456 [INFO] Epoch 109/200, loss=2.108855, score=0.000783, time=30.79sec.
100%|███████████████████████████████████████████████████████████| 7500/7500 [00:29<00:00, 253.78it/s]
2023-02-12 11:24:15,012 [INFO] Epoch 110/200, loss=2.108832, score=0.000817, time=29.55sec.
100%|████████████████████████████████████████████████████████| 10000/10000 [00:08<00:00, 1228.04it/s]
2023-02-12 11:24:23,156 [INFO] eval_scores=[0.0026000000070780516]
2023-02-12 11:24:23,158 [INFO] Saved model to saved_models/LeNet_MNIST_Perm_5/checkpoint_110.pt.
100%|███████████████████████████████████████████████████████████| 7500/7500 [00:29<00:00, 257.24it/s]
2023-02-12 11:24:52,314 [INFO] Epoch 111/200, loss=2.108809, score=0.000833, time=29.16sec.
100%|███████████████████████████████████████████████████████████| 7500/7500 [00:28<00:00, 264.75it/s]
2023-02-12 11:25:20,644 [INFO] Epoch 112/200, loss=2.108799, score=0.000800, time=28.33sec.
100%|███████████████████████████████████████████████████████████| 7500/7500 [00:29<00:00, 252.28it/s]
2023-02-12 11:25:50,373 [INFO] Epoch 113/200, loss=2.108773, score=0.000767, time=29.73sec.
100%|███████████████████████████████████████████████████████████| 7500/7500 [00:28<00:00, 261.38it/s]
2023-02-12 11:26:19,067 [INFO] Epoch 114/200, loss=2.108757, score=0.000850, time=28.69sec.
100%|███████████████████████████████████████████████████████████| 7500/7500 [00:29<00:00, 254.13it/s]
2023-02-12 11:26:48,580 [INFO] Epoch 115/200, loss=2.108741, score=0.000800, time=29.51sec.
100%|████████████████████████████████████████████████████████| 10000/10000 [00:08<00:00, 1211.56it/s]
2023-02-12 11:26:56,834 [INFO] eval_scores=[0.0026000000070780516]
2023-02-12 11:26:56,837 [INFO] Saved model to saved_models/LeNet_MNIST_Perm_5/checkpoint_115.pt.
100%|███████████████████████████████████████████████████████████| 7500/7500 [00:28<00:00, 266.59it/s]
2023-02-12 11:27:24,970 [INFO] Epoch 116/200, loss=2.108723, score=0.000783, time=28.13sec.
100%|███████████████████████████████████████████████████████████| 7500/7500 [00:28<00:00, 262.73it/s]
2023-02-12 11:27:53,517 [INFO] Epoch 117/200, loss=2.108703, score=0.000817, time=28.55sec.
100%|███████████████████████████████████████████████████████████| 7500/7500 [00:29<00:00, 254.24it/s]
2023-02-12 11:28:23,017 [INFO] Epoch 118/200, loss=2.108683, score=0.000700, time=29.50sec.
100%|███████████████████████████████████████████████████████████| 7500/7500 [00:28<00:00, 261.98it/s]
2023-02-12 11:28:51,646 [INFO] Epoch 119/200, loss=2.108665, score=0.000800, time=28.63sec.
100%|███████████████████████████████████████████████████████████| 7500/7500 [00:28<00:00, 263.60it/s]
2023-02-12 11:29:20,099 [INFO] Epoch 120/200, loss=2.108651, score=0.000767, time=28.45sec.
100%|████████████████████████████████████████████████████████| 10000/10000 [00:08<00:00, 1151.97it/s]
2023-02-12 11:29:28,781 [INFO] eval_scores=[0.002899999963119626]
2023-02-12 11:29:28,783 [INFO] Saved model to saved_models/LeNet_MNIST_Perm_5/checkpoint_120.pt.
100%|███████████████████████████████████████████████████████████| 7500/7500 [00:28<00:00, 258.76it/s]
2023-02-12 11:29:57,769 [INFO] Epoch 121/200, loss=2.108636, score=0.000750, time=28.99sec.
100%|███████████████████████████████████████████████████████████| 7500/7500 [00:28<00:00, 264.33it/s]
2023-02-12 11:30:26,142 [INFO] Epoch 122/200, loss=2.108621, score=0.000783, time=28.37sec.
100%|███████████████████████████████████████████████████████████| 7500/7500 [00:28<00:00, 261.76it/s]
2023-02-12 11:30:54,795 [INFO] Epoch 123/200, loss=2.108605, score=0.000750, time=28.65sec.
100%|███████████████████████████████████████████████████████████| 7500/7500 [00:27<00:00, 270.68it/s]
2023-02-12 11:31:22,503 [INFO] Epoch 124/200, loss=2.108593, score=0.000783, time=27.71sec.
100%|███████████████████████████████████████████████████████████| 7500/7500 [00:29<00:00, 257.29it/s]
2023-02-12 11:31:51,654 [INFO] Epoch 125/200, loss=2.108565, score=0.000733, time=29.15sec.
100%|████████████████████████████████████████████████████████| 10000/10000 [00:07<00:00, 1281.62it/s]
2023-02-12 11:31:59,457 [INFO] eval_scores=[0.0026000000070780516]
2023-02-12 11:31:59,459 [INFO] Saved model to saved_models/LeNet_MNIST_Perm_5/checkpoint_125.pt.
100%|███████████████████████████████████████████████████████████| 7500/7500 [00:28<00:00, 262.55it/s]
2023-02-12 11:32:28,025 [INFO] Epoch 126/200, loss=2.108558, score=0.000733, time=28.57sec.
100%|███████████████████████████████████████████████████████████| 7500/7500 [00:28<00:00, 264.71it/s]
2023-02-12 11:32:56,359 [INFO] Epoch 127/200, loss=2.108540, score=0.000633, time=28.33sec.
100%|███████████████████████████████████████████████████████████| 7500/7500 [00:28<00:00, 262.25it/s]
2023-02-12 11:33:24,958 [INFO] Epoch 128/200, loss=2.108528, score=0.000733, time=28.60sec.
100%|███████████████████████████████████████████████████████████| 7500/7500 [00:27<00:00, 270.00it/s]
2023-02-12 11:33:52,736 [INFO] Epoch 129/200, loss=2.108516, score=0.000633, time=27.78sec.
100%|███████████████████████████████████████████████████████████| 7500/7500 [00:28<00:00, 267.13it/s]
2023-02-12 11:34:20,813 [INFO] Epoch 130/200, loss=2.108496, score=0.000683, time=28.08sec.
100%|████████████████████████████████████████████████████████| 10000/10000 [00:08<00:00, 1233.80it/s]
2023-02-12 11:34:28,918 [INFO] eval_scores=[0.002699999837204814]
2023-02-12 11:34:28,921 [INFO] Saved model to saved_models/LeNet_MNIST_Perm_5/checkpoint_130.pt.
100%|███████████████████████████████████████████████████████████| 7500/7500 [00:28<00:00, 265.67it/s]
2023-02-12 11:34:57,152 [INFO] Epoch 131/200, loss=2.108480, score=0.000700, time=28.23sec.
100%|███████████████████████████████████████████████████████████| 7500/7500 [00:27<00:00, 268.81it/s]
2023-02-12 11:35:25,053 [INFO] Epoch 132/200, loss=2.108466, score=0.000650, time=27.90sec.
100%|███████████████████████████████████████████████████████████| 7500/7500 [00:29<00:00, 257.29it/s]
2023-02-12 11:35:54,204 [INFO] Epoch 133/200, loss=2.108450, score=0.000600, time=29.15sec.
100%|███████████████████████████████████████████████████████████| 7500/7500 [00:28<00:00, 259.05it/s]
2023-02-12 11:36:23,157 [INFO] Epoch 134/200, loss=2.108435, score=0.000683, time=28.95sec.
100%|███████████████████████████████████████████████████████████| 7500/7500 [00:28<00:00, 264.31it/s]
2023-02-12 11:36:51,533 [INFO] Epoch 135/200, loss=2.108424, score=0.000600, time=28.38sec.
100%|████████████████████████████████████████████████████████| 10000/10000 [00:08<00:00, 1242.16it/s]
2023-02-12 11:36:59,584 [INFO] eval_scores=[0.002699999837204814]
2023-02-12 11:36:59,586 [INFO] Saved model to saved_models/LeNet_MNIST_Perm_5/checkpoint_135.pt.
100%|███████████████████████████████████████████████████████████| 7500/7500 [00:28<00:00, 264.13it/s]
2023-02-12 11:37:27,982 [INFO] Epoch 136/200, loss=2.108415, score=0.000717, time=28.40sec.
100%|███████████████████████████████████████████████████████████| 7500/7500 [00:28<00:00, 263.08it/s]
2023-02-12 11:37:56,491 [INFO] Epoch 137/200, loss=2.108391, score=0.000583, time=28.51sec.
100%|███████████████████████████████████████████████████████████| 7500/7500 [00:28<00:00, 267.71it/s]
2023-02-12 11:38:24,506 [INFO] Epoch 138/200, loss=2.108389, score=0.000633, time=28.02sec.
100%|███████████████████████████████████████████████████████████| 7500/7500 [00:28<00:00, 266.47it/s]
2023-02-12 11:38:52,653 [INFO] Epoch 139/200, loss=2.108375, score=0.000650, time=28.15sec.
100%|███████████████████████████████████████████████████████████| 7500/7500 [00:29<00:00, 256.91it/s]
2023-02-12 11:39:21,847 [INFO] Epoch 140/200, loss=2.108352, score=0.000667, time=29.19sec.
100%|████████████████████████████████████████████████████████| 10000/10000 [00:08<00:00, 1117.72it/s]
2023-02-12 11:39:30,794 [INFO] eval_scores=[0.0026000000070780516]
2023-02-12 11:39:30,797 [INFO] Saved model to saved_models/LeNet_MNIST_Perm_5/checkpoint_140.pt.
100%|███████████████████████████████████████████████████████████| 7500/7500 [00:29<00:00, 253.23it/s]
2023-02-12 11:40:00,414 [INFO] Epoch 141/200, loss=2.108343, score=0.000667, time=29.62sec.
100%|███████████████████████████████████████████████████████████| 7500/7500 [00:30<00:00, 247.96it/s]
2023-02-12 11:40:30,662 [INFO] Epoch 142/200, loss=2.108337, score=0.000617, time=30.25sec.
100%|███████████████████████████████████████████████████████████| 7500/7500 [00:29<00:00, 256.05it/s]
2023-02-12 11:40:59,954 [INFO] Epoch 143/200, loss=2.108321, score=0.000633, time=29.29sec.
100%|███████████████████████████████████████████████████████████| 7500/7500 [00:29<00:00, 257.69it/s]
2023-02-12 11:41:29,059 [INFO] Epoch 144/200, loss=2.108305, score=0.000600, time=29.11sec.
100%|███████████████████████████████████████████████████████████| 7500/7500 [00:29<00:00, 253.37it/s]
2023-02-12 11:41:58,661 [INFO] Epoch 145/200, loss=2.108294, score=0.000667, time=29.60sec.
100%|████████████████████████████████████████████████████████| 10000/10000 [00:08<00:00, 1182.98it/s]
2023-02-12 11:42:07,115 [INFO] eval_scores=[0.0023999998811632395]
2023-02-12 11:42:07,117 [INFO] Saved model to saved_models/LeNet_MNIST_Perm_5/checkpoint_145.pt.
100%|███████████████████████████████████████████████████████████| 7500/7500 [00:28<00:00, 263.51it/s]
2023-02-12 11:42:35,580 [INFO] Epoch 146/200, loss=2.108292, score=0.000650, time=28.46sec.
100%|███████████████████████████████████████████████████████████| 7500/7500 [00:29<00:00, 257.27it/s]
2023-02-12 11:43:04,733 [INFO] Epoch 147/200, loss=2.108269, score=0.000633, time=29.15sec.
100%|███████████████████████████████████████████████████████████| 7500/7500 [00:29<00:00, 257.47it/s]
2023-02-12 11:43:33,863 [INFO] Epoch 148/200, loss=2.108264, score=0.000650, time=29.13sec.
100%|███████████████████████████████████████████████████████████| 7500/7500 [00:28<00:00, 264.53it/s]
2023-02-12 11:44:02,216 [INFO] Epoch 149/200, loss=2.108245, score=0.000617, time=28.35sec.
100%|███████████████████████████████████████████████████████████| 7500/7500 [00:28<00:00, 260.26it/s]
2023-02-12 11:44:31,033 [INFO] Epoch 150/200, loss=2.108235, score=0.000600, time=28.82sec.
100%|████████████████████████████████████████████████████████| 10000/10000 [00:08<00:00, 1211.35it/s]
2023-02-12 11:44:39,289 [INFO] eval_scores=[0.002699999837204814]
2023-02-12 11:44:39,291 [INFO] Saved model to saved_models/LeNet_MNIST_Perm_5/checkpoint_150.pt.
100%|███████████████████████████████████████████████████████████| 7500/7500 [00:29<00:00, 254.66it/s]
2023-02-12 11:45:08,742 [INFO] Epoch 151/200, loss=2.108222, score=0.000550, time=29.45sec.
100%|███████████████████████████████████████████████████████████| 7500/7500 [00:29<00:00, 252.77it/s]
2023-02-12 11:45:38,414 [INFO] Epoch 152/200, loss=2.108214, score=0.000567, time=29.67sec.
100%|███████████████████████████████████████████████████████████| 7500/7500 [00:29<00:00, 254.83it/s]
2023-02-12 11:46:07,846 [INFO] Epoch 153/200, loss=2.108203, score=0.000567, time=29.43sec.
100%|███████████████████████████████████████████████████████████| 7500/7500 [00:28<00:00, 265.61it/s]
2023-02-12 11:46:36,084 [INFO] Epoch 154/200, loss=2.108192, score=0.000617, time=28.24sec.
100%|███████████████████████████████████████████████████████████| 7500/7500 [00:29<00:00, 250.21it/s]
2023-02-12 11:47:06,059 [INFO] Epoch 155/200, loss=2.108177, score=0.000567, time=29.97sec.
100%|████████████████████████████████████████████████████████| 10000/10000 [00:08<00:00, 1186.54it/s]
2023-02-12 11:47:14,487 [INFO] eval_scores=[0.0023999998811632395]
2023-02-12 11:47:14,489 [INFO] Saved model to saved_models/LeNet_MNIST_Perm_5/checkpoint_155.pt.
100%|███████████████████████████████████████████████████████████| 7500/7500 [00:28<00:00, 264.96it/s]
2023-02-12 11:47:42,796 [INFO] Epoch 156/200, loss=2.108169, score=0.000567, time=28.31sec.
100%|███████████████████████████████████████████████████████████| 7500/7500 [00:27<00:00, 271.52it/s]
2023-02-12 11:48:10,419 [INFO] Epoch 157/200, loss=2.108155, score=0.000533, time=27.62sec.
100%|███████████████████████████████████████████████████████████| 7500/7500 [00:27<00:00, 275.63it/s]
2023-02-12 11:48:37,630 [INFO] Epoch 158/200, loss=2.108149, score=0.000600, time=27.21sec.
100%|███████████████████████████████████████████████████████████| 7500/7500 [00:28<00:00, 262.04it/s]
2023-02-12 11:49:06,253 [INFO] Epoch 159/200, loss=2.108147, score=0.000583, time=28.62sec.
100%|███████████████████████████████████████████████████████████| 7500/7500 [00:28<00:00, 264.86it/s]
2023-02-12 11:49:34,570 [INFO] Epoch 160/200, loss=2.108126, score=0.000567, time=28.32sec.
100%|████████████████████████████████████████████████████████| 10000/10000 [00:07<00:00, 1256.87it/s]
2023-02-12 11:49:42,527 [INFO] eval_scores=[0.0026000000070780516]
2023-02-12 11:49:42,529 [INFO] Saved model to saved_models/LeNet_MNIST_Perm_5/checkpoint_160.pt.
100%|███████████████████████████████████████████████████████████| 7500/7500 [00:28<00:00, 262.81it/s]
2023-02-12 11:50:11,068 [INFO] Epoch 161/200, loss=2.108120, score=0.000533, time=28.54sec.
100%|███████████████████████████████████████████████████████████| 7500/7500 [00:29<00:00, 257.45it/s]
2023-02-12 11:50:40,200 [INFO] Epoch 162/200, loss=2.108108, score=0.000483, time=29.13sec.
100%|███████████████████████████████████████████████████████████| 7500/7500 [00:28<00:00, 259.40it/s]
2023-02-12 11:51:09,114 [INFO] Epoch 163/200, loss=2.108098, score=0.000550, time=28.91sec.
100%|███████████████████████████████████████████████████████████| 7500/7500 [00:28<00:00, 261.67it/s]
2023-02-12 11:51:37,777 [INFO] Epoch 164/200, loss=2.108095, score=0.000517, time=28.66sec.
100%|███████████████████████████████████████████████████████████| 7500/7500 [00:29<00:00, 254.21it/s]
2023-02-12 11:52:07,281 [INFO] Epoch 165/200, loss=2.108084, score=0.000483, time=29.50sec.
100%|████████████████████████████████████████████████████████| 10000/10000 [00:08<00:00, 1219.05it/s]
2023-02-12 11:52:15,484 [INFO] eval_scores=[0.0026000000070780516]
2023-02-12 11:52:15,487 [INFO] Saved model to saved_models/LeNet_MNIST_Perm_5/checkpoint_165.pt.
100%|███████████████████████████████████████████████████████████| 7500/7500 [00:28<00:00, 264.54it/s]
2023-02-12 11:52:43,839 [INFO] Epoch 166/200, loss=2.108075, score=0.000467, time=28.35sec.
100%|███████████████████████████████████████████████████████████| 7500/7500 [00:28<00:00, 263.04it/s]
2023-02-12 11:53:12,352 [INFO] Epoch 167/200, loss=2.108067, score=0.000500, time=28.51sec.
100%|███████████████████████████████████████████████████████████| 7500/7500 [00:27<00:00, 269.95it/s]
2023-02-12 11:53:40,135 [INFO] Epoch 168/200, loss=2.108061, score=0.000500, time=27.78sec.
100%|███████████████████████████████████████████████████████████| 7500/7500 [00:28<00:00, 263.14it/s]
2023-02-12 11:54:08,638 [INFO] Epoch 169/200, loss=2.108052, score=0.000450, time=28.50sec.
100%|███████████████████████████████████████████████████████████| 7500/7500 [00:29<00:00, 257.62it/s]
2023-02-12 11:54:37,751 [INFO] Epoch 170/200, loss=2.108041, score=0.000483, time=29.11sec.
100%|████████████████████████████████████████████████████████| 10000/10000 [00:08<00:00, 1137.47it/s]
2023-02-12 11:54:46,543 [INFO] eval_scores=[0.002199999988079071]
2023-02-12 11:54:46,545 [INFO] Saved model to saved_models/LeNet_MNIST_Perm_5/checkpoint_170.pt.
100%|███████████████████████████████████████████████████████████| 7500/7500 [00:28<00:00, 260.31it/s]
2023-02-12 11:55:15,358 [INFO] Epoch 171/200, loss=2.108038, score=0.000500, time=28.81sec.
100%|███████████████████████████████████████████████████████████| 7500/7500 [00:30<00:00, 248.26it/s]
2023-02-12 11:55:45,569 [INFO] Epoch 172/200, loss=2.108027, score=0.000450, time=30.21sec.
100%|███████████████████████████████████████████████████████████| 7500/7500 [00:28<00:00, 259.83it/s]
2023-02-12 11:56:14,435 [INFO] Epoch 173/200, loss=2.108021, score=0.000483, time=28.87sec.
100%|███████████████████████████████████████████████████████████| 7500/7500 [00:27<00:00, 268.18it/s]
2023-02-12 11:56:42,403 [INFO] Epoch 174/200, loss=2.108014, score=0.000450, time=27.97sec.
100%|███████████████████████████████████████████████████████████| 7500/7500 [00:27<00:00, 276.55it/s]
2023-02-12 11:57:09,523 [INFO] Epoch 175/200, loss=2.108008, score=0.000483, time=27.12sec.
100%|████████████████████████████████████████████████████████| 10000/10000 [00:07<00:00, 1292.81it/s]
2023-02-12 11:57:17,259 [INFO] eval_scores=[0.002300000051036477]
2023-02-12 11:57:17,261 [INFO] Saved model to saved_models/LeNet_MNIST_Perm_5/checkpoint_175.pt.
100%|███████████████████████████████████████████████████████████| 7500/7500 [00:29<00:00, 258.36it/s]
2023-02-12 11:57:46,290 [INFO] Epoch 176/200, loss=2.107998, score=0.000450, time=29.03sec.
100%|███████████████████████████████████████████████████████████| 7500/7500 [00:28<00:00, 261.91it/s]
2023-02-12 11:58:14,927 [INFO] Epoch 177/200, loss=2.107991, score=0.000450, time=28.64sec.
100%|███████████████████████████████████████████████████████████| 7500/7500 [00:28<00:00, 265.61it/s]
2023-02-12 11:58:43,164 [INFO] Epoch 178/200, loss=2.107985, score=0.000417, time=28.24sec.
100%|███████████████████████████████████████████████████████████| 7500/7500 [00:29<00:00, 254.09it/s]
2023-02-12 11:59:12,682 [INFO] Epoch 179/200, loss=2.107979, score=0.000367, time=29.52sec.
100%|███████████████████████████████████████████████████████████| 7500/7500 [00:29<00:00, 255.09it/s]
2023-02-12 11:59:42,084 [INFO] Epoch 180/200, loss=2.107970, score=0.000400, time=29.40sec.
100%|████████████████████████████████████████████████████████| 10000/10000 [00:08<00:00, 1202.36it/s]
2023-02-12 11:59:50,402 [INFO] eval_scores=[0.0024999999441206455]
2023-02-12 11:59:50,404 [INFO] Saved model to saved_models/LeNet_MNIST_Perm_5/checkpoint_180.pt.
100%|███████████████████████████████████████████████████████████| 7500/7500 [00:28<00:00, 258.68it/s]
2023-02-12 12:00:19,398 [INFO] Epoch 181/200, loss=2.107965, score=0.000400, time=28.99sec.
100%|███████████████████████████████████████████████████████████| 7500/7500 [00:27<00:00, 272.20it/s]
2023-02-12 12:00:46,952 [INFO] Epoch 182/200, loss=2.107957, score=0.000417, time=27.55sec.
100%|███████████████████████████████████████████████████████████| 7500/7500 [00:27<00:00, 268.61it/s]
2023-02-12 12:01:14,874 [INFO] Epoch 183/200, loss=2.107954, score=0.000383, time=27.92sec.
100%|███████████████████████████████████████████████████████████| 7500/7500 [00:26<00:00, 280.36it/s]
2023-02-12 12:01:41,625 [INFO] Epoch 184/200, loss=2.107949, score=0.000450, time=26.75sec.
100%|███████████████████████████████████████████████████████████| 7500/7500 [00:26<00:00, 278.36it/s]
2023-02-12 12:02:08,569 [INFO] Epoch 185/200, loss=2.107939, score=0.000417, time=26.94sec.
100%|████████████████████████████████████████████████████████| 10000/10000 [00:07<00:00, 1277.24it/s]
2023-02-12 12:02:16,399 [INFO] eval_scores=[0.002300000051036477]
2023-02-12 12:02:16,401 [INFO] Saved model to saved_models/LeNet_MNIST_Perm_5/checkpoint_185.pt.
100%|███████████████████████████████████████████████████████████| 7500/7500 [00:27<00:00, 268.14it/s]
2023-02-12 12:02:44,372 [INFO] Epoch 186/200, loss=2.107938, score=0.000400, time=27.97sec.
100%|███████████████████████████████████████████████████████████| 7500/7500 [00:27<00:00, 273.25it/s]
2023-02-12 12:03:11,819 [INFO] Epoch 187/200, loss=2.107927, score=0.000400, time=27.45sec.
100%|███████████████████████████████████████████████████████████| 7500/7500 [00:27<00:00, 273.28it/s]
2023-02-12 12:03:39,264 [INFO] Epoch 188/200, loss=2.107918, score=0.000417, time=27.44sec.
100%|███████████████████████████████████████████████████████████| 7500/7500 [00:28<00:00, 266.44it/s]
2023-02-12 12:04:07,413 [INFO] Epoch 189/200, loss=2.107915, score=0.000367, time=28.15sec.
100%|███████████████████████████████████████████████████████████| 7500/7500 [00:28<00:00, 260.29it/s]
2023-02-12 12:04:36,228 [INFO] Epoch 190/200, loss=2.107909, score=0.000383, time=28.81sec.
100%|████████████████████████████████████████████████████████| 10000/10000 [00:07<00:00, 1270.50it/s]
2023-02-12 12:04:44,099 [INFO] eval_scores=[0.0023999998811632395]
2023-02-12 12:04:44,101 [INFO] Saved model to saved_models/LeNet_MNIST_Perm_5/checkpoint_190.pt.
100%|███████████████████████████████████████████████████████████| 7500/7500 [00:27<00:00, 268.87it/s]
2023-02-12 12:05:11,997 [INFO] Epoch 191/200, loss=2.107901, score=0.000400, time=27.90sec.
100%|███████████████████████████████████████████████████████████| 7500/7500 [00:27<00:00, 273.30it/s]
2023-02-12 12:05:39,440 [INFO] Epoch 192/200, loss=2.107896, score=0.000433, time=27.44sec.
100%|███████████████████████████████████████████████████████████| 7500/7500 [00:27<00:00, 272.01it/s]
2023-02-12 12:06:07,013 [INFO] Epoch 193/200, loss=2.107892, score=0.000367, time=27.57sec.
100%|███████████████████████████████████████████████████████████| 7500/7500 [00:28<00:00, 265.58it/s]
2023-02-12 12:06:35,254 [INFO] Epoch 194/200, loss=2.107884, score=0.000367, time=28.24sec.
100%|███████████████████████████████████████████████████████████| 7500/7500 [00:27<00:00, 269.23it/s]
2023-02-12 12:07:03,112 [INFO] Epoch 195/200, loss=2.107881, score=0.000350, time=27.86sec.
100%|████████████████████████████████████████████████████████| 10000/10000 [00:07<00:00, 1271.74it/s]
2023-02-12 12:07:10,976 [INFO] eval_scores=[0.002300000051036477]
2023-02-12 12:07:10,978 [INFO] Saved model to saved_models/LeNet_MNIST_Perm_5/checkpoint_195.pt.
100%|███████████████████████████████████████████████████████████| 7500/7500 [00:28<00:00, 263.41it/s]
2023-02-12 12:07:39,451 [INFO] Epoch 196/200, loss=2.107872, score=0.000367, time=28.47sec.
100%|███████████████████████████████████████████████████████████| 7500/7500 [00:28<00:00, 263.05it/s]
2023-02-12 12:08:07,964 [INFO] Epoch 197/200, loss=2.107866, score=0.000367, time=28.51sec.
100%|███████████████████████████████████████████████████████████| 7500/7500 [00:28<00:00, 263.42it/s]
2023-02-12 12:08:36,437 [INFO] Epoch 198/200, loss=2.107862, score=0.000367, time=28.47sec.
100%|███████████████████████████████████████████████████████████| 7500/7500 [00:28<00:00, 260.88it/s]
2023-02-12 12:09:05,186 [INFO] Epoch 199/200, loss=2.107858, score=0.000333, time=28.75sec.
100%|███████████████████████████████████████████████████████████| 7500/7500 [00:29<00:00, 258.03it/s]
2023-02-12 12:09:34,254 [INFO] Epoch 200/200, loss=2.107854, score=0.000367, time=29.07sec.
100%|████████████████████████████████████████████████████████| 10000/10000 [00:07<00:00, 1266.98it/s]
2023-02-12 12:09:42,147 [INFO] eval_scores=[0.002300000051036477]
2023-02-12 12:09:42,149 [INFO] Saved model to saved_models/LeNet_MNIST_Perm_5/checkpoint_200.pt.
