[INFO] 02-15 21:32:25 - Using device cuda:0.
[INFO] 02-15 21:32:25 - Experiment tag: "LeNet_MNIST_Multi_0".
[INFO] 02-15 21:32:25 - Number of trainable parameters: 61706.
[INFO] 02-15 21:32:25 - criterion=MultiTaskCriterion
[INFO] 02-15 21:32:25 -     weight=0.2000, criterion=CrossEntropyLoss()
[INFO] 02-15 21:32:25 -     weight=0.2000, criterion=MappedMNISTCEL([1, 0, 0, 0, 1, 0, 1, 0, 1, 1]).
[INFO] 02-15 21:32:25 -     weight=0.2000, criterion=MappedMNISTCEL([0, 0, 1, 0, 1, 1, 0, 1, 0, 0]).
[INFO] 02-15 21:32:25 -     weight=0.2000, criterion=MappedMNISTCEL([0, 1, 0, 0, 1, 1, 0, 1, 0, 1]).
[INFO] 02-15 21:32:25 -     weight=0.2000, criterion=MappedMNISTCEL([4, 1, 7, 5, 3, 9, 0, 8, 6, 2]).
[INFO] 02-15 21:32:25 - optimizer=SGD
[INFO] 02-15 21:32:25 -     dampening=0
[INFO] 02-15 21:32:25 -     foreach=None
[INFO] 02-15 21:32:25 -     lr=0.001
[INFO] 02-15 21:32:25 -     maximize=False
[INFO] 02-15 21:32:25 -     momentum=0.9
[INFO] 02-15 21:32:25 -     nesterov=False
[INFO] 02-15 21:32:25 -     weight_decay=0
[INFO] 02-15 21:32:25 - epochs=100.
[INFO] 02-15 21:32:25 - batch_size=8.
[INFO] 02-15 21:33:56 - Epoch 001/100, loss=2.075529, score=0.132067, time=90.41sec.
[INFO] 02-15 21:35:26 - Epoch 002/100, loss=1.989332, score=0.201117, time=90.00sec.
[INFO] 02-15 21:36:49 - Epoch 003/100, loss=1.985331, score=0.200817, time=82.71sec.
[INFO] 02-15 21:38:13 - Epoch 004/100, loss=1.983248, score=0.201417, time=83.96sec.
[INFO] 02-15 21:39:38 - Epoch 005/100, loss=1.981035, score=0.202717, time=84.26sec.
[INFO] 02-15 21:40:08 - eval_scores=[0.20389999449253082]
[INFO] 02-15 21:40:08 - Saved model to saved_models/LeNet_MNIST_Multi_0/checkpoint_005.pt.
[INFO] 02-15 21:41:29 - Epoch 006/100, loss=1.978380, score=0.204050, time=79.68sec.
[INFO] 02-15 21:42:54 - Epoch 007/100, loss=1.975452, score=0.205600, time=84.56sec.
[INFO] 02-15 21:44:18 - Epoch 008/100, loss=1.972769, score=0.206133, time=82.90sec.
[INFO] 02-15 21:45:47 - Epoch 009/100, loss=1.970377, score=0.206683, time=87.91sec.
[INFO] 02-15 21:47:20 - Epoch 010/100, loss=1.968696, score=0.207167, time=91.72sec.
[INFO] 02-15 21:47:52 - eval_scores=[0.2076999992132187]
[INFO] 02-15 21:47:52 - Saved model to saved_models/LeNet_MNIST_Multi_0/checkpoint_010.pt.
[INFO] 02-15 21:49:24 - Epoch 011/100, loss=1.967599, score=0.207150, time=90.81sec.
[INFO] 02-15 21:51:04 - Epoch 012/100, loss=1.966803, score=0.207450, time=97.86sec.
[INFO] 02-15 21:52:42 - Epoch 013/100, loss=1.966183, score=0.207550, time=96.19sec.
[INFO] 02-15 21:54:22 - Epoch 014/100, loss=1.965597, score=0.207767, time=97.51sec.
[INFO] 02-15 21:55:59 - Epoch 015/100, loss=1.965184, score=0.207667, time=95.02sec.
[INFO] 02-15 21:56:31 - eval_scores=[0.2084999978542328]
[INFO] 02-15 21:56:31 - Saved model to saved_models/LeNet_MNIST_Multi_0/checkpoint_015.pt.
[INFO] 02-15 21:58:08 - Epoch 016/100, loss=1.964761, score=0.207933, time=94.59sec.
[INFO] 02-15 21:59:45 - Epoch 017/100, loss=1.964441, score=0.208217, time=94.98sec.
[INFO] 02-15 22:01:23 - Epoch 018/100, loss=1.964141, score=0.207900, time=95.21sec.
[INFO] 02-15 22:02:55 - Epoch 019/100, loss=1.963846, score=0.208333, time=89.65sec.
[INFO] 02-15 22:04:30 - Epoch 020/100, loss=1.963558, score=0.208417, time=93.16sec.
[INFO] 02-15 22:05:02 - eval_scores=[0.20909999310970306]
[INFO] 02-15 22:05:02 - Saved model to saved_models/LeNet_MNIST_Multi_0/checkpoint_020.pt.
[INFO] 02-15 22:06:40 - Epoch 021/100, loss=1.963424, score=0.208633, time=95.46sec.
[INFO] 02-15 22:08:16 - Epoch 022/100, loss=1.963231, score=0.208667, time=93.17sec.
[INFO] 02-15 22:09:48 - Epoch 023/100, loss=1.962991, score=0.208817, time=88.40sec.
[INFO] 02-15 22:11:25 - Epoch 024/100, loss=1.962902, score=0.209050, time=94.72sec.
[INFO] 02-15 22:13:01 - Epoch 025/100, loss=1.962670, score=0.208933, time=92.19sec.
[INFO] 02-15 22:13:33 - eval_scores=[0.20979999005794525]
[INFO] 02-15 22:13:33 - Saved model to saved_models/LeNet_MNIST_Multi_0/checkpoint_025.pt.
[INFO] 02-15 22:15:13 - Epoch 026/100, loss=1.962603, score=0.209183, time=96.20sec.
[INFO] 02-15 22:16:47 - Epoch 027/100, loss=1.962450, score=0.209267, time=89.58sec.
[INFO] 02-15 22:18:23 - Epoch 028/100, loss=1.962325, score=0.209483, time=92.00sec.
[INFO] 02-15 22:20:00 - Epoch 029/100, loss=1.962245, score=0.209350, time=92.95sec.
[INFO] 02-15 22:21:39 - Epoch 030/100, loss=1.962137, score=0.209550, time=93.85sec.
[INFO] 02-15 22:22:08 - eval_scores=[0.20979999005794525]
[INFO] 02-15 22:22:08 - Saved model to saved_models/LeNet_MNIST_Multi_0/checkpoint_030.pt.
[INFO] 02-15 22:23:43 - Epoch 031/100, loss=1.962092, score=0.209517, time=90.57sec.
[INFO] 02-15 22:25:21 - Epoch 032/100, loss=1.961972, score=0.209783, time=93.79sec.
[INFO] 02-15 22:26:56 - Epoch 033/100, loss=1.961938, score=0.209617, time=89.55sec.
[INFO] 02-15 22:28:29 - Epoch 034/100, loss=1.961845, score=0.209700, time=90.16sec.
[INFO] 02-15 22:30:01 - Epoch 035/100, loss=1.961753, score=0.209800, time=87.67sec.
[INFO] 02-15 22:30:32 - eval_scores=[0.21040000021457672]
[INFO] 02-15 22:30:32 - Saved model to saved_models/LeNet_MNIST_Multi_0/checkpoint_035.pt.
[INFO] 02-15 22:32:10 - Epoch 036/100, loss=1.961729, score=0.209783, time=92.77sec.
[INFO] 02-15 22:33:47 - Epoch 037/100, loss=1.961657, score=0.209783, time=91.55sec.
[INFO] 02-15 22:35:25 - Epoch 038/100, loss=1.961590, score=0.209950, time=92.50sec.
[INFO] 02-15 22:36:58 - Epoch 039/100, loss=1.961532, score=0.210050, time=87.25sec.
[INFO] 02-15 22:38:33 - Epoch 040/100, loss=1.961488, score=0.209883, time=90.31sec.
[INFO] 02-15 22:39:05 - eval_scores=[0.21050000190734863]
[INFO] 02-15 22:39:05 - Saved model to saved_models/LeNet_MNIST_Multi_0/checkpoint_040.pt.
[INFO] 02-15 22:40:42 - Epoch 041/100, loss=1.961454, score=0.210067, time=90.87sec.
[INFO] 02-15 22:42:16 - Epoch 042/100, loss=1.961391, score=0.210017, time=87.12sec.
[INFO] 02-15 22:43:52 - Epoch 043/100, loss=1.961359, score=0.209967, time=89.94sec.
[INFO] 02-15 22:45:29 - Epoch 044/100, loss=1.961311, score=0.209917, time=91.05sec.
[INFO] 02-15 22:47:05 - Epoch 045/100, loss=1.961239, score=0.210167, time=89.19sec.
[INFO] 02-15 22:47:36 - eval_scores=[0.210099995136261]
[INFO] 02-15 22:47:36 - Saved model to saved_models/LeNet_MNIST_Multi_0/checkpoint_045.pt.
[INFO] 02-15 22:49:13 - Epoch 046/100, loss=1.961236, score=0.210083, time=90.36sec.
[INFO] 02-15 22:50:54 - Epoch 047/100, loss=1.961183, score=0.210083, time=93.87sec.
[INFO] 02-15 22:52:36 - Epoch 048/100, loss=1.961108, score=0.210167, time=95.34sec.
[INFO] 02-15 22:54:14 - Epoch 049/100, loss=1.961064, score=0.210250, time=91.73sec.
[INFO] 02-15 22:55:49 - Epoch 050/100, loss=1.961041, score=0.210200, time=87.85sec.
[INFO] 02-15 22:56:18 - eval_scores=[0.2101999968290329]
[INFO] 02-15 22:56:18 - Saved model to saved_models/LeNet_MNIST_Multi_0/checkpoint_050.pt.
[INFO] 02-15 22:57:53 - Epoch 051/100, loss=1.961024, score=0.210217, time=88.14sec.
[INFO] 02-15 22:59:27 - Epoch 052/100, loss=1.960993, score=0.210117, time=86.70sec.
[INFO] 02-15 23:01:05 - Epoch 053/100, loss=1.960967, score=0.210217, time=90.02sec.
[INFO] 02-15 23:02:42 - Epoch 054/100, loss=1.960908, score=0.210317, time=89.67sec.
[INFO] 02-15 23:04:23 - Epoch 055/100, loss=1.960876, score=0.210300, time=92.95sec.
[INFO] 02-15 23:04:52 - eval_scores=[0.2101999968290329]
[INFO] 02-15 23:04:52 - Saved model to saved_models/LeNet_MNIST_Multi_0/checkpoint_055.pt.
[INFO] 02-15 23:06:32 - Epoch 056/100, loss=1.960848, score=0.210317, time=93.40sec.
[INFO] 02-15 23:08:10 - Epoch 057/100, loss=1.960800, score=0.210367, time=89.09sec.
[INFO] 02-15 23:09:43 - Epoch 058/100, loss=1.960805, score=0.210333, time=84.95sec.
[INFO] 02-15 23:11:16 - Epoch 059/100, loss=1.960747, score=0.210417, time=86.22sec.
[INFO] 02-15 23:12:40 - Epoch 060/100, loss=1.960762, score=0.210483, time=76.98sec.
[INFO] 02-15 23:13:06 - eval_scores=[0.2102999985218048]
[INFO] 02-15 23:13:06 - Saved model to saved_models/LeNet_MNIST_Multi_0/checkpoint_060.pt.
[INFO] 02-15 23:14:30 - Epoch 061/100, loss=1.960706, score=0.210433, time=76.48sec.
[INFO] 02-15 23:15:53 - Epoch 062/100, loss=1.960711, score=0.210400, time=76.52sec.
[INFO] 02-15 23:17:18 - Epoch 063/100, loss=1.960656, score=0.210433, time=77.83sec.
[INFO] 02-15 23:18:39 - Epoch 064/100, loss=1.960665, score=0.210400, time=73.88sec.
[INFO] 02-15 23:19:58 - Epoch 065/100, loss=1.960600, score=0.210600, time=71.99sec.
[INFO] 02-15 23:20:24 - eval_scores=[0.21040000021457672]
[INFO] 02-15 23:20:24 - Saved model to saved_models/LeNet_MNIST_Multi_0/checkpoint_065.pt.
[INFO] 02-15 23:21:39 - Epoch 066/100, loss=1.960597, score=0.210517, time=67.41sec.
[INFO] 02-15 23:22:50 - Epoch 067/100, loss=1.960587, score=0.210517, time=63.97sec.
[INFO] 02-15 23:24:00 - Epoch 068/100, loss=1.960549, score=0.210617, time=63.90sec.
[INFO] 02-15 23:25:05 - Epoch 069/100, loss=1.960546, score=0.210533, time=57.97sec.
[INFO] 02-15 23:26:14 - Epoch 070/100, loss=1.960537, score=0.210567, time=61.29sec.
[INFO] 02-15 23:26:33 - eval_scores=[0.21059998869895935]
[INFO] 02-15 23:26:33 - Saved model to saved_models/LeNet_MNIST_Multi_0/checkpoint_070.pt.
[INFO] 02-15 23:27:34 - Epoch 071/100, loss=1.960487, score=0.210550, time=53.51sec.
[INFO] 02-15 23:28:19 - Epoch 072/100, loss=1.960465, score=0.210617, time=40.22sec.
[INFO] 02-15 23:29:06 - Epoch 073/100, loss=1.960458, score=0.210633, time=42.03sec.
[INFO] 02-15 23:29:54 - Epoch 074/100, loss=1.960452, score=0.210617, time=43.39sec.
[INFO] 02-15 23:30:43 - Epoch 075/100, loss=1.960431, score=0.210617, time=43.36sec.
[INFO] 02-15 23:30:55 - eval_scores=[0.21040000021457672]
[INFO] 02-15 23:30:55 - Saved model to saved_models/LeNet_MNIST_Multi_0/checkpoint_075.pt.
[INFO] 02-15 23:31:43 - Epoch 076/100, loss=1.960418, score=0.210667, time=43.21sec.
[INFO] 02-15 23:32:26 - Epoch 077/100, loss=1.960383, score=0.210650, time=37.84sec.
[INFO] 02-15 23:33:15 - Epoch 078/100, loss=1.960377, score=0.210667, time=43.36sec.
[INFO] 02-15 23:34:05 - Epoch 079/100, loss=1.960350, score=0.210633, time=44.65sec.
[INFO] 02-15 23:34:48 - Epoch 080/100, loss=1.960342, score=0.210700, time=37.26sec.
[INFO] 02-15 23:34:59 - eval_scores=[0.2102999985218048]
[INFO] 02-15 23:34:59 - Saved model to saved_models/LeNet_MNIST_Multi_0/checkpoint_080.pt.
[INFO] 02-15 23:35:34 - Epoch 081/100, loss=1.960353, score=0.210633, time=29.58sec.
[INFO] 02-15 23:36:16 - Epoch 082/100, loss=1.960319, score=0.210633, time=36.59sec.
[INFO] 02-15 23:36:58 - Epoch 083/100, loss=1.960304, score=0.210667, time=36.71sec.
[INFO] 02-15 23:37:41 - Epoch 084/100, loss=1.960290, score=0.210617, time=36.72sec.
[INFO] 02-15 23:38:17 - Epoch 085/100, loss=1.960267, score=0.210733, time=30.47sec.
[INFO] 02-15 23:38:26 - eval_scores=[0.21059998869895935]
[INFO] 02-15 23:38:26 - Saved model to saved_models/LeNet_MNIST_Multi_0/checkpoint_085.pt.
[INFO] 02-15 23:39:09 - Epoch 086/100, loss=1.960256, score=0.210717, time=36.68sec.
[INFO] 02-15 23:39:52 - Epoch 087/100, loss=1.960265, score=0.210750, time=36.73sec.
[INFO] 02-15 23:40:34 - Epoch 088/100, loss=1.960247, score=0.210767, time=36.69sec.
[INFO] 02-15 23:41:11 - Epoch 089/100, loss=1.960217, score=0.210767, time=31.05sec.
[INFO] 02-15 23:41:55 - Epoch 090/100, loss=1.960226, score=0.210750, time=36.84sec.
[INFO] 02-15 23:42:06 - eval_scores=[0.2102999985218048]
[INFO] 02-15 23:42:06 - Saved model to saved_models/LeNet_MNIST_Multi_0/checkpoint_090.pt.
[INFO] 02-15 23:42:49 - Epoch 091/100, loss=1.960212, score=0.210783, time=36.84sec.
[INFO] 02-15 23:43:32 - Epoch 092/100, loss=1.960204, score=0.210800, time=36.86sec.
[INFO] 02-15 23:44:10 - Epoch 093/100, loss=1.960183, score=0.210833, time=30.82sec.
[INFO] 02-15 23:44:53 - Epoch 094/100, loss=1.960173, score=0.210817, time=36.88sec.
[INFO] 02-15 23:45:36 - Epoch 095/100, loss=1.960165, score=0.210800, time=36.88sec.
[INFO] 02-15 23:45:47 - eval_scores=[0.2102999985218048]
[INFO] 02-15 23:45:47 - Saved model to saved_models/LeNet_MNIST_Multi_0/checkpoint_095.pt.
[INFO] 02-15 23:46:31 - Epoch 096/100, loss=1.960161, score=0.210883, time=36.95sec.
[INFO] 02-15 23:47:11 - Epoch 097/100, loss=1.960163, score=0.210800, time=33.23sec.
[INFO] 02-15 23:47:52 - Epoch 098/100, loss=1.960159, score=0.210817, time=34.81sec.
[INFO] 02-15 23:48:36 - Epoch 099/100, loss=1.960148, score=0.210783, time=36.72sec.
[INFO] 02-15 23:49:20 - Epoch 100/100, loss=1.960118, score=0.210800, time=36.73sec.
[INFO] 02-15 23:49:30 - eval_scores=[0.2102999985218048]
[INFO] 02-15 23:49:30 - Saved model to saved_models/LeNet_MNIST_Multi_0/checkpoint_100.pt.
[INFO] 02-16 18:03:40 - Using device cuda:0.
[INFO] 02-16 18:03:40 - Loaded model from saved_models/LeNet_MNIST_Multi_0/checkpoint_100.pt.
[INFO] 02-16 18:03:40 - Experiment tag: "LeNet_MNIST_Multi_0".
[INFO] 02-16 18:03:40 - Number of trainable parameters: 61706.
[INFO] 02-16 18:03:40 - criterion=MultiTaskCriterion
[INFO] 02-16 18:03:40 -     weight=0.2000, criterion=CrossEntropyLoss()
[INFO] 02-16 18:03:40 -     weight=0.2000, criterion=MappedMNISTCEL([1, 0, 0, 0, 1, 0, 1, 0, 1, 1]).
[INFO] 02-16 18:03:40 -     weight=0.2000, criterion=MappedMNISTCEL([0, 0, 1, 0, 1, 1, 0, 1, 0, 0]).
[INFO] 02-16 18:03:40 -     weight=0.2000, criterion=MappedMNISTCEL([0, 1, 0, 0, 1, 1, 0, 1, 0, 1]).
[INFO] 02-16 18:03:40 -     weight=0.2000, criterion=MappedMNISTCEL([4, 1, 7, 5, 3, 9, 0, 8, 6, 2]).
[INFO] 02-16 18:03:40 - optimizer=SGD
[INFO] 02-16 18:03:40 -     dampening=0
[INFO] 02-16 18:03:40 -     foreach=None
[INFO] 02-16 18:03:40 -     lr=0.001
[INFO] 02-16 18:03:40 -     maximize=False
[INFO] 02-16 18:03:40 -     momentum=0.9
[INFO] 02-16 18:03:40 -     nesterov=False
[INFO] 02-16 18:03:40 -     weight_decay=0
[INFO] 02-16 18:03:40 - epochs=100.
[INFO] 02-16 18:03:40 - batch_size=8.
[INFO] 02-16 18:04:10 - Epoch 101/200, loss=1.960115, score=0.210833, time=29.34sec.
[INFO] 02-16 18:04:38 - Epoch 102/200, loss=1.960106, score=0.210817, time=28.32sec.
[INFO] 02-16 18:05:10 - Epoch 103/200, loss=1.960117, score=0.210817, time=32.07sec.
[INFO] 02-16 18:05:44 - Epoch 104/200, loss=1.960091, score=0.210833, time=33.74sec.
[INFO] 02-16 18:06:18 - Epoch 105/200, loss=1.960100, score=0.210733, time=33.80sec.
[INFO] 02-16 18:06:28 - eval_scores=[0.21050000190734863]
[INFO] 02-16 18:06:28 - Saved model to saved_models/LeNet_MNIST_Multi_0/checkpoint_105.pt.
[INFO] 02-16 18:07:02 - Epoch 106/200, loss=1.960080, score=0.210817, time=33.78sec.
[INFO] 02-16 18:07:38 - Epoch 107/200, loss=1.960075, score=0.210850, time=34.82sec.
[INFO] 02-16 18:08:12 - Epoch 108/200, loss=1.960070, score=0.210883, time=33.71sec.
[INFO] 02-16 18:08:46 - Epoch 109/200, loss=1.960061, score=0.210867, time=33.72sec.
[INFO] 02-16 18:09:20 - Epoch 110/200, loss=1.960050, score=0.210917, time=33.67sec.
[INFO] 02-16 18:09:30 - eval_scores=[0.21040000021457672]
[INFO] 02-16 18:09:30 - Saved model to saved_models/LeNet_MNIST_Multi_0/checkpoint_110.pt.
[INFO] 02-16 18:10:05 - Epoch 111/200, loss=1.960045, score=0.210917, time=34.60sec.
[INFO] 02-16 18:10:40 - Epoch 112/200, loss=1.960040, score=0.210933, time=33.91sec.
[INFO] 02-16 18:11:15 - Epoch 113/200, loss=1.960042, score=0.210900, time=33.76sec.
[INFO] 02-16 18:11:49 - Epoch 114/200, loss=1.960024, score=0.210917, time=33.81sec.
[INFO] 02-16 18:12:24 - Epoch 115/200, loss=1.960027, score=0.210883, time=33.83sec.
[INFO] 02-16 18:12:34 - eval_scores=[0.21040000021457672]
[INFO] 02-16 18:12:34 - Saved model to saved_models/LeNet_MNIST_Multi_0/checkpoint_115.pt.
[INFO] 02-16 18:13:10 - Epoch 116/200, loss=1.960022, score=0.210867, time=34.53sec.
[INFO] 02-16 18:13:44 - Epoch 117/200, loss=1.960022, score=0.210900, time=33.62sec.
[INFO] 02-16 18:14:19 - Epoch 118/200, loss=1.960018, score=0.210883, time=33.73sec.
[INFO] 02-16 18:14:54 - Epoch 119/200, loss=1.960013, score=0.210850, time=33.68sec.
[INFO] 02-16 18:15:30 - Epoch 120/200, loss=1.959999, score=0.210900, time=34.73sec.
[INFO] 02-16 18:15:40 - eval_scores=[0.21050000190734863]
[INFO] 02-16 18:15:40 - Saved model to saved_models/LeNet_MNIST_Multi_0/checkpoint_120.pt.
[INFO] 02-16 18:16:15 - Epoch 121/200, loss=1.959980, score=0.210900, time=33.55sec.
[INFO] 02-16 18:16:50 - Epoch 122/200, loss=1.960001, score=0.210917, time=33.61sec.
[INFO] 02-16 18:17:25 - Epoch 123/200, loss=1.959974, score=0.210883, time=33.24sec.
[INFO] 02-16 18:18:01 - Epoch 124/200, loss=1.959978, score=0.210917, time=34.76sec.
[INFO] 02-16 18:18:36 - Epoch 125/200, loss=1.959967, score=0.210933, time=33.27sec.
[INFO] 02-16 18:18:46 - eval_scores=[0.2101999968290329]
[INFO] 02-16 18:18:46 - Saved model to saved_models/LeNet_MNIST_Multi_0/checkpoint_125.pt.
[INFO] 02-16 18:19:21 - Epoch 126/200, loss=1.959956, score=0.210967, time=33.48sec.
[INFO] 02-16 18:19:56 - Epoch 127/200, loss=1.959962, score=0.210933, time=33.40sec.
[INFO] 02-16 18:20:31 - Epoch 128/200, loss=1.959952, score=0.210917, time=33.57sec.
[INFO] 02-16 18:21:07 - Epoch 129/200, loss=1.959954, score=0.210917, time=34.32sec.
[INFO] 02-16 18:21:43 - Epoch 130/200, loss=1.959935, score=0.210967, time=33.55sec.
[INFO] 02-16 18:21:52 - eval_scores=[0.2101999968290329]
[INFO] 02-16 18:21:52 - Saved model to saved_models/LeNet_MNIST_Multi_0/checkpoint_130.pt.
[INFO] 02-16 18:22:28 - Epoch 131/200, loss=1.959935, score=0.210917, time=33.71sec.
[INFO] 02-16 18:23:04 - Epoch 132/200, loss=1.959941, score=0.210967, time=33.53sec.
[INFO] 02-16 18:23:40 - Epoch 133/200, loss=1.959931, score=0.210950, time=34.23sec.
[INFO] 02-16 18:24:16 - Epoch 134/200, loss=1.959925, score=0.210983, time=33.46sec.
[INFO] 02-16 18:24:51 - Epoch 135/200, loss=1.959925, score=0.210933, time=33.49sec.
[INFO] 02-16 18:25:01 - eval_scores=[0.2102999985218048]
[INFO] 02-16 18:25:01 - Saved model to saved_models/LeNet_MNIST_Multi_0/checkpoint_135.pt.
[INFO] 02-16 18:25:37 - Epoch 136/200, loss=1.959919, score=0.210983, time=33.36sec.
[INFO] 02-16 18:26:13 - Epoch 137/200, loss=1.959921, score=0.210950, time=34.20sec.
[INFO] 02-16 18:26:49 - Epoch 138/200, loss=1.959908, score=0.210983, time=33.17sec.
[INFO] 02-16 18:27:24 - Epoch 139/200, loss=1.959901, score=0.210950, time=33.20sec.
[INFO] 02-16 18:28:00 - Epoch 140/200, loss=1.959898, score=0.210967, time=33.28sec.
[INFO] 02-16 18:28:10 - eval_scores=[0.21050000190734863]
[INFO] 02-16 18:28:10 - Saved model to saved_models/LeNet_MNIST_Multi_0/checkpoint_140.pt.
[INFO] 02-16 18:28:47 - Epoch 141/200, loss=1.959895, score=0.211000, time=33.76sec.
[INFO] 02-16 18:29:24 - Epoch 142/200, loss=1.959890, score=0.210967, time=34.28sec.
[INFO] 02-16 18:29:59 - Epoch 143/200, loss=1.959890, score=0.210950, time=32.86sec.
[INFO] 02-16 18:30:36 - Epoch 144/200, loss=1.959893, score=0.210967, time=33.24sec.
[INFO] 02-16 18:31:12 - Epoch 145/200, loss=1.959884, score=0.210983, time=33.21sec.
[INFO] 02-16 18:31:22 - eval_scores=[0.21059998869895935]
[INFO] 02-16 18:31:22 - Saved model to saved_models/LeNet_MNIST_Multi_0/checkpoint_145.pt.
[INFO] 02-16 18:31:59 - Epoch 146/200, loss=1.959880, score=0.210983, time=34.03sec.
[INFO] 02-16 18:32:35 - Epoch 147/200, loss=1.959880, score=0.210967, time=33.27sec.
[INFO] 02-16 18:33:12 - Epoch 148/200, loss=1.959876, score=0.210950, time=33.17sec.
[INFO] 02-16 18:33:48 - Epoch 149/200, loss=1.959873, score=0.210967, time=33.12sec.
[INFO] 02-16 18:34:26 - Epoch 150/200, loss=1.959868, score=0.211000, time=34.63sec.
[INFO] 02-16 18:34:36 - eval_scores=[0.21040000021457672]
[INFO] 02-16 18:34:36 - Saved model to saved_models/LeNet_MNIST_Multi_0/checkpoint_150.pt.
[INFO] 02-16 18:35:12 - Epoch 151/200, loss=1.959872, score=0.211000, time=33.16sec.
[INFO] 02-16 18:35:48 - Epoch 152/200, loss=1.959866, score=0.211000, time=33.09sec.
[INFO] 02-16 18:36:25 - Epoch 153/200, loss=1.959868, score=0.211000, time=33.07sec.
[INFO] 02-16 18:37:02 - Epoch 154/200, loss=1.959862, score=0.211000, time=33.06sec.
[INFO] 02-16 18:37:40 - Epoch 155/200, loss=1.959856, score=0.210983, time=34.08sec.
[INFO] 02-16 18:37:50 - eval_scores=[0.2102999985218048]
[INFO] 02-16 18:37:50 - Saved model to saved_models/LeNet_MNIST_Multi_0/checkpoint_155.pt.
[INFO] 02-16 18:38:27 - Epoch 156/200, loss=1.959854, score=0.210983, time=33.02sec.
[INFO] 02-16 18:39:03 - Epoch 157/200, loss=1.959850, score=0.211017, time=32.92sec.
[INFO] 02-16 18:39:40 - Epoch 158/200, loss=1.959856, score=0.211000, time=32.73sec.
[INFO] 02-16 18:40:17 - Epoch 159/200, loss=1.959854, score=0.210967, time=33.66sec.
[INFO] 02-16 18:40:54 - Epoch 160/200, loss=1.959841, score=0.211000, time=32.70sec.
[INFO] 02-16 18:41:04 - eval_scores=[0.21050000190734863]
[INFO] 02-16 18:41:04 - Saved model to saved_models/LeNet_MNIST_Multi_0/checkpoint_160.pt.
[INFO] 02-16 18:41:41 - Epoch 161/200, loss=1.959834, score=0.211000, time=32.90sec.
[INFO] 02-16 18:42:18 - Epoch 162/200, loss=1.959834, score=0.210983, time=32.78sec.
[INFO] 02-16 18:42:55 - Epoch 163/200, loss=1.959831, score=0.211000, time=32.88sec.
[INFO] 02-16 18:43:32 - Epoch 164/200, loss=1.959825, score=0.211000, time=33.33sec.
[INFO] 02-16 18:44:09 - Epoch 165/200, loss=1.959822, score=0.211000, time=32.82sec.
[INFO] 02-16 18:44:18 - eval_scores=[0.21040000021457672]
[INFO] 02-16 18:44:18 - Saved model to saved_models/LeNet_MNIST_Multi_0/checkpoint_165.pt.
[INFO] 02-16 18:44:55 - Epoch 166/200, loss=1.959824, score=0.211017, time=32.78sec.
[INFO] 02-16 18:45:33 - Epoch 167/200, loss=1.959822, score=0.211000, time=32.79sec.
[INFO] 02-16 18:46:11 - Epoch 168/200, loss=1.959816, score=0.211000, time=33.63sec.
[INFO] 02-16 18:46:49 - Epoch 169/200, loss=1.959816, score=0.210983, time=32.93sec.
[INFO] 02-16 18:47:26 - Epoch 170/200, loss=1.959810, score=0.211017, time=32.89sec.
[INFO] 02-16 18:47:36 - eval_scores=[0.21040000021457672]
[INFO] 02-16 18:47:36 - Saved model to saved_models/LeNet_MNIST_Multi_0/checkpoint_170.pt.
[INFO] 02-16 18:48:14 - Epoch 171/200, loss=1.959810, score=0.210983, time=32.99sec.
[INFO] 02-16 18:48:54 - Epoch 172/200, loss=1.959806, score=0.211000, time=34.86sec.
[INFO] 02-16 18:49:32 - Epoch 173/200, loss=1.959800, score=0.211000, time=33.00sec.
[INFO] 02-16 18:50:09 - Epoch 174/200, loss=1.959792, score=0.211017, time=32.73sec.
[INFO] 02-16 18:50:47 - Epoch 175/200, loss=1.959794, score=0.211017, time=32.47sec.
[INFO] 02-16 18:50:57 - eval_scores=[0.2102999985218048]
[INFO] 02-16 18:50:57 - Saved model to saved_models/LeNet_MNIST_Multi_0/checkpoint_175.pt.
[INFO] 02-16 18:51:35 - Epoch 176/200, loss=1.959788, score=0.211017, time=32.53sec.
[INFO] 02-16 18:52:13 - Epoch 177/200, loss=1.959789, score=0.211000, time=33.45sec.
[INFO] 02-16 18:52:51 - Epoch 178/200, loss=1.959788, score=0.211017, time=32.41sec.
[INFO] 02-16 18:53:28 - Epoch 179/200, loss=1.959786, score=0.211017, time=32.34sec.
[INFO] 02-16 18:54:06 - Epoch 180/200, loss=1.959783, score=0.211017, time=32.45sec.
[INFO] 02-16 18:54:14 - eval_scores=[0.2102999985218048]
[INFO] 02-16 18:54:14 - Saved model to saved_models/LeNet_MNIST_Multi_0/checkpoint_180.pt.
[INFO] 02-16 18:54:54 - Epoch 181/200, loss=1.959784, score=0.211017, time=34.09sec.
[INFO] 02-16 18:55:32 - Epoch 182/200, loss=1.959784, score=0.211000, time=32.32sec.
[INFO] 02-16 18:56:10 - Epoch 183/200, loss=1.959781, score=0.211000, time=32.30sec.
[INFO] 02-16 18:56:48 - Epoch 184/200, loss=1.959776, score=0.211017, time=31.97sec.
[INFO] 02-16 18:57:27 - Epoch 185/200, loss=1.959776, score=0.211017, time=32.49sec.
[INFO] 02-16 18:57:37 - eval_scores=[0.21050000190734863]
[INFO] 02-16 18:57:37 - Saved model to saved_models/LeNet_MNIST_Multi_0/checkpoint_185.pt.
[INFO] 02-16 18:58:16 - Epoch 186/200, loss=1.959777, score=0.211017, time=33.13sec.
[INFO] 02-16 18:58:54 - Epoch 187/200, loss=1.959775, score=0.211017, time=32.33sec.
[INFO] 02-16 18:59:32 - Epoch 188/200, loss=1.959773, score=0.211017, time=32.26sec.
[INFO] 02-16 19:00:12 - Epoch 189/200, loss=1.959771, score=0.211017, time=33.44sec.
[INFO] 02-16 19:00:52 - Epoch 190/200, loss=1.959772, score=0.211017, time=34.51sec.
[INFO] 02-16 19:01:01 - eval_scores=[0.21050000190734863]
[INFO] 02-16 19:01:01 - Saved model to saved_models/LeNet_MNIST_Multi_0/checkpoint_190.pt.
[INFO] 02-16 19:01:34 - Epoch 191/200, loss=1.959772, score=0.211017, time=26.45sec.
[INFO] 02-16 19:02:07 - Epoch 192/200, loss=1.959768, score=0.211017, time=26.41sec.
[INFO] 02-16 19:02:39 - Epoch 193/200, loss=1.959770, score=0.211017, time=26.40sec.
[INFO] 02-16 19:03:12 - Epoch 194/200, loss=1.959768, score=0.211017, time=26.44sec.
[INFO] 02-16 19:03:45 - Epoch 195/200, loss=1.959768, score=0.211017, time=26.45sec.
[INFO] 02-16 19:03:53 - eval_scores=[0.21040000021457672]
[INFO] 02-16 19:03:53 - Saved model to saved_models/LeNet_MNIST_Multi_0/checkpoint_195.pt.
[INFO] 02-16 19:04:26 - Epoch 196/200, loss=1.959766, score=0.211017, time=26.45sec.
[INFO] 02-16 19:04:58 - Epoch 197/200, loss=1.959766, score=0.211017, time=26.38sec.
[INFO] 02-16 19:05:31 - Epoch 198/200, loss=1.959765, score=0.211017, time=26.42sec.
[INFO] 02-16 19:06:04 - Epoch 199/200, loss=1.959764, score=0.211017, time=26.32sec.
[INFO] 02-16 19:06:37 - Epoch 200/200, loss=1.959764, score=0.211017, time=26.32sec.
[INFO] 02-16 19:06:45 - eval_scores=[0.21050000190734863]
[INFO] 02-16 19:06:45 - Saved model to saved_models/LeNet_MNIST_Multi_0/checkpoint_200.pt.
