[INFO] 02-21 00:47:18 - Using device cuda:0.
[INFO] 02-21 00:47:18 - Loaded model from saved_models/LeNet_MNIST_Multi_3_easy_cp_200_th_0/checkpoint_005.pt.
[INFO] 02-21 00:47:18 - Experiment tag: "LeNet_MNIST_Multi_3_easy_cp_200_th_0".
[INFO] 02-21 00:47:18 - Number of trainable parameters: 61706.
[INFO] 02-21 00:47:18 - criterion=MultiTaskCriterion
[INFO] 02-21 00:47:18 -     weight=0.5000, criterion=CrossEntropyLoss()
[INFO] 02-21 00:47:18 -     weight=0.5000, criterion=MappedMNISTCEL([4, 1, 7, 5, 3, 9, 0, 8, 6, 2]).
[INFO] 02-21 00:47:18 - optimizer=SGD
[INFO] 02-21 00:47:18 -     dampening=0
[INFO] 02-21 00:47:18 -     foreach=None
[INFO] 02-21 00:47:18 -     lr=0.001
[INFO] 02-21 00:47:18 -     maximize=False
[INFO] 02-21 00:47:18 -     momentum=0.9
[INFO] 02-21 00:47:18 -     nesterov=False
[INFO] 02-21 00:47:18 -     weight_decay=0
[INFO] 02-21 00:47:18 - epochs=195.
[INFO] 02-21 00:47:18 - batch_size=8.
[INFO] 02-21 00:47:31 - Epoch 006/200, loss=1.935374, score=0.509901, time=12.99sec.
[INFO] 02-21 00:47:43 - Epoch 007/200, loss=1.931113, score=0.515195, time=11.45sec.
[INFO] 02-21 00:47:55 - Epoch 008/200, loss=1.927590, score=0.520822, time=11.63sec.
[INFO] 02-21 00:48:07 - Epoch 009/200, loss=1.924670, score=0.527204, time=12.71sec.
[INFO] 02-21 00:48:22 - Epoch 010/200, loss=1.922237, score=0.532232, time=14.26sec.
[INFO] 02-21 00:48:32 - eval_scores=[0.548799991607666]
[INFO] 02-21 00:48:32 - Saved model to saved_models/LeNet_MNIST_Multi_3_easy_cp_200_th_0/checkpoint_010.pt.
[INFO] 02-21 00:48:46 - Epoch 011/200, loss=1.920159, score=0.535595, time=14.15sec.
[INFO] 02-21 00:49:01 - Epoch 012/200, loss=1.918339, score=0.540523, time=14.46sec.
[INFO] 02-21 00:49:18 - Epoch 013/200, loss=1.916755, score=0.543653, time=16.99sec.
[INFO] 02-21 00:49:37 - Epoch 014/200, loss=1.915399, score=0.545785, time=18.42sec.
[INFO] 02-21 00:49:58 - Epoch 015/200, loss=1.914231, score=0.548315, time=21.14sec.
[INFO] 02-21 00:50:22 - eval_scores=[0.552899956703186]
[INFO] 02-21 00:50:22 - Saved model to saved_models/LeNet_MNIST_Multi_3_easy_cp_200_th_0/checkpoint_015.pt.
[INFO] 02-21 00:50:53 - Epoch 016/200, loss=1.913210, score=0.548615, time=29.44sec.
[INFO] 02-21 00:51:24 - Epoch 017/200, loss=1.912306, score=0.548914, time=30.94sec.
[INFO] 02-21 00:51:55 - Epoch 018/200, loss=1.911497, score=0.548648, time=29.27sec.
[INFO] 02-21 00:52:22 - Epoch 019/200, loss=1.910772, score=0.548249, time=26.20sec.
[INFO] 02-21 00:52:50 - Epoch 020/200, loss=1.910117, score=0.547716, time=27.43sec.
[INFO] 02-21 00:53:19 - eval_scores=[0.5453999638557434]
[INFO] 02-21 00:53:19 - Saved model to saved_models/LeNet_MNIST_Multi_3_easy_cp_200_th_0/checkpoint_020.pt.
[INFO] 02-21 00:53:55 - Epoch 021/200, loss=1.909522, score=0.547283, time=34.56sec.
[INFO] 02-21 00:54:30 - Epoch 022/200, loss=1.908980, score=0.547383, time=34.23sec.
[INFO] 02-21 00:55:02 - Epoch 023/200, loss=1.908482, score=0.547649, time=30.64sec.
[INFO] 02-21 00:55:35 - Epoch 024/200, loss=1.908020, score=0.547716, time=32.98sec.
[INFO] 02-21 00:56:09 - Epoch 025/200, loss=1.907587, score=0.547549, time=31.75sec.
[INFO] 02-21 00:56:39 - eval_scores=[0.5392999649047852]
[INFO] 02-21 00:56:39 - Saved model to saved_models/LeNet_MNIST_Multi_3_easy_cp_200_th_0/checkpoint_025.pt.
[INFO] 02-21 00:57:14 - Epoch 026/200, loss=1.907181, score=0.547616, time=33.99sec.
[INFO] 02-21 00:57:49 - Epoch 027/200, loss=1.906799, score=0.547949, time=33.35sec.
[INFO] 02-21 00:58:22 - Epoch 028/200, loss=1.906438, score=0.548115, time=31.01sec.
[INFO] 02-21 00:58:54 - Epoch 029/200, loss=1.906097, score=0.547816, time=30.41sec.
[INFO] 02-21 00:59:27 - Epoch 030/200, loss=1.905773, score=0.547982, time=31.79sec.
[INFO] 02-21 00:59:57 - eval_scores=[0.5342999696731567]
[INFO] 02-21 00:59:57 - Saved model to saved_models/LeNet_MNIST_Multi_3_easy_cp_200_th_0/checkpoint_030.pt.
[INFO] 02-21 01:00:31 - Epoch 031/200, loss=1.905464, score=0.547916, time=31.76sec.
[INFO] 02-21 01:01:05 - Epoch 032/200, loss=1.905171, score=0.548681, time=32.94sec.
[INFO] 02-21 01:01:40 - Epoch 033/200, loss=1.904891, score=0.548249, time=32.61sec.
[INFO] 02-21 01:02:12 - Epoch 034/200, loss=1.904625, score=0.548515, time=29.93sec.
[INFO] 02-21 01:02:46 - Epoch 035/200, loss=1.904370, score=0.548815, time=32.47sec.
[INFO] 02-21 01:03:17 - eval_scores=[0.5351999998092651]
[INFO] 02-21 01:03:17 - Saved model to saved_models/LeNet_MNIST_Multi_3_easy_cp_200_th_0/checkpoint_035.pt.
[INFO] 02-21 01:03:53 - Epoch 036/200, loss=1.904126, score=0.548681, time=33.68sec.
[INFO] 02-21 01:04:26 - Epoch 037/200, loss=1.903892, score=0.548781, time=30.89sec.
[INFO] 02-21 01:05:00 - Epoch 038/200, loss=1.903669, score=0.548981, time=32.34sec.
[INFO] 02-21 01:05:34 - Epoch 039/200, loss=1.903457, score=0.549081, time=31.43sec.
[INFO] 02-21 01:06:07 - Epoch 040/200, loss=1.903257, score=0.548881, time=30.37sec.
[INFO] 02-21 01:06:33 - eval_scores=[0.536799967288971]
[INFO] 02-21 01:06:33 - Saved model to saved_models/LeNet_MNIST_Multi_3_easy_cp_200_th_0/checkpoint_040.pt.
[INFO] 02-21 01:07:06 - Epoch 041/200, loss=1.903065, score=0.548282, time=29.64sec.
[INFO] 02-21 01:07:42 - Epoch 042/200, loss=1.902880, score=0.548615, time=33.85sec.
[INFO] 02-21 01:08:18 - Epoch 043/200, loss=1.902700, score=0.548914, time=33.67sec.
[INFO] 02-21 01:08:52 - Epoch 044/200, loss=1.902525, score=0.549214, time=31.00sec.
[INFO] 02-21 01:09:24 - Epoch 045/200, loss=1.902356, score=0.548448, time=29.93sec.
[INFO] 02-21 01:09:52 - eval_scores=[0.5392000079154968]
[INFO] 02-21 01:09:52 - Saved model to saved_models/LeNet_MNIST_Multi_3_easy_cp_200_th_0/checkpoint_045.pt.
[INFO] 02-21 01:10:26 - Epoch 046/200, loss=1.902193, score=0.548348, time=31.28sec.
[INFO] 02-21 01:10:58 - Epoch 047/200, loss=1.902037, score=0.548282, time=29.29sec.
[INFO] 02-21 01:11:35 - Epoch 048/200, loss=1.901887, score=0.548182, time=32.97sec.
[INFO] 02-21 01:12:07 - Epoch 049/200, loss=1.901741, score=0.547782, time=29.66sec.
[INFO] 02-21 01:12:42 - Epoch 050/200, loss=1.901598, score=0.547749, time=31.69sec.
[INFO] 02-21 01:13:09 - eval_scores=[0.5396000146865845]
[INFO] 02-21 01:13:09 - Saved model to saved_models/LeNet_MNIST_Multi_3_easy_cp_200_th_0/checkpoint_050.pt.
[INFO] 02-21 01:13:44 - Epoch 051/200, loss=1.901458, score=0.547782, time=31.15sec.
[INFO] 02-21 01:14:19 - Epoch 052/200, loss=1.901320, score=0.548115, time=32.66sec.
[INFO] 02-21 01:14:54 - Epoch 053/200, loss=1.901184, score=0.548115, time=32.31sec.
[INFO] 02-21 01:15:26 - Epoch 054/200, loss=1.901049, score=0.548315, time=28.52sec.
[INFO] 02-21 01:15:59 - Epoch 055/200, loss=1.900915, score=0.548981, time=30.43sec.
[INFO] 02-21 01:16:27 - eval_scores=[0.5378999710083008]
[INFO] 02-21 01:16:27 - Saved model to saved_models/LeNet_MNIST_Multi_3_easy_cp_200_th_0/checkpoint_055.pt.
[INFO] 02-21 01:17:02 - Epoch 056/200, loss=1.900787, score=0.549547, time=31.37sec.
[INFO] 02-21 01:17:40 - Epoch 057/200, loss=1.900664, score=0.549447, time=34.28sec.
[INFO] 02-21 01:18:16 - Epoch 058/200, loss=1.900547, score=0.549414, time=32.92sec.
[INFO] 02-21 01:18:51 - Epoch 059/200, loss=1.900435, score=0.549148, time=31.26sec.
[INFO] 02-21 01:19:26 - Epoch 060/200, loss=1.900327, score=0.549347, time=30.47sec.
[INFO] 02-21 01:19:55 - eval_scores=[0.538100004196167]
[INFO] 02-21 01:19:55 - Saved model to saved_models/LeNet_MNIST_Multi_3_easy_cp_200_th_0/checkpoint_060.pt.
[INFO] 02-21 01:20:31 - Epoch 061/200, loss=1.900225, score=0.549248, time=32.26sec.
[INFO] 02-21 01:21:08 - Epoch 062/200, loss=1.900128, score=0.549447, time=33.35sec.
[INFO] 02-21 01:21:42 - Epoch 063/200, loss=1.900036, score=0.549248, time=30.00sec.
[INFO] 02-21 01:22:17 - Epoch 064/200, loss=1.899948, score=0.549414, time=30.90sec.
[INFO] 02-21 01:22:52 - Epoch 065/200, loss=1.899863, score=0.549381, time=30.25sec.
[INFO] 02-21 01:23:21 - eval_scores=[0.539900004863739]
[INFO] 02-21 01:23:21 - Saved model to saved_models/LeNet_MNIST_Multi_3_easy_cp_200_th_0/checkpoint_065.pt.
[INFO] 02-21 01:23:57 - Epoch 066/200, loss=1.899781, score=0.549381, time=32.17sec.
[INFO] 02-21 01:24:33 - Epoch 067/200, loss=1.899703, score=0.548981, time=31.48sec.
[INFO] 02-21 01:25:08 - Epoch 068/200, loss=1.899627, score=0.549014, time=30.92sec.
[INFO] 02-21 01:25:43 - Epoch 069/200, loss=1.899555, score=0.549314, time=30.10sec.
[INFO] 02-21 01:26:19 - Epoch 070/200, loss=1.899485, score=0.549347, time=32.00sec.
[INFO] 02-21 01:26:50 - eval_scores=[0.5428999662399292]
[INFO] 02-21 01:26:50 - Saved model to saved_models/LeNet_MNIST_Multi_3_easy_cp_200_th_0/checkpoint_070.pt.
[INFO] 02-21 01:27:24 - Epoch 071/200, loss=1.899418, score=0.549314, time=30.41sec.
[INFO] 02-21 01:28:01 - Epoch 072/200, loss=1.899354, score=0.549148, time=32.45sec.
[INFO] 02-21 01:28:37 - Epoch 073/200, loss=1.899292, score=0.549447, time=31.26sec.
[INFO] 02-21 01:29:13 - Epoch 074/200, loss=1.899232, score=0.549614, time=31.15sec.
[INFO] 02-21 01:29:48 - Epoch 075/200, loss=1.899173, score=0.549880, time=30.46sec.
[INFO] 02-21 01:30:15 - eval_scores=[0.5432000160217285]
[INFO] 02-21 01:30:15 - Saved model to saved_models/LeNet_MNIST_Multi_3_easy_cp_200_th_0/checkpoint_075.pt.
[INFO] 02-21 01:30:54 - Epoch 076/200, loss=1.899115, score=0.550113, time=33.81sec.
[INFO] 02-21 01:31:31 - Epoch 077/200, loss=1.899058, score=0.549814, time=31.67sec.
[INFO] 02-21 01:32:06 - Epoch 078/200, loss=1.899002, score=0.549980, time=29.11sec.
[INFO] 02-21 01:32:42 - Epoch 079/200, loss=1.898949, score=0.550113, time=30.34sec.
[INFO] 02-21 01:33:17 - Epoch 080/200, loss=1.898896, score=0.550513, time=29.96sec.
[INFO] 02-21 01:33:45 - eval_scores=[0.5455999970436096]
[INFO] 02-21 01:33:45 - Saved model to saved_models/LeNet_MNIST_Multi_3_easy_cp_200_th_0/checkpoint_080.pt.
[INFO] 02-21 01:34:21 - Epoch 081/200, loss=1.898846, score=0.550812, time=30.22sec.
[INFO] 02-21 01:34:58 - Epoch 082/200, loss=1.898796, score=0.550646, time=31.24sec.
[INFO] 02-21 01:35:33 - Epoch 083/200, loss=1.898746, score=0.550812, time=30.03sec.
[INFO] 02-21 01:36:09 - Epoch 084/200, loss=1.898697, score=0.550746, time=29.70sec.
[INFO] 02-21 01:36:44 - Epoch 085/200, loss=1.898649, score=0.550413, time=30.49sec.
[INFO] 02-21 01:37:15 - eval_scores=[0.5462999939918518]
[INFO] 02-21 01:37:15 - Saved model to saved_models/LeNet_MNIST_Multi_3_easy_cp_200_th_0/checkpoint_085.pt.
[INFO] 02-21 01:37:52 - Epoch 086/200, loss=1.898603, score=0.550380, time=30.51sec.
[INFO] 02-21 01:38:29 - Epoch 087/200, loss=1.898558, score=0.550346, time=31.93sec.
[INFO] 02-21 01:39:06 - Epoch 088/200, loss=1.898514, score=0.550413, time=31.86sec.
[INFO] 02-21 01:39:42 - Epoch 089/200, loss=1.898471, score=0.550479, time=30.55sec.
[INFO] 02-21 01:40:20 - Epoch 090/200, loss=1.898429, score=0.550746, time=31.49sec.
[INFO] 02-21 01:40:50 - eval_scores=[0.5503000020980835]
[INFO] 02-21 01:40:50 - Saved model to saved_models/LeNet_MNIST_Multi_3_easy_cp_200_th_0/checkpoint_090.pt.
[INFO] 02-21 01:41:27 - Epoch 091/200, loss=1.898388, score=0.550679, time=30.89sec.
[INFO] 02-21 01:42:05 - Epoch 092/200, loss=1.898348, score=0.550613, time=31.29sec.
[INFO] 02-21 01:42:43 - Epoch 093/200, loss=1.898309, score=0.550646, time=32.52sec.
[INFO] 02-21 01:43:19 - Epoch 094/200, loss=1.898271, score=0.550479, time=29.55sec.
[INFO] 02-21 01:43:58 - Epoch 095/200, loss=1.898234, score=0.550080, time=32.56sec.
[INFO] 02-21 01:44:28 - eval_scores=[0.5525000095367432]
[INFO] 02-21 01:44:28 - Saved model to saved_models/LeNet_MNIST_Multi_3_easy_cp_200_th_0/checkpoint_095.pt.
[INFO] 02-21 01:45:05 - Epoch 096/200, loss=1.898198, score=0.550246, time=31.56sec.
[INFO] 02-21 01:45:43 - Epoch 097/200, loss=1.898162, score=0.550879, time=31.31sec.
[INFO] 02-21 01:46:22 - Epoch 098/200, loss=1.898126, score=0.551245, time=31.96sec.
[INFO] 02-21 01:46:58 - Epoch 099/200, loss=1.898093, score=0.551179, time=29.52sec.
[INFO] 02-21 01:47:38 - Epoch 100/200, loss=1.898060, score=0.551512, time=33.10sec.
[INFO] 02-21 01:48:06 - eval_scores=[0.552899956703186]
[INFO] 02-21 01:48:06 - Saved model to saved_models/LeNet_MNIST_Multi_3_easy_cp_200_th_0/checkpoint_100.pt.
[INFO] 02-21 01:48:43 - Epoch 101/200, loss=1.898028, score=0.551212, time=30.59sec.
[INFO] 02-21 01:49:23 - Epoch 102/200, loss=1.897998, score=0.551379, time=32.76sec.
[INFO] 02-21 01:50:01 - Epoch 103/200, loss=1.897967, score=0.551079, time=30.86sec.
[INFO] 02-21 01:50:37 - Epoch 104/200, loss=1.897936, score=0.551145, time=30.23sec.
[INFO] 02-21 01:51:16 - Epoch 105/200, loss=1.897905, score=0.551012, time=31.46sec.
[INFO] 02-21 01:51:46 - eval_scores=[0.5518999695777893]
[INFO] 02-21 01:51:46 - Saved model to saved_models/LeNet_MNIST_Multi_3_easy_cp_200_th_0/checkpoint_105.pt.
[INFO] 02-21 01:52:24 - Epoch 106/200, loss=1.897876, score=0.551012, time=29.98sec.
[INFO] 02-21 01:53:04 - Epoch 107/200, loss=1.897847, score=0.551046, time=32.40sec.
[INFO] 02-21 01:53:40 - Epoch 108/200, loss=1.897818, score=0.550513, time=29.01sec.
[INFO] 02-21 01:54:18 - Epoch 109/200, loss=1.897789, score=0.550513, time=30.73sec.
[INFO] 02-21 01:54:55 - Epoch 110/200, loss=1.897762, score=0.550313, time=29.42sec.
[INFO] 02-21 01:55:24 - eval_scores=[0.550000011920929]
[INFO] 02-21 01:55:24 - Saved model to saved_models/LeNet_MNIST_Multi_3_easy_cp_200_th_0/checkpoint_110.pt.
[INFO] 02-21 01:56:01 - Epoch 111/200, loss=1.897736, score=0.549880, time=30.27sec.
[INFO] 02-21 01:56:40 - Epoch 112/200, loss=1.897712, score=0.550213, time=30.88sec.
[INFO] 02-21 01:57:19 - Epoch 113/200, loss=1.897688, score=0.550246, time=30.92sec.
[INFO] 02-21 01:57:57 - Epoch 114/200, loss=1.897664, score=0.549913, time=30.79sec.
[INFO] 02-21 01:58:35 - Epoch 115/200, loss=1.897639, score=0.549880, time=30.61sec.
[INFO] 02-21 01:59:05 - eval_scores=[0.5490999817848206]
[INFO] 02-21 01:59:05 - Saved model to saved_models/LeNet_MNIST_Multi_3_easy_cp_200_th_0/checkpoint_115.pt.
[INFO] 02-21 01:59:43 - Epoch 116/200, loss=1.897610, score=0.550013, time=31.04sec.
[INFO] 02-21 02:00:20 - Epoch 117/200, loss=1.897583, score=0.550047, time=28.98sec.
[INFO] 02-21 02:00:58 - Epoch 118/200, loss=1.897560, score=0.550147, time=30.14sec.
[INFO] 02-21 02:01:35 - Epoch 119/200, loss=1.897539, score=0.550280, time=30.02sec.
[INFO] 02-21 02:02:15 - Epoch 120/200, loss=1.897518, score=0.550080, time=30.91sec.
[INFO] 02-21 02:02:44 - eval_scores=[0.5473999977111816]
[INFO] 02-21 02:02:44 - Saved model to saved_models/LeNet_MNIST_Multi_3_easy_cp_200_th_0/checkpoint_120.pt.
[INFO] 02-21 02:03:21 - Epoch 121/200, loss=1.897498, score=0.550180, time=28.95sec.
[INFO] 02-21 02:04:01 - Epoch 122/200, loss=1.897478, score=0.550346, time=31.40sec.
[INFO] 02-21 02:04:37 - Epoch 123/200, loss=1.897458, score=0.550013, time=28.59sec.
[INFO] 02-21 02:05:15 - Epoch 124/200, loss=1.897438, score=0.550113, time=29.43sec.
[INFO] 02-21 02:05:53 - Epoch 125/200, loss=1.897418, score=0.550080, time=29.05sec.
[INFO] 02-21 02:06:21 - eval_scores=[0.5467000007629395]
[INFO] 02-21 02:06:21 - Saved model to saved_models/LeNet_MNIST_Multi_3_easy_cp_200_th_0/checkpoint_125.pt.
[INFO] 02-21 02:07:00 - Epoch 126/200, loss=1.897398, score=0.550147, time=28.56sec.
[INFO] 02-21 02:07:38 - Epoch 127/200, loss=1.897378, score=0.550013, time=29.54sec.
[INFO] 02-21 02:08:15 - Epoch 128/200, loss=1.897359, score=0.550313, time=29.08sec.
[INFO] 02-21 02:08:55 - Epoch 129/200, loss=1.897341, score=0.550413, time=30.66sec.
[INFO] 02-21 02:09:35 - Epoch 130/200, loss=1.897323, score=0.550147, time=31.08sec.
[INFO] 02-21 02:10:03 - eval_scores=[0.545799970626831]
[INFO] 02-21 02:10:03 - Saved model to saved_models/LeNet_MNIST_Multi_3_easy_cp_200_th_0/checkpoint_130.pt.
[INFO] 02-21 02:10:41 - Epoch 131/200, loss=1.897304, score=0.550080, time=29.18sec.
[INFO] 02-21 02:11:18 - Epoch 132/200, loss=1.897284, score=0.550280, time=28.12sec.
[INFO] 02-21 02:11:57 - Epoch 133/200, loss=1.897263, score=0.550280, time=28.85sec.
[INFO] 02-21 02:12:37 - Epoch 134/200, loss=1.897241, score=0.550113, time=32.04sec.
[INFO] 02-21 02:13:19 - Epoch 135/200, loss=1.897221, score=0.550180, time=32.60sec.
[INFO] 02-21 02:13:47 - eval_scores=[0.5439000129699707]
[INFO] 02-21 02:13:47 - Saved model to saved_models/LeNet_MNIST_Multi_3_easy_cp_200_th_0/checkpoint_135.pt.
[INFO] 02-21 02:14:25 - Epoch 136/200, loss=1.897201, score=0.550013, time=30.04sec.
[INFO] 02-21 02:15:05 - Epoch 137/200, loss=1.897181, score=0.550047, time=29.68sec.
[INFO] 02-21 02:15:44 - Epoch 138/200, loss=1.897160, score=0.550180, time=29.30sec.
[INFO] 02-21 02:16:23 - Epoch 139/200, loss=1.897140, score=0.549980, time=30.68sec.
[INFO] 02-21 02:17:02 - Epoch 140/200, loss=1.897122, score=0.549814, time=29.94sec.
[INFO] 02-21 02:17:30 - eval_scores=[0.5449000000953674]
[INFO] 02-21 02:17:30 - Saved model to saved_models/LeNet_MNIST_Multi_3_easy_cp_200_th_0/checkpoint_140.pt.
[INFO] 02-21 02:18:12 - Epoch 141/200, loss=1.897104, score=0.549814, time=31.39sec.
[INFO] 02-21 02:18:52 - Epoch 142/200, loss=1.897087, score=0.549947, time=31.86sec.
[INFO] 02-21 02:19:31 - Epoch 143/200, loss=1.897069, score=0.550047, time=29.65sec.
[INFO] 02-21 02:20:11 - Epoch 144/200, loss=1.897052, score=0.550180, time=30.45sec.
[INFO] 02-21 02:20:51 - Epoch 145/200, loss=1.897036, score=0.550380, time=31.15sec.
[INFO] 02-21 02:21:19 - eval_scores=[0.5453999638557434]
[INFO] 02-21 02:21:19 - Saved model to saved_models/LeNet_MNIST_Multi_3_easy_cp_200_th_0/checkpoint_145.pt.
[INFO] 02-21 02:22:00 - Epoch 146/200, loss=1.897020, score=0.550513, time=30.85sec.
[INFO] 02-21 02:22:39 - Epoch 147/200, loss=1.897003, score=0.550912, time=30.07sec.
[INFO] 02-21 02:23:18 - Epoch 148/200, loss=1.896986, score=0.551046, time=28.66sec.
[INFO] 02-21 02:23:58 - Epoch 149/200, loss=1.896968, score=0.551145, time=30.81sec.
[INFO] 02-21 02:24:37 - Epoch 150/200, loss=1.896950, score=0.551112, time=29.05sec.
[INFO] 02-21 02:25:06 - eval_scores=[0.5432000160217285]
[INFO] 02-21 02:25:06 - Saved model to saved_models/LeNet_MNIST_Multi_3_easy_cp_200_th_0/checkpoint_150.pt.
[INFO] 02-21 02:25:46 - Epoch 151/200, loss=1.896931, score=0.551145, time=30.30sec.
[INFO] 02-21 02:26:28 - Epoch 152/200, loss=1.896914, score=0.551245, time=30.81sec.
[INFO] 02-21 02:27:06 - Epoch 153/200, loss=1.896897, score=0.550912, time=27.86sec.
[INFO] 02-21 02:27:47 - Epoch 154/200, loss=1.896880, score=0.550779, time=30.94sec.
[INFO] 02-21 02:28:27 - Epoch 155/200, loss=1.896860, score=0.550746, time=29.34sec.
[INFO] 02-21 02:28:55 - eval_scores=[0.5461999773979187]
[INFO] 02-21 02:28:55 - Saved model to saved_models/LeNet_MNIST_Multi_3_easy_cp_200_th_0/checkpoint_155.pt.
[INFO] 02-21 02:29:35 - Epoch 156/200, loss=1.896843, score=0.550779, time=29.63sec.
[INFO] 02-21 02:30:16 - Epoch 157/200, loss=1.896827, score=0.550646, time=29.67sec.
[INFO] 02-21 02:30:52 - Epoch 158/200, loss=1.896812, score=0.550746, time=26.31sec.
[INFO] 02-21 02:31:36 - Epoch 159/200, loss=1.896797, score=0.550713, time=32.09sec.
[INFO] 02-21 02:32:17 - Epoch 160/200, loss=1.896782, score=0.550546, time=30.31sec.
[INFO] 02-21 02:32:43 - eval_scores=[0.5475000143051147]
[INFO] 02-21 02:32:43 - Saved model to saved_models/LeNet_MNIST_Multi_3_easy_cp_200_th_0/checkpoint_160.pt.
[INFO] 02-21 02:33:25 - Epoch 161/200, loss=1.896769, score=0.550180, time=31.28sec.
[INFO] 02-21 02:34:07 - Epoch 162/200, loss=1.896753, score=0.549980, time=31.07sec.
[INFO] 02-21 02:34:46 - Epoch 163/200, loss=1.896737, score=0.549780, time=27.84sec.
[INFO] 02-21 02:35:25 - Epoch 164/200, loss=1.896723, score=0.550180, time=29.36sec.
[INFO] 02-21 02:36:07 - Epoch 165/200, loss=1.896711, score=0.550280, time=31.32sec.
[INFO] 02-21 02:36:34 - eval_scores=[0.5482000112533569]
[INFO] 02-21 02:36:34 - Saved model to saved_models/LeNet_MNIST_Multi_3_easy_cp_200_th_0/checkpoint_165.pt.
[INFO] 02-21 02:37:15 - Epoch 166/200, loss=1.896700, score=0.550147, time=29.76sec.
[INFO] 02-21 02:37:59 - Epoch 167/200, loss=1.896689, score=0.550213, time=31.49sec.
[INFO] 02-21 02:38:36 - Epoch 168/200, loss=1.896679, score=0.550013, time=27.15sec.
[INFO] 02-21 02:39:17 - Epoch 169/200, loss=1.896669, score=0.550080, time=29.55sec.
[INFO] 02-21 02:39:58 - Epoch 170/200, loss=1.896659, score=0.550080, time=30.40sec.
[INFO] 02-21 02:40:27 - eval_scores=[0.548799991607666]
[INFO] 02-21 02:40:27 - Saved model to saved_models/LeNet_MNIST_Multi_3_easy_cp_200_th_0/checkpoint_170.pt.
[INFO] 02-21 02:41:07 - Epoch 171/200, loss=1.896649, score=0.550013, time=28.67sec.
[INFO] 02-21 02:41:47 - Epoch 172/200, loss=1.896639, score=0.550013, time=28.87sec.
[INFO] 02-21 02:42:28 - Epoch 173/200, loss=1.896630, score=0.549714, time=30.12sec.
[INFO] 02-21 02:43:09 - Epoch 174/200, loss=1.896620, score=0.549980, time=28.45sec.
[INFO] 02-21 02:43:52 - Epoch 175/200, loss=1.896610, score=0.549814, time=30.15sec.
[INFO] 02-21 02:44:18 - eval_scores=[0.5514000058174133]
[INFO] 02-21 02:44:18 - Saved model to saved_models/LeNet_MNIST_Multi_3_easy_cp_200_th_0/checkpoint_175.pt.
[INFO] 02-21 02:45:02 - Epoch 176/200, loss=1.896598, score=0.550346, time=31.72sec.
[INFO] 02-21 02:45:44 - Epoch 177/200, loss=1.896583, score=0.550013, time=30.12sec.
[INFO] 02-21 02:46:26 - Epoch 178/200, loss=1.896569, score=0.549980, time=29.14sec.
[INFO] 02-21 02:47:08 - Epoch 179/200, loss=1.896556, score=0.549947, time=30.42sec.
[INFO] 02-21 02:47:47 - Epoch 180/200, loss=1.896544, score=0.549847, time=26.86sec.
[INFO] 02-21 02:48:08 - eval_scores=[0.5493999719619751]
[INFO] 02-21 02:48:08 - Saved model to saved_models/LeNet_MNIST_Multi_3_easy_cp_200_th_0/checkpoint_180.pt.
[INFO] 02-21 02:48:43 - Epoch 181/200, loss=1.896534, score=0.549880, time=25.34sec.
[INFO] 02-21 02:49:17 - Epoch 182/200, loss=1.896525, score=0.549614, time=24.02sec.
[INFO] 02-21 02:49:54 - Epoch 183/200, loss=1.896516, score=0.549680, time=26.30sec.
[INFO] 02-21 02:50:31 - Epoch 184/200, loss=1.896508, score=0.549580, time=26.47sec.
[INFO] 02-21 02:51:07 - Epoch 185/200, loss=1.896501, score=0.549381, time=25.62sec.
[INFO] 02-21 02:51:29 - eval_scores=[0.5479999780654907]
[INFO] 02-21 02:51:29 - Saved model to saved_models/LeNet_MNIST_Multi_3_easy_cp_200_th_0/checkpoint_185.pt.
[INFO] 02-21 02:52:02 - Epoch 186/200, loss=1.896493, score=0.549248, time=23.85sec.
[INFO] 02-21 02:52:37 - Epoch 187/200, loss=1.896486, score=0.549314, time=25.06sec.
[INFO] 02-21 02:53:13 - Epoch 188/200, loss=1.896480, score=0.549214, time=24.48sec.
[INFO] 02-21 02:53:50 - Epoch 189/200, loss=1.896473, score=0.549014, time=27.85sec.
[INFO] 02-21 02:54:26 - Epoch 190/200, loss=1.896467, score=0.548981, time=25.01sec.
[INFO] 02-21 02:54:48 - eval_scores=[0.5461999773979187]
[INFO] 02-21 02:54:48 - Saved model to saved_models/LeNet_MNIST_Multi_3_easy_cp_200_th_0/checkpoint_190.pt.
[INFO] 02-21 02:55:25 - Epoch 191/200, loss=1.896460, score=0.549181, time=25.41sec.
[INFO] 02-21 02:56:01 - Epoch 192/200, loss=1.896454, score=0.548981, time=24.98sec.
[INFO] 02-21 02:56:39 - Epoch 193/200, loss=1.896448, score=0.548981, time=27.60sec.
[INFO] 02-21 02:57:15 - Epoch 194/200, loss=1.896443, score=0.548981, time=24.94sec.
[INFO] 02-21 02:57:50 - Epoch 195/200, loss=1.896437, score=0.548948, time=23.53sec.
[INFO] 02-21 02:58:13 - eval_scores=[0.5455999970436096]
[INFO] 02-21 02:58:13 - Saved model to saved_models/LeNet_MNIST_Multi_3_easy_cp_200_th_0/checkpoint_195.pt.
[INFO] 02-21 02:58:50 - Epoch 196/200, loss=1.896431, score=0.548914, time=27.14sec.
[INFO] 02-21 02:59:27 - Epoch 197/200, loss=1.896426, score=0.549048, time=25.81sec.
[INFO] 02-21 03:00:07 - Epoch 198/200, loss=1.896421, score=0.548914, time=27.17sec.
[INFO] 02-21 03:00:45 - Epoch 199/200, loss=1.896415, score=0.548848, time=27.35sec.
[INFO] 02-21 03:01:24 - Epoch 200/200, loss=1.896410, score=0.548815, time=27.67sec.
[INFO] 02-21 03:01:46 - eval_scores=[0.5457000136375427]
[INFO] 02-21 03:01:46 - Saved model to saved_models/LeNet_MNIST_Multi_3_easy_cp_200_th_0/checkpoint_200.pt.
