(venv) d6mao@starbucks:~/repos/Computer-Vision-PyTorch$ python main.py 
2023-02-11 23:02:36,839 [INFO] Using device cuda:0.
2023-02-11 23:02:36,840 [INFO] Training model "LeNet_MNIST_Perm_1".
2023-02-11 23:02:36,840 [INFO] Number of trainable parameters: 61706.
2023-02-11 23:02:36,840 [INFO] criterion=MultiTaskCriterion
2023-02-11 23:02:36,841 [INFO]     weight=0.5000, criterion=PermutedCrossEntropyLoss([4, 1, 7, 5, 3, 9, 0, 8, 6, 2]).
2023-02-11 23:02:36,841 [INFO]     weight=0.5000, criterion=PermutedCrossEntropyLoss([5, 6, 1, 2, 0, 8, 9, 3, 7, 4]).
2023-02-11 23:02:36,841 [INFO] optimizer=SGD
2023-02-11 23:02:36,842 [INFO]     dampening=0
2023-02-11 23:02:36,842 [INFO]     foreach=None
2023-02-11 23:02:36,843 [INFO]     lr=0.001
2023-02-11 23:02:36,843 [INFO]     maximize=False
2023-02-11 23:02:36,844 [INFO]     momentum=0.9
2023-02-11 23:02:36,844 [INFO]     nesterov=False
2023-02-11 23:02:36,844 [INFO]     weight_decay=0
2023-02-11 23:02:36,845 [INFO] epochs=100.
2023-02-11 23:02:36,848 [INFO] batch_size=8.
100%|███████████████████████████████████████████████████████████| 7500/7500 [00:36<00:00, 203.29it/s]
2023-02-11 23:03:13,745 [INFO] Epoch 001/100, loss=2.301418, score=0.113350, time=36.90sec.
100%|███████████████████████████████████████████████████████████| 7500/7500 [00:34<00:00, 216.82it/s]
2023-02-11 23:03:48,337 [INFO] Epoch 002/100, loss=2.213494, score=0.123750, time=34.59sec.
100%|███████████████████████████████████████████████████████████| 7500/7500 [00:34<00:00, 215.20it/s]
2023-02-11 23:04:23,200 [INFO] Epoch 003/100, loss=2.045480, score=0.067633, time=34.86sec.
100%|███████████████████████████████████████████████████████████| 7500/7500 [00:34<00:00, 214.46it/s]
2023-02-11 23:04:58,173 [INFO] Epoch 004/100, loss=2.011071, score=0.066767, time=34.97sec.
100%|███████████████████████████████████████████████████████████| 7500/7500 [00:34<00:00, 216.75it/s]
2023-02-11 23:05:32,777 [INFO] Epoch 005/100, loss=1.998320, score=0.065750, time=34.60sec.
100%|█████████████████████████████████████████████████████████| 10000/10000 [00:12<00:00, 770.79it/s]
2023-02-11 23:05:45,752 [INFO] eval_scores=[0.06439999490976334]
2023-02-11 23:05:45,755 [INFO] Saved model to saved_models/LeNet_MNIST_Perm_1/checkpoint_005.pt.
100%|███████████████████████████████████████████████████████████| 7500/7500 [00:35<00:00, 213.39it/s]
2023-02-11 23:06:20,903 [INFO] Epoch 006/100, loss=1.989881, score=0.063983, time=35.15sec.
100%|███████████████████████████████████████████████████████████| 7500/7500 [00:34<00:00, 215.48it/s]
2023-02-11 23:06:55,711 [INFO] Epoch 007/100, loss=1.983555, score=0.061617, time=34.81sec.
100%|███████████████████████████████████████████████████████████| 7500/7500 [00:34<00:00, 216.56it/s]
2023-02-11 23:07:30,345 [INFO] Epoch 008/100, loss=1.978662, score=0.062117, time=34.63sec.
100%|███████████████████████████████████████████████████████████| 7500/7500 [00:34<00:00, 217.34it/s]
2023-02-11 23:08:04,858 [INFO] Epoch 009/100, loss=1.974903, score=0.061950, time=34.51sec.
100%|███████████████████████████████████████████████████████████| 7500/7500 [00:34<00:00, 215.74it/s]
2023-02-11 23:08:39,623 [INFO] Epoch 010/100, loss=1.971737, score=0.061200, time=34.76sec.
100%|█████████████████████████████████████████████████████████| 10000/10000 [00:12<00:00, 769.33it/s]
2023-02-11 23:08:52,622 [INFO] eval_scores=[0.06239999830722809]
2023-02-11 23:08:52,625 [INFO] Saved model to saved_models/LeNet_MNIST_Perm_1/checkpoint_010.pt.
100%|███████████████████████████████████████████████████████████| 7500/7500 [00:34<00:00, 216.28it/s]
2023-02-11 23:09:27,303 [INFO] Epoch 011/100, loss=1.969085, score=0.061850, time=34.68sec.
100%|███████████████████████████████████████████████████████████| 7500/7500 [00:35<00:00, 212.71it/s]
2023-02-11 23:10:02,563 [INFO] Epoch 012/100, loss=1.966949, score=0.061217, time=35.26sec.
100%|███████████████████████████████████████████████████████████| 7500/7500 [00:35<00:00, 213.35it/s]
2023-02-11 23:10:37,717 [INFO] Epoch 013/100, loss=1.964185, score=0.060283, time=35.15sec.
100%|███████████████████████████████████████████████████████████| 7500/7500 [00:34<00:00, 217.32it/s]
2023-02-11 23:11:12,230 [INFO] Epoch 014/100, loss=1.961168, score=0.060350, time=34.51sec.
100%|███████████████████████████████████████████████████████████| 7500/7500 [00:35<00:00, 213.72it/s]
2023-02-11 23:11:47,326 [INFO] Epoch 015/100, loss=1.959753, score=0.058950, time=35.10sec.
100%|█████████████████████████████████████████████████████████| 10000/10000 [00:14<00:00, 711.47it/s]
2023-02-11 23:12:01,382 [INFO] eval_scores=[0.05179999768733978]
2023-02-11 23:12:01,385 [INFO] Saved model to saved_models/LeNet_MNIST_Perm_1/checkpoint_015.pt.
100%|███████████████████████████████████████████████████████████| 7500/7500 [00:35<00:00, 213.71it/s]
2023-02-11 23:12:36,479 [INFO] Epoch 016/100, loss=1.958614, score=0.060783, time=35.09sec.
100%|███████████████████████████████████████████████████████████| 7500/7500 [00:34<00:00, 216.58it/s]
2023-02-11 23:13:11,109 [INFO] Epoch 017/100, loss=1.957606, score=0.060583, time=34.63sec.
100%|███████████████████████████████████████████████████████████| 7500/7500 [00:34<00:00, 217.16it/s]
2023-02-11 23:13:45,650 [INFO] Epoch 018/100, loss=1.956769, score=0.059083, time=34.54sec.
100%|███████████████████████████████████████████████████████████| 7500/7500 [00:34<00:00, 217.62it/s]
2023-02-11 23:14:20,116 [INFO] Epoch 019/100, loss=1.955966, score=0.059783, time=34.47sec.
100%|███████████████████████████████████████████████████████████| 7500/7500 [00:34<00:00, 214.98it/s]
2023-02-11 23:14:55,005 [INFO] Epoch 020/100, loss=1.955280, score=0.059833, time=34.89sec.
100%|█████████████████████████████████████████████████████████| 10000/10000 [00:13<00:00, 763.51it/s]
2023-02-11 23:15:08,103 [INFO] eval_scores=[0.06319999694824219]
2023-02-11 23:15:08,105 [INFO] Saved model to saved_models/LeNet_MNIST_Perm_1/checkpoint_020.pt.
100%|███████████████████████████████████████████████████████████| 7500/7500 [00:35<00:00, 213.88it/s]
2023-02-11 23:15:43,173 [INFO] Epoch 021/100, loss=1.954675, score=0.060683, time=35.07sec.
100%|███████████████████████████████████████████████████████████| 7500/7500 [00:34<00:00, 216.93it/s]
2023-02-11 23:16:17,761 [INFO] Epoch 022/100, loss=1.954139, score=0.059650, time=34.59sec.
100%|███████████████████████████████████████████████████████████| 7500/7500 [00:34<00:00, 217.31it/s]
2023-02-11 23:16:52,278 [INFO] Epoch 023/100, loss=1.953582, score=0.060033, time=34.51sec.
100%|███████████████████████████████████████████████████████████| 7500/7500 [00:34<00:00, 216.81it/s]
2023-02-11 23:17:26,870 [INFO] Epoch 024/100, loss=1.953178, score=0.058383, time=34.59sec.
100%|███████████████████████████████████████████████████████████| 7500/7500 [00:34<00:00, 216.18it/s]
2023-02-11 23:18:01,565 [INFO] Epoch 025/100, loss=1.952734, score=0.058900, time=34.69sec.
100%|█████████████████████████████████████████████████████████| 10000/10000 [00:13<00:00, 769.05it/s]
2023-02-11 23:18:14,569 [INFO] eval_scores=[0.0608999989926815]
2023-02-11 23:18:14,572 [INFO] Saved model to saved_models/LeNet_MNIST_Perm_1/checkpoint_025.pt.
100%|███████████████████████████████████████████████████████████| 7500/7500 [00:34<00:00, 216.89it/s]
2023-02-11 23:18:49,154 [INFO] Epoch 026/100, loss=1.952363, score=0.058633, time=34.58sec.
100%|███████████████████████████████████████████████████████████| 7500/7500 [00:35<00:00, 213.21it/s]
2023-02-11 23:19:24,334 [INFO] Epoch 027/100, loss=1.951952, score=0.058617, time=35.18sec.
100%|███████████████████████████████████████████████████████████| 7500/7500 [00:33<00:00, 222.86it/s]
2023-02-11 23:19:57,991 [INFO] Epoch 028/100, loss=1.951631, score=0.058483, time=33.65sec.
100%|███████████████████████████████████████████████████████████| 7500/7500 [00:33<00:00, 222.71it/s]
2023-02-11 23:20:31,668 [INFO] Epoch 029/100, loss=1.951386, score=0.057950, time=33.68sec.
100%|███████████████████████████████████████████████████████████| 7500/7500 [00:33<00:00, 224.43it/s]
2023-02-11 23:21:05,088 [INFO] Epoch 030/100, loss=1.951039, score=0.057667, time=33.42sec.
100%|█████████████████████████████████████████████████████████| 10000/10000 [00:12<00:00, 790.42it/s]
2023-02-11 23:21:17,740 [INFO] eval_scores=[0.03700000047683716]
2023-02-11 23:21:17,742 [INFO] Saved model to saved_models/LeNet_MNIST_Perm_1/checkpoint_030.pt.
100%|███████████████████████████████████████████████████████████| 7500/7500 [00:33<00:00, 224.31it/s]
2023-02-11 23:21:51,179 [INFO] Epoch 031/100, loss=1.950812, score=0.057533, time=33.44sec.
100%|███████████████████████████████████████████████████████████| 7500/7500 [00:33<00:00, 223.73it/s]
2023-02-11 23:22:24,704 [INFO] Epoch 032/100, loss=1.950510, score=0.058133, time=33.52sec.
100%|███████████████████████████████████████████████████████████| 7500/7500 [00:33<00:00, 223.88it/s]
2023-02-11 23:22:58,212 [INFO] Epoch 033/100, loss=1.950282, score=0.058367, time=33.50sec.
100%|███████████████████████████████████████████████████████████| 7500/7500 [00:33<00:00, 221.83it/s]
2023-02-11 23:23:32,021 [INFO] Epoch 034/100, loss=1.950095, score=0.059017, time=33.81sec.
100%|███████████████████████████████████████████████████████████| 7500/7500 [00:33<00:00, 224.21it/s]
2023-02-11 23:24:05,473 [INFO] Epoch 035/100, loss=1.949911, score=0.059150, time=33.45sec.
100%|█████████████████████████████████████████████████████████| 10000/10000 [00:12<00:00, 786.44it/s]
2023-02-11 23:24:18,189 [INFO] eval_scores=[0.07939999550580978]
2023-02-11 23:24:18,191 [INFO] Saved model to saved_models/LeNet_MNIST_Perm_1/checkpoint_035.pt.
100%|███████████████████████████████████████████████████████████| 7500/7500 [00:33<00:00, 224.86it/s]
2023-02-11 23:24:51,548 [INFO] Epoch 036/100, loss=1.949627, score=0.058350, time=33.36sec.
100%|███████████████████████████████████████████████████████████| 7500/7500 [00:33<00:00, 224.82it/s]
2023-02-11 23:25:24,909 [INFO] Epoch 037/100, loss=1.949511, score=0.058133, time=33.36sec.
100%|███████████████████████████████████████████████████████████| 7500/7500 [00:33<00:00, 224.75it/s]
2023-02-11 23:25:58,281 [INFO] Epoch 038/100, loss=1.949307, score=0.058933, time=33.37sec.
100%|███████████████████████████████████████████████████████████| 7500/7500 [00:33<00:00, 222.40it/s]
2023-02-11 23:26:32,005 [INFO] Epoch 039/100, loss=1.949135, score=0.058833, time=33.72sec.
100%|███████████████████████████████████████████████████████████| 7500/7500 [00:33<00:00, 225.58it/s]
2023-02-11 23:27:05,253 [INFO] Epoch 040/100, loss=1.948947, score=0.057667, time=33.25sec.
100%|█████████████████████████████████████████████████████████| 10000/10000 [00:12<00:00, 785.70it/s]
2023-02-11 23:27:17,981 [INFO] eval_scores=[0.04270000010728836]
2023-02-11 23:27:17,984 [INFO] Saved model to saved_models/LeNet_MNIST_Perm_1/checkpoint_040.pt.
100%|███████████████████████████████████████████████████████████| 7500/7500 [00:33<00:00, 225.77it/s]
2023-02-11 23:27:51,206 [INFO] Epoch 041/100, loss=1.948810, score=0.056783, time=33.22sec.
100%|███████████████████████████████████████████████████████████| 7500/7500 [00:33<00:00, 225.16it/s]
2023-02-11 23:28:24,516 [INFO] Epoch 042/100, loss=1.948663, score=0.058267, time=33.31sec.
100%|███████████████████████████████████████████████████████████| 7500/7500 [00:33<00:00, 222.71it/s]
2023-02-11 23:28:58,194 [INFO] Epoch 043/100, loss=1.948493, score=0.057567, time=33.68sec.
100%|███████████████████████████████████████████████████████████| 7500/7500 [00:33<00:00, 225.71it/s]
2023-02-11 23:29:31,424 [INFO] Epoch 044/100, loss=1.948378, score=0.057800, time=33.23sec.
100%|███████████████████████████████████████████████████████████| 7500/7500 [00:30<00:00, 242.20it/s]
2023-02-11 23:30:02,391 [INFO] Epoch 045/100, loss=1.948222, score=0.057867, time=30.97sec.
100%|█████████████████████████████████████████████████████████| 10000/10000 [00:10<00:00, 968.46it/s]
2023-02-11 23:30:12,717 [INFO] eval_scores=[0.06769999861717224]
2023-02-11 23:30:12,719 [INFO] Saved model to saved_models/LeNet_MNIST_Perm_1/checkpoint_045.pt.
100%|███████████████████████████████████████████████████████████| 7500/7500 [00:27<00:00, 273.33it/s]
2023-02-11 23:30:40,159 [INFO] Epoch 046/100, loss=1.948091, score=0.058267, time=27.44sec.
100%|███████████████████████████████████████████████████████████| 7500/7500 [00:27<00:00, 273.70it/s]
2023-02-11 23:31:07,562 [INFO] Epoch 047/100, loss=1.948002, score=0.056600, time=27.40sec.
100%|███████████████████████████████████████████████████████████| 7500/7500 [00:27<00:00, 268.64it/s]
2023-02-11 23:31:35,481 [INFO] Epoch 048/100, loss=1.947851, score=0.058267, time=27.92sec.
100%|███████████████████████████████████████████████████████████| 7500/7500 [00:27<00:00, 273.42it/s]
2023-02-11 23:32:02,912 [INFO] Epoch 049/100, loss=1.947768, score=0.057283, time=27.43sec.
100%|███████████████████████████████████████████████████████████| 7500/7500 [00:27<00:00, 273.62it/s]
2023-02-11 23:32:30,323 [INFO] Epoch 050/100, loss=1.947590, score=0.057633, time=27.41sec.
100%|█████████████████████████████████████████████████████████| 10000/10000 [00:10<00:00, 974.13it/s]
2023-02-11 23:32:40,589 [INFO] eval_scores=[0.05460000038146973]
2023-02-11 23:32:40,592 [INFO] Saved model to saved_models/LeNet_MNIST_Perm_1/checkpoint_050.pt.
100%|███████████████████████████████████████████████████████████| 7500/7500 [00:27<00:00, 273.43it/s]
2023-02-11 23:33:08,022 [INFO] Epoch 051/100, loss=1.947501, score=0.057700, time=27.43sec.
100%|███████████████████████████████████████████████████████████| 7500/7500 [00:27<00:00, 273.82it/s]
2023-02-11 23:33:35,412 [INFO] Epoch 052/100, loss=1.947388, score=0.057583, time=27.39sec.
100%|███████████████████████████████████████████████████████████| 7500/7500 [00:28<00:00, 267.18it/s]
2023-02-11 23:34:03,483 [INFO] Epoch 053/100, loss=1.947283, score=0.057967, time=28.07sec.
100%|███████████████████████████████████████████████████████████| 7500/7500 [00:27<00:00, 272.94it/s]
2023-02-11 23:34:30,963 [INFO] Epoch 054/100, loss=1.947163, score=0.057017, time=27.48sec.
100%|███████████████████████████████████████████████████████████| 7500/7500 [00:27<00:00, 273.73it/s]
2023-02-11 23:34:58,362 [INFO] Epoch 055/100, loss=1.947086, score=0.056700, time=27.40sec.
100%|█████████████████████████████████████████████████████████| 10000/10000 [00:10<00:00, 963.42it/s]
2023-02-11 23:35:08,743 [INFO] eval_scores=[0.04479999840259552]
2023-02-11 23:35:08,745 [INFO] Saved model to saved_models/LeNet_MNIST_Perm_1/checkpoint_055.pt.
100%|███████████████████████████████████████████████████████████| 7500/7500 [00:27<00:00, 273.37it/s]
2023-02-11 23:35:36,180 [INFO] Epoch 056/100, loss=1.946982, score=0.058350, time=27.44sec.
100%|███████████████████████████████████████████████████████████| 7500/7500 [00:27<00:00, 273.42it/s]
2023-02-11 23:36:03,611 [INFO] Epoch 057/100, loss=1.946868, score=0.057750, time=27.43sec.
100%|███████████████████████████████████████████████████████████| 7500/7500 [00:26<00:00, 288.04it/s]
2023-02-11 23:36:29,650 [INFO] Epoch 058/100, loss=1.946616, score=0.058083, time=26.04sec.
100%|███████████████████████████████████████████████████████████| 7500/7500 [00:23<00:00, 324.44it/s]
2023-02-11 23:36:52,767 [INFO] Epoch 059/100, loss=1.946116, score=0.057650, time=23.12sec.
100%|███████████████████████████████████████████████████████████| 7500/7500 [00:23<00:00, 324.21it/s]
2023-02-11 23:37:15,901 [INFO] Epoch 060/100, loss=1.945559, score=0.057700, time=23.13sec.
100%|████████████████████████████████████████████████████████| 10000/10000 [00:07<00:00, 1281.45it/s]
2023-02-11 23:37:23,705 [INFO] eval_scores=[0.05729999765753746]
2023-02-11 23:37:23,707 [INFO] Saved model to saved_models/LeNet_MNIST_Perm_1/checkpoint_060.pt.
100%|███████████████████████████████████████████████████████████| 7500/7500 [00:23<00:00, 323.19it/s]
2023-02-11 23:37:46,914 [INFO] Epoch 061/100, loss=1.945151, score=0.056850, time=23.21sec.
100%|███████████████████████████████████████████████████████████| 7500/7500 [00:23<00:00, 324.74it/s]
2023-02-11 23:38:10,010 [INFO] Epoch 062/100, loss=1.944756, score=0.057083, time=23.10sec.
100%|███████████████████████████████████████████████████████████| 7500/7500 [00:23<00:00, 324.14it/s]
2023-02-11 23:38:33,149 [INFO] Epoch 063/100, loss=1.944457, score=0.058150, time=23.14sec.
100%|███████████████████████████████████████████████████████████| 7500/7500 [00:23<00:00, 324.61it/s]
2023-02-11 23:38:56,254 [INFO] Epoch 064/100, loss=1.944199, score=0.055650, time=23.10sec.
100%|███████████████████████████████████████████████████████████| 7500/7500 [00:23<00:00, 324.51it/s]
2023-02-11 23:39:19,366 [INFO] Epoch 065/100, loss=1.943969, score=0.058233, time=23.11sec.
100%|████████████████████████████████████████████████████████| 10000/10000 [00:07<00:00, 1285.21it/s]
2023-02-11 23:39:27,148 [INFO] eval_scores=[0.0778999999165535]
2023-02-11 23:39:27,150 [INFO] Saved model to saved_models/LeNet_MNIST_Perm_1/checkpoint_065.pt.
100%|███████████████████████████████████████████████████████████| 7500/7500 [00:23<00:00, 324.77it/s]
2023-02-11 23:39:50,244 [INFO] Epoch 066/100, loss=1.943764, score=0.056967, time=23.09sec.
100%|███████████████████████████████████████████████████████████| 7500/7500 [00:23<00:00, 324.77it/s]
2023-02-11 23:40:13,337 [INFO] Epoch 067/100, loss=1.943613, score=0.057383, time=23.09sec.
100%|███████████████████████████████████████████████████████████| 7500/7500 [00:23<00:00, 324.02it/s]
2023-02-11 23:40:36,485 [INFO] Epoch 068/100, loss=1.943525, score=0.057417, time=23.15sec.
100%|███████████████████████████████████████████████████████████| 7500/7500 [00:23<00:00, 324.55it/s]
2023-02-11 23:40:59,595 [INFO] Epoch 069/100, loss=1.943354, score=0.056833, time=23.11sec.
100%|███████████████████████████████████████████████████████████| 7500/7500 [00:23<00:00, 323.98it/s]
2023-02-11 23:41:22,745 [INFO] Epoch 070/100, loss=1.943248, score=0.055200, time=23.15sec.
100%|████████████████████████████████████████████████████████| 10000/10000 [00:07<00:00, 1265.59it/s]
2023-02-11 23:41:30,647 [INFO] eval_scores=[0.04999999701976776]
2023-02-11 23:41:30,649 [INFO] Saved model to saved_models/LeNet_MNIST_Perm_1/checkpoint_070.pt.
100%|███████████████████████████████████████████████████████████| 7500/7500 [00:23<00:00, 324.82it/s]
2023-02-11 23:41:53,739 [INFO] Epoch 071/100, loss=1.943125, score=0.055883, time=23.09sec.
100%|███████████████████████████████████████████████████████████| 7500/7500 [00:23<00:00, 324.93it/s]
2023-02-11 23:42:16,822 [INFO] Epoch 072/100, loss=1.943029, score=0.056917, time=23.08sec.
100%|███████████████████████████████████████████████████████████| 7500/7500 [00:23<00:00, 325.03it/s]
2023-02-11 23:42:39,898 [INFO] Epoch 073/100, loss=1.942929, score=0.055733, time=23.08sec.
100%|███████████████████████████████████████████████████████████| 7500/7500 [00:23<00:00, 325.50it/s]
2023-02-11 23:43:02,939 [INFO] Epoch 074/100, loss=1.942849, score=0.057933, time=23.04sec.
100%|███████████████████████████████████████████████████████████| 7500/7500 [00:23<00:00, 324.59it/s]
2023-02-11 23:43:26,046 [INFO] Epoch 075/100, loss=1.942786, score=0.056583, time=23.11sec.
100%|████████████████████████████████████████████████████████| 10000/10000 [00:07<00:00, 1264.35it/s]
2023-02-11 23:43:33,956 [INFO] eval_scores=[0.05130000039935112]
2023-02-11 23:43:33,958 [INFO] Saved model to saved_models/LeNet_MNIST_Perm_1/checkpoint_075.pt.
100%|███████████████████████████████████████████████████████████| 7500/7500 [00:23<00:00, 324.55it/s]
2023-02-11 23:43:57,068 [INFO] Epoch 076/100, loss=1.942694, score=0.056317, time=23.11sec.
100%|███████████████████████████████████████████████████████████| 7500/7500 [00:23<00:00, 324.93it/s]
2023-02-11 23:44:20,150 [INFO] Epoch 077/100, loss=1.942650, score=0.056117, time=23.08sec.
100%|███████████████████████████████████████████████████████████| 7500/7500 [00:23<00:00, 324.75it/s]
2023-02-11 23:44:43,245 [INFO] Epoch 078/100, loss=1.942540, score=0.056333, time=23.10sec.
100%|███████████████████████████████████████████████████████████| 7500/7500 [00:23<00:00, 325.16it/s]
2023-02-11 23:45:06,312 [INFO] Epoch 079/100, loss=1.942492, score=0.055900, time=23.07sec.
100%|███████████████████████████████████████████████████████████| 7500/7500 [00:23<00:00, 323.02it/s]
2023-02-11 23:45:29,531 [INFO] Epoch 080/100, loss=1.942424, score=0.056933, time=23.22sec.
100%|████████████████████████████████████████████████████████| 10000/10000 [00:07<00:00, 1265.02it/s]
2023-02-11 23:45:37,436 [INFO] eval_scores=[0.052400000393390656]
2023-02-11 23:45:37,438 [INFO] Saved model to saved_models/LeNet_MNIST_Perm_1/checkpoint_080.pt.
100%|███████████████████████████████████████████████████████████| 7500/7500 [00:23<00:00, 324.77it/s]
2023-02-11 23:46:00,532 [INFO] Epoch 081/100, loss=1.942371, score=0.056250, time=23.09sec.
100%|███████████████████████████████████████████████████████████| 7500/7500 [00:23<00:00, 324.44it/s]
2023-02-11 23:46:23,649 [INFO] Epoch 082/100, loss=1.942332, score=0.056467, time=23.12sec.
100%|███████████████████████████████████████████████████████████| 7500/7500 [00:23<00:00, 324.43it/s]
2023-02-11 23:46:46,767 [INFO] Epoch 083/100, loss=1.942243, score=0.056500, time=23.12sec.
100%|███████████████████████████████████████████████████████████| 7500/7500 [00:23<00:00, 324.85it/s]
2023-02-11 23:47:09,855 [INFO] Epoch 084/100, loss=1.942204, score=0.056750, time=23.09sec.
100%|███████████████████████████████████████████████████████████| 7500/7500 [00:23<00:00, 324.04it/s]
2023-02-11 23:47:33,001 [INFO] Epoch 085/100, loss=1.942167, score=0.055950, time=23.15sec.
100%|████████████████████████████████████████████████████████| 10000/10000 [00:07<00:00, 1269.67it/s]
2023-02-11 23:47:40,878 [INFO] eval_scores=[0.04649999737739563]
2023-02-11 23:47:40,880 [INFO] Saved model to saved_models/LeNet_MNIST_Perm_1/checkpoint_085.pt.
100%|███████████████████████████████████████████████████████████| 7500/7500 [00:23<00:00, 323.92it/s]
2023-02-11 23:48:04,034 [INFO] Epoch 086/100, loss=1.942090, score=0.055600, time=23.15sec.
100%|███████████████████████████████████████████████████████████| 7500/7500 [00:23<00:00, 323.96it/s]
2023-02-11 23:48:27,186 [INFO] Epoch 087/100, loss=1.942071, score=0.055817, time=23.15sec.
100%|███████████████████████████████████████████████████████████| 7500/7500 [00:23<00:00, 324.20it/s]
2023-02-11 23:48:50,321 [INFO] Epoch 088/100, loss=1.942013, score=0.056100, time=23.13sec.
100%|███████████████████████████████████████████████████████████| 7500/7500 [00:23<00:00, 324.62it/s]
2023-02-11 23:49:13,425 [INFO] Epoch 089/100, loss=1.941998, score=0.056433, time=23.10sec.
100%|███████████████████████████████████████████████████████████| 7500/7500 [00:23<00:00, 324.48it/s]
2023-02-11 23:49:36,539 [INFO] Epoch 090/100, loss=1.941940, score=0.056100, time=23.11sec.
100%|████████████████████████████████████████████████████████| 10000/10000 [00:07<00:00, 1287.29it/s]
2023-02-11 23:49:44,308 [INFO] eval_scores=[0.06839999556541443]
2023-02-11 23:49:44,310 [INFO] Saved model to saved_models/LeNet_MNIST_Perm_1/checkpoint_090.pt.
100%|███████████████████████████████████████████████████████████| 7500/7500 [00:23<00:00, 324.63it/s]
2023-02-11 23:50:07,414 [INFO] Epoch 091/100, loss=1.941891, score=0.056217, time=23.10sec.
100%|███████████████████████████████████████████████████████████| 7500/7500 [00:23<00:00, 324.28it/s]
2023-02-11 23:50:30,543 [INFO] Epoch 092/100, loss=1.941852, score=0.056533, time=23.13sec.
100%|███████████████████████████████████████████████████████████| 7500/7500 [00:23<00:00, 324.28it/s]
2023-02-11 23:50:53,671 [INFO] Epoch 093/100, loss=1.941813, score=0.055933, time=23.13sec.
100%|███████████████████████████████████████████████████████████| 7500/7500 [00:23<00:00, 323.96it/s]
2023-02-11 23:51:16,823 [INFO] Epoch 094/100, loss=1.941792, score=0.056917, time=23.15sec.
100%|███████████████████████████████████████████████████████████| 7500/7500 [00:23<00:00, 324.52it/s]
2023-02-11 23:51:39,934 [INFO] Epoch 095/100, loss=1.941755, score=0.055583, time=23.11sec.
100%|████████████████████████████████████████████████████████| 10000/10000 [00:07<00:00, 1266.34it/s]
2023-02-11 23:51:47,832 [INFO] eval_scores=[0.05649999901652336]
2023-02-11 23:51:47,834 [INFO] Saved model to saved_models/LeNet_MNIST_Perm_1/checkpoint_095.pt.
100%|███████████████████████████████████████████████████████████| 7500/7500 [00:23<00:00, 324.04it/s]
2023-02-11 23:52:10,980 [INFO] Epoch 096/100, loss=1.941727, score=0.056133, time=23.15sec.
100%|███████████████████████████████████████████████████████████| 7500/7500 [00:23<00:00, 324.62it/s]
2023-02-11 23:52:34,084 [INFO] Epoch 097/100, loss=1.941680, score=0.055950, time=23.10sec.
100%|███████████████████████████████████████████████████████████| 7500/7500 [00:23<00:00, 324.65it/s]
2023-02-11 23:52:57,187 [INFO] Epoch 098/100, loss=1.941656, score=0.055583, time=23.10sec.
100%|███████████████████████████████████████████████████████████| 7500/7500 [00:23<00:00, 324.01it/s]
2023-02-11 23:53:20,335 [INFO] Epoch 099/100, loss=1.941634, score=0.056267, time=23.15sec.
100%|███████████████████████████████████████████████████████████| 7500/7500 [00:23<00:00, 324.09it/s]
2023-02-11 23:53:43,477 [INFO] Epoch 100/100, loss=1.941602, score=0.055867, time=23.14sec.
100%|████████████████████████████████████████████████████████| 10000/10000 [00:07<00:00, 1266.69it/s]
2023-02-11 23:53:51,372 [INFO] eval_scores=[0.046699997037649155]
2023-02-11 23:53:51,374 [INFO] Saved model to saved_models/LeNet_MNIST_Perm_1/checkpoint_100.pt.
