[INFO] 02-20 18:38:56 - Using device cuda:0.
[INFO] 02-20 18:38:56 - Experiment tag: "LeNet_MNIST_Multi_3_easy".
[INFO] 02-20 18:38:56 - Number of trainable parameters: 61706.
[INFO] 02-20 18:38:56 - criterion=MultiTaskCriterion
[INFO] 02-20 18:38:56 -     weight=0.5000, criterion=CrossEntropyLoss()
[INFO] 02-20 18:38:56 -     weight=0.5000, criterion=MappedMNISTCEL([4, 1, 7, 5, 3, 9, 0, 8, 6, 2]).
[INFO] 02-20 18:38:56 - optimizer=SGD
[INFO] 02-20 18:38:56 -     dampening=0
[INFO] 02-20 18:38:56 -     foreach=None
[INFO] 02-20 18:38:56 -     lr=0.001
[INFO] 02-20 18:38:56 -     maximize=False
[INFO] 02-20 18:38:56 -     momentum=0.9
[INFO] 02-20 18:38:56 -     nesterov=False
[INFO] 02-20 18:38:56 -     weight_decay=0
[INFO] 02-20 18:38:56 - epochs=200.
[INFO] 02-20 18:38:56 - batch_size=8.
[INFO] 02-20 18:39:09 - Epoch 001/200, loss=2.301495, score=0.117034, time=12.82sec.
[INFO] 02-20 18:39:20 - Epoch 002/200, loss=2.262097, score=0.215182, time=11.35sec.
[INFO] 02-20 18:39:32 - Epoch 003/200, loss=2.139415, score=0.315023, time=11.38sec.
[INFO] 02-20 18:39:43 - Epoch 004/200, loss=2.044300, score=0.375564, time=11.39sec.
[INFO] 02-20 18:39:55 - Epoch 005/200, loss=2.002406, score=0.438496, time=11.39sec.
[INFO] 02-20 18:40:02 - eval_scores=[0.4684999883174896]
[INFO] 02-20 18:40:02 - Saved model to saved_models/LeNet_MNIST_Multi_3_easy/checkpoint_005.pt.
[INFO] 02-20 18:40:14 - Epoch 006/200, loss=1.981734, score=0.462161, time=11.39sec.
[INFO] 02-20 18:40:26 - Epoch 007/200, loss=1.966604, score=0.480716, time=11.39sec.
[INFO] 02-20 18:40:37 - Epoch 008/200, loss=1.954869, score=0.491370, time=11.42sec.
[INFO] 02-20 18:40:49 - Epoch 009/200, loss=1.946616, score=0.498208, time=11.42sec.
[INFO] 02-20 18:41:01 - Epoch 010/200, loss=1.940475, score=0.503153, time=11.42sec.
[INFO] 02-20 18:41:08 - eval_scores=[0.523099958896637]
[INFO] 02-20 18:41:08 - Saved model to saved_models/LeNet_MNIST_Multi_3_easy/checkpoint_010.pt.
[INFO] 02-20 18:41:20 - Epoch 011/200, loss=1.935517, score=0.508696, time=11.44sec.
[INFO] 02-20 18:41:32 - Epoch 012/200, loss=1.931345, score=0.513974, time=11.42sec.
[INFO] 02-20 18:41:44 - Epoch 013/200, loss=1.927846, score=0.520181, time=11.45sec.
[INFO] 02-20 18:41:56 - Epoch 014/200, loss=1.924959, score=0.524960, time=11.44sec.
[INFO] 02-20 18:42:08 - Epoch 015/200, loss=1.922571, score=0.530005, time=11.50sec.
[INFO] 02-20 18:42:15 - eval_scores=[0.5590999722480774]
[INFO] 02-20 18:42:15 - Saved model to saved_models/LeNet_MNIST_Multi_3_easy/checkpoint_015.pt.
[INFO] 02-20 18:42:27 - Epoch 016/200, loss=1.920533, score=0.535316, time=11.44sec.
[INFO] 02-20 18:42:39 - Epoch 017/200, loss=1.918751, score=0.538867, time=11.47sec.
[INFO] 02-20 18:42:51 - Epoch 018/200, loss=1.917196, score=0.542120, time=11.45sec.
[INFO] 02-20 18:43:03 - Epoch 019/200, loss=1.915855, score=0.545473, time=11.55sec.
[INFO] 02-20 18:43:16 - Epoch 020/200, loss=1.914705, score=0.548294, time=11.64sec.
[INFO] 02-20 18:43:24 - eval_scores=[0.5619999766349792]
[INFO] 02-20 18:43:24 - Saved model to saved_models/LeNet_MNIST_Multi_3_easy/checkpoint_020.pt.
[INFO] 02-20 18:43:36 - Epoch 021/200, loss=1.913708, score=0.549555, time=11.83sec.
[INFO] 02-20 18:43:49 - Epoch 022/200, loss=1.912826, score=0.549124, time=12.36sec.
[INFO] 02-20 18:44:04 - Epoch 023/200, loss=1.912037, score=0.549389, time=14.27sec.
[INFO] 02-20 18:44:19 - Epoch 024/200, loss=1.911326, score=0.548626, time=14.21sec.
[INFO] 02-20 18:44:34 - Epoch 025/200, loss=1.910685, score=0.547929, time=14.17sec.
[INFO] 02-20 18:44:44 - eval_scores=[0.5562999844551086]
[INFO] 02-20 18:44:44 - Saved model to saved_models/LeNet_MNIST_Multi_3_easy/checkpoint_025.pt.
[INFO] 02-20 18:44:59 - Epoch 026/200, loss=1.910102, score=0.548460, time=14.25sec.
[INFO] 02-20 18:45:14 - Epoch 027/200, loss=1.909569, score=0.547464, time=14.57sec.
[INFO] 02-20 18:45:30 - Epoch 028/200, loss=1.909075, score=0.547995, time=14.18sec.
[INFO] 02-20 18:45:45 - Epoch 029/200, loss=1.908614, score=0.547265, time=14.17sec.
[INFO] 02-20 18:46:00 - Epoch 030/200, loss=1.908184, score=0.546634, time=14.23sec.
[INFO] 02-20 18:46:10 - eval_scores=[0.5509999990463257]
[INFO] 02-20 18:46:10 - Saved model to saved_models/LeNet_MNIST_Multi_3_easy/checkpoint_030.pt.
[INFO] 02-20 18:46:25 - Epoch 031/200, loss=1.907782, score=0.546668, time=14.59sec.
[INFO] 02-20 18:46:41 - Epoch 032/200, loss=1.907402, score=0.546336, time=14.29sec.
[INFO] 02-20 18:46:56 - Epoch 033/200, loss=1.907042, score=0.546336, time=14.12sec.
[INFO] 02-20 18:47:11 - Epoch 034/200, loss=1.906702, score=0.546136, time=14.32sec.
[INFO] 02-20 18:47:27 - Epoch 035/200, loss=1.906381, score=0.545672, time=14.24sec.
[INFO] 02-20 18:47:36 - eval_scores=[0.5512999892234802]
[INFO] 02-20 18:47:36 - Saved model to saved_models/LeNet_MNIST_Multi_3_easy/checkpoint_035.pt.
[INFO] 02-20 18:47:52 - Epoch 036/200, loss=1.906076, score=0.545970, time=14.65sec.
[INFO] 02-20 18:48:08 - Epoch 037/200, loss=1.905785, score=0.546004, time=14.23sec.
[INFO] 02-20 18:48:23 - Epoch 038/200, loss=1.905505, score=0.545639, time=14.19sec.
[INFO] 02-20 18:48:38 - Epoch 039/200, loss=1.905236, score=0.545970, time=14.13sec.
[INFO] 02-20 18:48:54 - Epoch 040/200, loss=1.904977, score=0.545572, time=14.21sec.
[INFO] 02-20 18:49:04 - eval_scores=[0.5494999885559082]
[INFO] 02-20 18:49:04 - Saved model to saved_models/LeNet_MNIST_Multi_3_easy/checkpoint_040.pt.
[INFO] 02-20 18:49:20 - Epoch 041/200, loss=1.904729, score=0.545871, time=14.56sec.
[INFO] 02-20 18:49:35 - Epoch 042/200, loss=1.904493, score=0.546336, time=14.21sec.
[INFO] 02-20 18:49:51 - Epoch 043/200, loss=1.904267, score=0.547066, time=14.12sec.
[INFO] 02-20 18:50:06 - Epoch 044/200, loss=1.904052, score=0.546966, time=14.09sec.
[INFO] 02-20 18:50:22 - Epoch 045/200, loss=1.903847, score=0.546900, time=14.20sec.
[INFO] 02-20 18:50:32 - eval_scores=[0.5437999963760376]
[INFO] 02-20 18:50:32 - Saved model to saved_models/LeNet_MNIST_Multi_3_easy/checkpoint_045.pt.
[INFO] 02-20 18:50:48 - Epoch 046/200, loss=1.903650, score=0.546966, time=14.32sec.
[INFO] 02-20 18:51:04 - Epoch 047/200, loss=1.903462, score=0.546668, time=14.15sec.
[INFO] 02-20 18:51:19 - Epoch 048/200, loss=1.903281, score=0.546601, time=14.24sec.
[INFO] 02-20 18:51:35 - Epoch 049/200, loss=1.903108, score=0.546966, time=14.11sec.
[INFO] 02-20 18:51:51 - Epoch 050/200, loss=1.902941, score=0.546767, time=14.10sec.
[INFO] 02-20 18:52:01 - eval_scores=[0.5378999710083008]
[INFO] 02-20 18:52:01 - Saved model to saved_models/LeNet_MNIST_Multi_3_easy/checkpoint_050.pt.
[INFO] 02-20 18:52:17 - Epoch 051/200, loss=1.902779, score=0.546535, time=14.19sec.
[INFO] 02-20 18:52:33 - Epoch 052/200, loss=1.902623, score=0.546136, time=14.24sec.
[INFO] 02-20 18:52:49 - Epoch 053/200, loss=1.902472, score=0.546170, time=14.16sec.
[INFO] 02-20 18:53:05 - Epoch 054/200, loss=1.902329, score=0.546302, time=14.21sec.
[INFO] 02-20 18:53:21 - Epoch 055/200, loss=1.902190, score=0.546136, time=14.54sec.
[INFO] 02-20 18:53:31 - eval_scores=[0.5335000157356262]
[INFO] 02-20 18:53:31 - Saved model to saved_models/LeNet_MNIST_Multi_3_easy/checkpoint_055.pt.
[INFO] 02-20 18:53:47 - Epoch 056/200, loss=1.902057, score=0.546269, time=14.17sec.
[INFO] 02-20 18:54:03 - Epoch 057/200, loss=1.901929, score=0.546535, time=14.22sec.
[INFO] 02-20 18:54:20 - Epoch 058/200, loss=1.901805, score=0.546634, time=14.38sec.
[INFO] 02-20 18:54:36 - Epoch 059/200, loss=1.901687, score=0.546701, time=14.18sec.
[INFO] 02-20 18:54:52 - Epoch 060/200, loss=1.901573, score=0.546767, time=14.69sec.
[INFO] 02-20 18:55:02 - eval_scores=[0.5327999591827393]
[INFO] 02-20 18:55:02 - Saved model to saved_models/LeNet_MNIST_Multi_3_easy/checkpoint_060.pt.
[INFO] 02-20 18:55:19 - Epoch 061/200, loss=1.901464, score=0.546634, time=14.27sec.
[INFO] 02-20 18:55:35 - Epoch 062/200, loss=1.901359, score=0.546336, time=14.31sec.
[INFO] 02-20 18:55:51 - Epoch 063/200, loss=1.901258, score=0.546668, time=14.41sec.
[INFO] 02-20 18:56:08 - Epoch 064/200, loss=1.901160, score=0.546966, time=14.26sec.
[INFO] 02-20 18:56:24 - Epoch 065/200, loss=1.901064, score=0.546734, time=14.59sec.
[INFO] 02-20 18:56:34 - eval_scores=[0.5335000157356262]
[INFO] 02-20 18:56:34 - Saved model to saved_models/LeNet_MNIST_Multi_3_easy/checkpoint_065.pt.
[INFO] 02-20 18:56:51 - Epoch 066/200, loss=1.900971, score=0.546767, time=14.04sec.
[INFO] 02-20 18:57:07 - Epoch 067/200, loss=1.900880, score=0.546701, time=14.11sec.
[INFO] 02-20 18:57:23 - Epoch 068/200, loss=1.900792, score=0.546767, time=14.18sec.
[INFO] 02-20 18:57:40 - Epoch 069/200, loss=1.900708, score=0.547232, time=14.18sec.
[INFO] 02-20 18:57:56 - Epoch 070/200, loss=1.900626, score=0.546834, time=14.37sec.
[INFO] 02-20 18:58:07 - eval_scores=[0.5343999862670898]
[INFO] 02-20 18:58:07 - Saved model to saved_models/LeNet_MNIST_Multi_3_easy/checkpoint_070.pt.
[INFO] 02-20 18:58:24 - Epoch 071/200, loss=1.900547, score=0.546568, time=14.45sec.
[INFO] 02-20 18:58:40 - Epoch 072/200, loss=1.900471, score=0.546369, time=13.95sec.
[INFO] 02-20 18:58:56 - Epoch 073/200, loss=1.900397, score=0.546468, time=13.97sec.
[INFO] 02-20 18:59:13 - Epoch 074/200, loss=1.900325, score=0.546568, time=14.44sec.
[INFO] 02-20 18:59:30 - Epoch 075/200, loss=1.900256, score=0.546634, time=14.11sec.
[INFO] 02-20 18:59:40 - eval_scores=[0.5360999703407288]
[INFO] 02-20 18:59:40 - Saved model to saved_models/LeNet_MNIST_Multi_3_easy/checkpoint_075.pt.
[INFO] 02-20 18:59:56 - Epoch 076/200, loss=1.900188, score=0.546800, time=13.92sec.
[INFO] 02-20 19:00:13 - Epoch 077/200, loss=1.900122, score=0.546900, time=14.03sec.
[INFO] 02-20 19:00:29 - Epoch 078/200, loss=1.900057, score=0.546767, time=13.94sec.
[INFO] 02-20 19:00:47 - Epoch 079/200, loss=1.899993, score=0.546933, time=14.74sec.
[INFO] 02-20 19:01:03 - Epoch 080/200, loss=1.899929, score=0.547033, time=14.11sec.
[INFO] 02-20 19:01:13 - eval_scores=[0.5353999733924866]
[INFO] 02-20 19:01:13 - Saved model to saved_models/LeNet_MNIST_Multi_3_easy/checkpoint_080.pt.
[INFO] 02-20 19:01:30 - Epoch 081/200, loss=1.899866, score=0.546834, time=14.04sec.
[INFO] 02-20 19:01:46 - Epoch 082/200, loss=1.899805, score=0.546900, time=14.05sec.
[INFO] 02-20 19:02:03 - Epoch 083/200, loss=1.899746, score=0.546933, time=13.98sec.
[INFO] 02-20 19:02:21 - Epoch 084/200, loss=1.899689, score=0.546767, time=14.36sec.
[INFO] 02-20 19:02:38 - Epoch 085/200, loss=1.899633, score=0.546867, time=13.94sec.
[INFO] 02-20 19:02:48 - eval_scores=[0.5375999808311462]
[INFO] 02-20 19:02:48 - Saved model to saved_models/LeNet_MNIST_Multi_3_easy/checkpoint_085.pt.
[INFO] 02-20 19:03:05 - Epoch 086/200, loss=1.899579, score=0.546767, time=14.07sec.
[INFO] 02-20 19:03:22 - Epoch 087/200, loss=1.899525, score=0.546900, time=14.07sec.
[INFO] 02-20 19:03:39 - Epoch 088/200, loss=1.899472, score=0.547033, time=14.31sec.
[INFO] 02-20 19:03:56 - Epoch 089/200, loss=1.899420, score=0.546999, time=14.17sec.
[INFO] 02-20 19:04:13 - Epoch 090/200, loss=1.899370, score=0.546900, time=13.82sec.
[INFO] 02-20 19:04:23 - eval_scores=[0.5394999980926514]
[INFO] 02-20 19:04:23 - Saved model to saved_models/LeNet_MNIST_Multi_3_easy/checkpoint_090.pt.
[INFO] 02-20 19:04:40 - Epoch 091/200, loss=1.899322, score=0.546701, time=14.01sec.
[INFO] 02-20 19:04:57 - Epoch 092/200, loss=1.899275, score=0.547099, time=13.78sec.
[INFO] 02-20 19:05:15 - Epoch 093/200, loss=1.899230, score=0.546933, time=14.90sec.
[INFO] 02-20 19:05:32 - Epoch 094/200, loss=1.899186, score=0.546999, time=14.01sec.
[INFO] 02-20 19:05:49 - Epoch 095/200, loss=1.899143, score=0.546900, time=13.75sec.
[INFO] 02-20 19:05:59 - eval_scores=[0.5406000018119812]
[INFO] 02-20 19:05:59 - Saved model to saved_models/LeNet_MNIST_Multi_3_easy/checkpoint_095.pt.
[INFO] 02-20 19:06:19 - Epoch 096/200, loss=1.899098, score=0.546568, time=16.63sec.
[INFO] 02-20 19:06:40 - Epoch 097/200, loss=1.899052, score=0.546734, time=16.49sec.
[INFO] 02-20 19:07:00 - Epoch 098/200, loss=1.899004, score=0.546900, time=16.96sec.
[INFO] 02-20 19:07:21 - Epoch 099/200, loss=1.898957, score=0.546800, time=16.94sec.
[INFO] 02-20 19:07:40 - Epoch 100/200, loss=1.898911, score=0.546933, time=15.33sec.
[INFO] 02-20 19:07:52 - eval_scores=[0.5435999631881714]
[INFO] 02-20 19:07:52 - Saved model to saved_models/LeNet_MNIST_Multi_3_easy/checkpoint_100.pt.
[INFO] 02-20 19:08:12 - Epoch 101/200, loss=1.898868, score=0.547630, time=16.57sec.
[INFO] 02-20 19:08:32 - Epoch 102/200, loss=1.898827, score=0.547630, time=16.41sec.
[INFO] 02-20 19:08:52 - Epoch 103/200, loss=1.898788, score=0.548228, time=16.90sec.
[INFO] 02-20 19:09:13 - Epoch 104/200, loss=1.898751, score=0.548526, time=16.86sec.
[INFO] 02-20 19:09:33 - Epoch 105/200, loss=1.898714, score=0.548460, time=16.80sec.
[INFO] 02-20 19:09:45 - eval_scores=[0.5457000136375427]
[INFO] 02-20 19:09:45 - Saved model to saved_models/LeNet_MNIST_Multi_3_easy/checkpoint_105.pt.
[INFO] 02-20 19:10:05 - Epoch 106/200, loss=1.898678, score=0.548161, time=16.37sec.
[INFO] 02-20 19:10:25 - Epoch 107/200, loss=1.898643, score=0.548393, time=16.38sec.
[INFO] 02-20 19:10:46 - Epoch 108/200, loss=1.898608, score=0.548294, time=16.71sec.
[INFO] 02-20 19:11:06 - Epoch 109/200, loss=1.898574, score=0.548261, time=16.49sec.
[INFO] 02-20 19:11:27 - Epoch 110/200, loss=1.898541, score=0.548360, time=16.59sec.
[INFO] 02-20 19:11:40 - eval_scores=[0.5482000112533569]
[INFO] 02-20 19:11:40 - Saved model to saved_models/LeNet_MNIST_Multi_3_easy/checkpoint_110.pt.
[INFO] 02-20 19:12:00 - Epoch 111/200, loss=1.898510, score=0.548194, time=16.46sec.
[INFO] 02-20 19:12:20 - Epoch 112/200, loss=1.898479, score=0.548460, time=16.52sec.
[INFO] 02-20 19:12:41 - Epoch 113/200, loss=1.898450, score=0.548460, time=16.67sec.
[INFO] 02-20 19:13:01 - Epoch 114/200, loss=1.898421, score=0.548692, time=16.44sec.
[INFO] 02-20 19:13:21 - Epoch 115/200, loss=1.898393, score=0.548725, time=16.59sec.
[INFO] 02-20 19:13:34 - eval_scores=[0.5496000051498413]
[INFO] 02-20 19:13:34 - Saved model to saved_models/LeNet_MNIST_Multi_3_easy/checkpoint_115.pt.
[INFO] 02-20 19:13:55 - Epoch 116/200, loss=1.898365, score=0.548626, time=16.74sec.
[INFO] 02-20 19:14:16 - Epoch 117/200, loss=1.898336, score=0.548559, time=16.78sec.
[INFO] 02-20 19:14:37 - Epoch 118/200, loss=1.898306, score=0.548626, time=16.49sec.
[INFO] 02-20 19:14:58 - Epoch 119/200, loss=1.898276, score=0.548792, time=16.37sec.
[INFO] 02-20 19:15:18 - Epoch 120/200, loss=1.898247, score=0.549257, time=16.47sec.
[INFO] 02-20 19:15:30 - eval_scores=[0.5501999855041504]
[INFO] 02-20 19:15:30 - Saved model to saved_models/LeNet_MNIST_Multi_3_easy/checkpoint_120.pt.
[INFO] 02-20 19:15:51 - Epoch 121/200, loss=1.898220, score=0.549257, time=16.36sec.
[INFO] 02-20 19:16:12 - Epoch 122/200, loss=1.898193, score=0.549356, time=16.56sec.
[INFO] 02-20 19:16:32 - Epoch 123/200, loss=1.898168, score=0.549422, time=16.17sec.
[INFO] 02-20 19:16:53 - Epoch 124/200, loss=1.898143, score=0.549456, time=16.37sec.
[INFO] 02-20 19:17:14 - Epoch 125/200, loss=1.898119, score=0.549389, time=16.38sec.
[INFO] 02-20 19:17:26 - eval_scores=[0.5493999719619751]
[INFO] 02-20 19:17:26 - Saved model to saved_models/LeNet_MNIST_Multi_3_easy/checkpoint_125.pt.
[INFO] 02-20 19:17:46 - Epoch 126/200, loss=1.898096, score=0.549522, time=16.41sec.
[INFO] 02-20 19:18:07 - Epoch 127/200, loss=1.898075, score=0.549456, time=16.82sec.
[INFO] 02-20 19:18:28 - Epoch 128/200, loss=1.898055, score=0.549555, time=16.45sec.
[INFO] 02-20 19:18:49 - Epoch 129/200, loss=1.898035, score=0.549456, time=16.54sec.
[INFO] 02-20 19:19:10 - Epoch 130/200, loss=1.898015, score=0.549522, time=16.45sec.
[INFO] 02-20 19:19:22 - eval_scores=[0.5503000020980835]
[INFO] 02-20 19:19:22 - Saved model to saved_models/LeNet_MNIST_Multi_3_easy/checkpoint_130.pt.
[INFO] 02-20 19:19:43 - Epoch 131/200, loss=1.897997, score=0.549555, time=16.38sec.
[INFO] 02-20 19:20:05 - Epoch 132/200, loss=1.897978, score=0.549588, time=16.83sec.
[INFO] 02-20 19:20:26 - Epoch 133/200, loss=1.897960, score=0.549655, time=16.79sec.
[INFO] 02-20 19:20:48 - Epoch 134/200, loss=1.897943, score=0.549622, time=16.84sec.
[INFO] 02-20 19:21:09 - Epoch 135/200, loss=1.897926, score=0.549622, time=16.80sec.
[INFO] 02-20 19:21:21 - eval_scores=[0.5496000051498413]
[INFO] 02-20 19:21:21 - Saved model to saved_models/LeNet_MNIST_Multi_3_easy/checkpoint_135.pt.
[INFO] 02-20 19:21:42 - Epoch 136/200, loss=1.897909, score=0.549754, time=16.37sec.
[INFO] 02-20 19:22:03 - Epoch 137/200, loss=1.897892, score=0.549622, time=16.56sec.
[INFO] 02-20 19:22:25 - Epoch 138/200, loss=1.897875, score=0.549920, time=16.60sec.
[INFO] 02-20 19:22:46 - Epoch 139/200, loss=1.897859, score=0.549920, time=16.39sec.
[INFO] 02-20 19:23:07 - Epoch 140/200, loss=1.897844, score=0.549821, time=16.47sec.
[INFO] 02-20 19:23:20 - eval_scores=[0.5475000143051147]
[INFO] 02-20 19:23:20 - Saved model to saved_models/LeNet_MNIST_Multi_3_easy/checkpoint_140.pt.
[INFO] 02-20 19:23:41 - Epoch 141/200, loss=1.897829, score=0.549788, time=16.33sec.
[INFO] 02-20 19:24:03 - Epoch 142/200, loss=1.897813, score=0.549854, time=16.51sec.
[INFO] 02-20 19:24:23 - Epoch 143/200, loss=1.897798, score=0.549821, time=15.88sec.
[INFO] 02-20 19:24:45 - Epoch 144/200, loss=1.897782, score=0.549721, time=16.32sec.
[INFO] 02-20 19:25:06 - Epoch 145/200, loss=1.897765, score=0.549588, time=16.35sec.
[INFO] 02-20 19:25:18 - eval_scores=[0.545199990272522]
[INFO] 02-20 19:25:18 - Saved model to saved_models/LeNet_MNIST_Multi_3_easy/checkpoint_145.pt.
[INFO] 02-20 19:25:40 - Epoch 146/200, loss=1.897748, score=0.549754, time=16.71sec.
[INFO] 02-20 19:26:02 - Epoch 147/200, loss=1.897731, score=0.549622, time=16.46sec.
[INFO] 02-20 19:26:23 - Epoch 148/200, loss=1.897712, score=0.549555, time=16.19sec.
[INFO] 02-20 19:26:44 - Epoch 149/200, loss=1.897693, score=0.549854, time=16.28sec.
[INFO] 02-20 19:27:05 - Epoch 150/200, loss=1.897676, score=0.549954, time=16.28sec.
[INFO] 02-20 19:27:18 - eval_scores=[0.5468999743461609]
[INFO] 02-20 19:27:18 - Saved model to saved_models/LeNet_MNIST_Multi_3_easy/checkpoint_150.pt.
[INFO] 02-20 19:27:40 - Epoch 151/200, loss=1.897661, score=0.549887, time=16.80sec.
[INFO] 02-20 19:28:02 - Epoch 152/200, loss=1.897646, score=0.549987, time=16.36sec.
[INFO] 02-20 19:28:24 - Epoch 153/200, loss=1.897632, score=0.549754, time=16.08sec.
[INFO] 02-20 19:28:45 - Epoch 154/200, loss=1.897619, score=0.549887, time=16.25sec.
[INFO] 02-20 19:29:07 - Epoch 155/200, loss=1.897606, score=0.549887, time=16.21sec.
[INFO] 02-20 19:29:19 - eval_scores=[0.5464000105857849]
[INFO] 02-20 19:29:19 - Saved model to saved_models/LeNet_MNIST_Multi_3_easy/checkpoint_155.pt.
[INFO] 02-20 19:29:41 - Epoch 156/200, loss=1.897594, score=0.550119, time=16.80sec.
[INFO] 02-20 19:30:03 - Epoch 157/200, loss=1.897581, score=0.550418, time=16.26sec.
[INFO] 02-20 19:30:24 - Epoch 158/200, loss=1.897565, score=0.550783, time=16.43sec.
[INFO] 02-20 19:30:47 - Epoch 159/200, loss=1.897545, score=0.550651, time=16.42sec.
[INFO] 02-20 19:31:09 - Epoch 160/200, loss=1.897526, score=0.550219, time=16.30sec.
[INFO] 02-20 19:31:21 - eval_scores=[0.5453999638557434]
[INFO] 02-20 19:31:21 - Saved model to saved_models/LeNet_MNIST_Multi_3_easy/checkpoint_160.pt.
[INFO] 02-20 19:31:43 - Epoch 161/200, loss=1.897510, score=0.550252, time=16.87sec.
[INFO] 02-20 19:32:05 - Epoch 162/200, loss=1.897495, score=0.550153, time=16.48sec.
[INFO] 02-20 19:32:27 - Epoch 163/200, loss=1.897482, score=0.550186, time=16.54sec.
[INFO] 02-20 19:32:50 - Epoch 164/200, loss=1.897469, score=0.549887, time=16.53sec.
[INFO] 02-20 19:33:12 - Epoch 165/200, loss=1.897457, score=0.549987, time=16.75sec.
[INFO] 02-20 19:33:24 - eval_scores=[0.5449999570846558]
[INFO] 02-20 19:33:24 - Saved model to saved_models/LeNet_MNIST_Multi_3_easy/checkpoint_165.pt.
[INFO] 02-20 19:33:47 - Epoch 166/200, loss=1.897443, score=0.550020, time=16.81sec.
[INFO] 02-20 19:34:09 - Epoch 167/200, loss=1.897429, score=0.549954, time=16.82sec.
[INFO] 02-20 19:34:32 - Epoch 168/200, loss=1.897415, score=0.550053, time=16.81sec.
[INFO] 02-20 19:34:55 - Epoch 169/200, loss=1.897402, score=0.549987, time=16.79sec.
[INFO] 02-20 19:35:17 - Epoch 170/200, loss=1.897388, score=0.549887, time=16.65sec.
[INFO] 02-20 19:35:29 - eval_scores=[0.5455999970436096]
[INFO] 02-20 19:35:29 - Saved model to saved_models/LeNet_MNIST_Multi_3_easy/checkpoint_170.pt.
[INFO] 02-20 19:35:52 - Epoch 171/200, loss=1.897375, score=0.549622, time=16.75sec.
[INFO] 02-20 19:36:14 - Epoch 172/200, loss=1.897364, score=0.549721, time=16.46sec.
[INFO] 02-20 19:36:37 - Epoch 173/200, loss=1.897354, score=0.549920, time=16.39sec.
[INFO] 02-20 19:36:59 - Epoch 174/200, loss=1.897344, score=0.549655, time=16.28sec.
[INFO] 02-20 19:37:21 - Epoch 175/200, loss=1.897335, score=0.549854, time=16.23sec.
[INFO] 02-20 19:37:34 - eval_scores=[0.5454999804496765]
[INFO] 02-20 19:37:34 - Saved model to saved_models/LeNet_MNIST_Multi_3_easy/checkpoint_175.pt.
[INFO] 02-20 19:37:57 - Epoch 176/200, loss=1.897326, score=0.549655, time=16.12sec.
[INFO] 02-20 19:38:19 - Epoch 177/200, loss=1.897317, score=0.549655, time=16.08sec.
[INFO] 02-20 19:38:41 - Epoch 178/200, loss=1.897309, score=0.549522, time=16.10sec.
[INFO] 02-20 19:39:03 - Epoch 179/200, loss=1.897301, score=0.549788, time=16.11sec.
[INFO] 02-20 19:39:26 - Epoch 180/200, loss=1.897293, score=0.549754, time=16.21sec.
[INFO] 02-20 19:39:39 - eval_scores=[0.5453999638557434]
[INFO] 02-20 19:39:39 - Saved model to saved_models/LeNet_MNIST_Multi_3_easy/checkpoint_180.pt.
[INFO] 02-20 19:40:01 - Epoch 181/200, loss=1.897286, score=0.549655, time=16.19sec.
[INFO] 02-20 19:40:23 - Epoch 182/200, loss=1.897278, score=0.549588, time=16.15sec.
[INFO] 02-20 19:40:45 - Epoch 183/200, loss=1.897270, score=0.549622, time=15.90sec.
[INFO] 02-20 19:41:08 - Epoch 184/200, loss=1.897262, score=0.549788, time=16.08sec.
[INFO] 02-20 19:41:31 - Epoch 185/200, loss=1.897253, score=0.549456, time=16.06sec.
[INFO] 02-20 19:41:43 - eval_scores=[0.5449999570846558]
[INFO] 02-20 19:41:43 - Saved model to saved_models/LeNet_MNIST_Multi_3_easy/checkpoint_185.pt.
[INFO] 02-20 19:42:06 - Epoch 186/200, loss=1.897245, score=0.549124, time=16.09sec.
[INFO] 02-20 19:42:28 - Epoch 187/200, loss=1.897236, score=0.549024, time=16.23sec.
[INFO] 02-20 19:42:51 - Epoch 188/200, loss=1.897226, score=0.548891, time=16.09sec.
[INFO] 02-20 19:43:13 - Epoch 189/200, loss=1.897216, score=0.548858, time=16.06sec.
[INFO] 02-20 19:43:36 - Epoch 190/200, loss=1.897207, score=0.548958, time=15.99sec.
[INFO] 02-20 19:43:49 - eval_scores=[0.5454999804496765]
[INFO] 02-20 19:43:49 - Saved model to saved_models/LeNet_MNIST_Multi_3_easy/checkpoint_190.pt.
[INFO] 02-20 19:44:12 - Epoch 191/200, loss=1.897199, score=0.548958, time=16.26sec.
[INFO] 02-20 19:44:34 - Epoch 192/200, loss=1.897191, score=0.548925, time=15.98sec.
[INFO] 02-20 19:44:57 - Epoch 193/200, loss=1.897184, score=0.549157, time=16.20sec.
[INFO] 02-20 19:45:20 - Epoch 194/200, loss=1.897177, score=0.549057, time=16.19sec.
[INFO] 02-20 19:45:43 - Epoch 195/200, loss=1.897170, score=0.549157, time=16.14sec.
[INFO] 02-20 19:45:55 - eval_scores=[0.5455999970436096]
[INFO] 02-20 19:45:55 - Saved model to saved_models/LeNet_MNIST_Multi_3_easy/checkpoint_195.pt.
[INFO] 02-20 19:46:19 - Epoch 196/200, loss=1.897164, score=0.549223, time=16.34sec.
[INFO] 02-20 19:46:42 - Epoch 197/200, loss=1.897157, score=0.549057, time=16.39sec.
[INFO] 02-20 19:47:06 - Epoch 198/200, loss=1.897151, score=0.549091, time=16.38sec.
[INFO] 02-20 19:47:29 - Epoch 199/200, loss=1.897145, score=0.549290, time=16.59sec.
[INFO] 02-20 19:47:53 - Epoch 200/200, loss=1.897140, score=0.549124, time=16.77sec.
[INFO] 02-20 19:48:06 - eval_scores=[0.5454999804496765]
[INFO] 02-20 19:48:06 - Saved model to saved_models/LeNet_MNIST_Multi_3_easy/checkpoint_200.pt.
